#
# A fatal error has been detected by the Java Runtime Environment:
#
#  EXCEPTION_ACCESS_VIOLATION (0xc0000005) at pc=0x00007ffbf99fc5c5, pid=8072, tid=12132
#
# JRE version: Java(TM) SE Runtime Environment (12.0.1+12) (build 12.0.1+12)
# Java VM: Java HotSpot(TM) 64-Bit Server VM (12.0.1+12, mixed mode, sharing, tiered, compressed oops, g1 gc, windows-amd64)
# Problematic frame:
# V  [jvm.dll+0x5ec5c5]
#
# No core dump will be written. Minidumps are not enabled by default on client versions of Windows
#
# If you would like to submit a bug report, please visit:
#   http://bugreport.java.com/bugreport/crash.jsp
#

---------------  S U M M A R Y ------------

Command Line: -Dfile.encoding=UTF-8 -agentpath:I:/Portable_programs/netbeans-11.0-bin/netbeans/profiler/lib/deployed/jdk16/windows-amd64/profilerinterface.dll=I:\Portable_programs\netbeans-11.0-bin\netbeans\profiler\lib,5140,10 -XX:+HeapDumpOnOutOfMemoryError -XX:HeapDumpPath=I:\JavaProjects\VideoVLC\nbproject\private\profiler --module-path=I:\JavaProjects\VideoVLC\build\classes ru.Main

Host: Intel(R) Core(TM) i5-4200M CPU @ 2.50GHz, 4 cores, 7G,  Windows 8.1 , 64 bit Build 9600 (6.3.9600.17415)
Time: Sun Nov 24 12:15:44 2019 RTZ 2 (ceia) elapsed time: 2 seconds (0d 0h 0m 2s)

---------------  T H R E A D  ---------------

Current thread (0x0000004066378800):  JavaThread "*** Profiler Agent Communication Thread" daemon [_thread_in_vm, id=12132, stack(0x00000040677d0000,0x00000040678d0000)]

Stack: [0x00000040677d0000,0x00000040678d0000],  sp=0x00000040678ce8b0,  free space=1018k
Native frames: (J=compiled Java code, j=interpreted, Vv=VM code, C=native code)
V  [jvm.dll+0x5ec5c5]
V  [jvm.dll+0x4b3c84]
C  [profilerinterface.dll+0x34da]

Java frames: (J=compiled Java code, j=interpreted, Vv=VM code)
j  org.netbeans.lib.profiler.server.system.Stacks.getMethodNamesForJMethodIds(I[I[I)[B+0
j  org.netbeans.lib.profiler.server.ProfilerInterface.getMethodNamesForJMethodIds([I)Lorg/netbeans/lib/profiler/wireprotocol/MethodNamesResponse;+20
j  org.netbeans.lib.profiler.server.ProfilerServer.handleClientCommand(Lorg/netbeans/lib/profiler/wireprotocol/Command;)V+691
j  org.netbeans.lib.profiler.server.ProfilerServer.listenToClient()V+48
j  org.netbeans.lib.profiler.server.ProfilerServer.run()V+22
v  ~StubRoutines::call_stub

siginfo: EXCEPTION_ACCESS_VIOLATION (0xc0000005), reading address 0x00000000674ebe08


Register to memory mapping:

RIP=0x00007ffbf99fc5c5 jvm.dll
RAX=0x00000040678ce901 is pointing into the stack for thread: 0x0000004066378800
RBX=0x0000004066378800 is a thread
RCX=0x00000000674ebe08 is an unknown value
RDX=0x0000004066378800 is a thread
RSP=0x00000040678ce8b0 is pointing into the stack for thread: 0x0000004066378800
RBP=0x00000000674ebe08 is an unknown value
RSI=0x00000040678ce9d0 is pointing into the stack for thread: 0x0000004066378800
RDI=0x000000404485bbc0 points into unknown readable memory: c0 04 e3 f9 fb 7f 00 00
R8 =0x00000040678ce9d0 is pointing into the stack for thread: 0x0000004066378800
R9 =0x000000406a660000 is pointing into the stack for thread: 0x0000004067339000
R10=0x00007ffc2cc757d0 ntdll.dll
R11=0x00000040678ce8a8 is pointing into the stack for thread: 0x0000004066378800
R12=0x000000406a898420 points into unknown readable memory: 08 be 4e 27 e8 66 2d 27
R13=0x0000000000000232 is an unknown value
R14=0x00007ffc1e599c68 profilerinterface.dll
R15=0x00007ffc1e599a60 profilerinterface.dll


Registers:
RAX=0x00000040678ce901, RBX=0x0000004066378800, RCX=0x00000000674ebe08, RDX=0x0000004066378800
RSP=0x00000040678ce8b0, RBP=0x00000000674ebe08, RSI=0x00000040678ce9d0, RDI=0x000000404485bbc0
R8 =0x00000040678ce9d0, R9 =0x000000406a660000, R10=0x00007ffc2cc757d0, R11=0x00000040678ce8a8
R12=0x000000406a898420, R13=0x0000000000000232, R14=0x00007ffc1e599c68, R15=0x00007ffc1e599a60
RIP=0x00007ffbf99fc5c5, EFLAGS=0x0000000000010202

Top of Stack: (sp=0x00000040678ce8b0)
0x00000040678ce8b0:   0000004066378800 00007ffbf97f5bf3
0x00000040678ce8c0:   0000004066378800 000000406a898420
0x00000040678ce8d0:   0000004066378800 00007ffbf98c3c84
0x00000040678ce8e0:   0000000000000232 0000004066378800
0x00000040678ce8f0:   00000000000057d0 00007ffc2a8e1d76
0x00000040678ce900:   0000004066378800 0000000000000000
0x00000040678ce910:   0000000000000000 0000000000000000
0x00000040678ce920:   00000000674ebe08 00007ffc1e5934da
0x00000040678ce930:   0000000000000000 0000004066378b30
0x00000040678ce940:   0000000000200021 00000040678cea80
0x00000040678ce950:   000000406a898420 00007ffbf97a68c3
0x00000040678ce960:   00000040678cef90 0000000000200021
0x00000040678ce970:   0000000000200021 000000404f41635b
0x00000040678ce980:   0000004065b644d8 0000004066378800
0x00000040678ce990:   0000004066378800 0000004065b644d8
0x00000040678ce9a0:   0000000000000000 000000404f3c9880 

Instructions: (pc=0x00007ffbf99fc5c5)
0x00007ffbf99fc5a5:   cc cc cc cc cc cc cc cc cc cc cc 48 83 ec 28 48
0x00007ffbf99fc5b5:   85 c9 75 07 33 c0 48 83 c4 28 c3 48 89 5c 24 20
0x00007ffbf99fc5c5:   48 8b 19 48 85 db 74 20 48 83 fb 37 74 1a 48 8b
0x00007ffbf99fc5d5:   13 48 8b cb ff 52 10 84 c0 74 0d 48 8b c3 48 8b 


Stack slot to memory mapping:
stack at sp + 0 slots: 0x0000004066378800 is a thread
stack at sp + 1 slots: 0x00007ffbf97f5bf3 jvm.dll
stack at sp + 2 slots: 0x0000004066378800 is a thread
stack at sp + 3 slots: 0x000000406a898420 points into unknown readable memory: 08 be 4e 27 e8 66 2d 27
stack at sp + 4 slots: 0x0000004066378800 is a thread
stack at sp + 5 slots: 0x00007ffbf98c3c84 jvm.dll
stack at sp + 6 slots: 0x0000000000000232 is an unknown value
stack at sp + 7 slots: 0x0000004066378800 is a thread


---------------  P R O C E S S  ---------------

Threads class SMR info:
_java_thread_list=0x0000004067689230, length=20, elements={
0x0000004065ff6000, 0x0000004065ff7800, 0x0000004066017000, 0x000000406601a000,
0x000000406601d000, 0x0000004066023800, 0x0000004066025000, 0x0000004066145000,
0x0000004066378800, 0x00000040663ee800, 0x0000004067050800, 0x00000040672a5000,
0x00000040672a2000, 0x000000406765b000, 0x0000004067664000, 0x0000004067667800,
0x0000004067775000, 0x000000404701f800, 0x0000004067339000, 0x000000406732b000
}

Java Threads: ( => current thread )
  0x0000004065ff6000 JavaThread "Reference Handler" daemon [_thread_blocked, id=80, stack(0x00000040664f0000,0x00000040665f0000)]
  0x0000004065ff7800 JavaThread "Finalizer" daemon [_thread_blocked, id=3756, stack(0x00000040665f0000,0x00000040666f0000)]
  0x0000004066017000 JavaThread "Signal Dispatcher" daemon [_thread_blocked, id=10960, stack(0x00000040667d0000,0x00000040668d0000)]
  0x000000406601a000 JavaThread "Attach Listener" daemon [_thread_blocked, id=2284, stack(0x00000040668d0000,0x00000040669d0000)]
  0x000000406601d000 JavaThread "C2 CompilerThread0" daemon [_thread_blocked, id=5500, stack(0x00000040669d0000,0x0000004066ad0000)]
  0x0000004066023800 JavaThread "C1 CompilerThread0" daemon [_thread_blocked, id=14292, stack(0x0000004066ad0000,0x0000004066bd0000)]
  0x0000004066025000 JavaThread "Sweeper thread" daemon [_thread_blocked, id=12232, stack(0x0000004066bd0000,0x0000004066cd0000)]
  0x0000004066145000 JavaThread "Common-Cleaner" daemon [_thread_blocked, id=4712, stack(0x0000004066cd0000,0x0000004066dd0000)]
=>0x0000004066378800 JavaThread "*** Profiler Agent Communication Thread" daemon [_thread_in_vm, id=12132, stack(0x00000040677d0000,0x00000040678d0000)]
  0x00000040663ee800 JavaThread "*** JFluid Monitor thread ***" daemon [_thread_blocked, id=7016, stack(0x0000004067ad0000,0x0000004067bd0000)]
  0x0000004067050800 JavaThread "*** Profiler Agent Special Execution Thread 6" daemon [_thread_blocked, id=13844, stack(0x0000004067bd0000,0x0000004067cd0000)]
  0x00000040672a5000 JavaThread "*** Profiler Agent Special Execution Thread 10" daemon [_thread_blocked, id=3084, stack(0x0000004068200000,0x0000004068300000)]
  0x00000040672a2000 JavaThread "Service Thread" daemon [_thread_blocked, id=5016, stack(0x0000004066dd0000,0x0000004066ed0000)]
  0x000000406765b000 JavaThread "Java2D Disposer" daemon [_thread_blocked, id=12400, stack(0x00000040684f0000,0x00000040685f0000)]
  0x0000004067664000 JavaThread "AWT-Shutdown" [_thread_blocked, id=2384, stack(0x00000040685f0000,0x00000040686f0000)]
  0x0000004067667800 JavaThread "AWT-Windows" daemon [_thread_in_native, id=10032, stack(0x00000040686f0000,0x00000040687f0000)]
  0x0000004067775000 JavaThread "AWT-EventQueue-0" [_thread_blocked, id=9328, stack(0x0000004069950000,0x0000004069a50000)]
  0x000000404701f800 JavaThread "DestroyJavaVM" [_thread_blocked, id=1256, stack(0x0000004044860000,0x0000004044960000)]
  0x0000004067339000 JavaThread "Image Fetcher 0" daemon [_thread_blocked, id=11840, stack(0x000000406a560000,0x000000406a660000)]
  0x000000406732b000 JavaThread "C2 CompilerThread1" daemon [_thread_blocked, id=2004, stack(0x000000406b060000,0x000000406b160000)]

Other Threads:
  0x0000004065ff1000 VMThread "VM Thread" [stack: 0x00000040663f0000,0x00000040664f0000] [id=6724]
  0x00000040672a8000 WatcherThread [stack: 0x0000004068300000,0x0000004068400000] [id=6656]
  0x000000404705d000 GCTaskThread "GC Thread#0" [stack: 0x0000004046e00000,0x0000004046f00000] [id=9320]
  0x0000004068ae5800 GCTaskThread "GC Thread#1" [stack: 0x0000004069e60000,0x0000004069f60000] [id=8268]
  0x0000004068ae6800 GCTaskThread "GC Thread#2" [stack: 0x0000004069f60000,0x000000406a060000] [id=1380]
  0x0000004068ae5000 GCTaskThread "GC Thread#3" [stack: 0x000000406a060000,0x000000406a160000] [id=4688]
  0x000000404706b800 ConcurrentGCThread "G1 Main Marker" [stack: 0x0000004062db0000,0x0000004062eb0000] [id=11668]
  0x000000404706d800 ConcurrentGCThread "G1 Conc#0" [stack: 0x0000004062eb0000,0x0000004062fb0000] [id=7328]
  0x0000004065466000 ConcurrentGCThread "G1 Refine#0" [stack: 0x00000040655f0000,0x00000040656f0000] [id=6048]
  0x000000406624f800 ConcurrentGCThread "G1 Refine#1" [stack: 0x000000406a160000,0x000000406a260000] [id=6508]
  0x0000004067333000 ConcurrentGCThread "G1 Refine#2" [stack: 0x000000406a260000,0x000000406a360000] [id=11376]
  0x0000004065467000 ConcurrentGCThread "G1 Young RemSet Sampling" [stack: 0x00000040656f0000,0x00000040657f0000] [id=9156]

Threads with active compile tasks:
C2 CompilerThread0  1217       4       jdk.internal.org.objectweb.asm.Frame::execute (2305 bytes)
C2 CompilerThread1  1455       4       java.util.regex.Matcher::match (154 bytes)

VM state:synchronizing (normal execution)

VM Mutex/Monitor currently owned by a thread:  ([mutex/lock_event])
[0x000000404701c620] Threads_lock - owner thread: 0x0000004065ff1000

Heap address: 0x0000000083e00000, size: 1986 MB, Compressed Oops mode: 32-bit
Narrow klass base: 0x0000000800000000, Narrow klass shift: 3
Compressed class space size: 1073741824 Address: 0x00000008011a0000

Heap:
 garbage-first heap   total 129024K, used 17156K [0x0000000083e00000, 0x0000000100000000)
  region size 1024K, 9 young (9216K), 1 survivors (1024K)
 Metaspace       used 12842K, capacity 13270K, committed 13440K, reserved 1060864K
  class space    used 1445K, capacity 1626K, committed 1664K, reserved 1048576K
Heap Regions: E=young(eden), S=young(survivor), O=old, HS=humongous(starts), HC=humongous(continues), CS=collection set, F=free, A=archive, TAMS=top-at-mark-start (previous, next)
|   0|0x0000000083e00000, 0x0000000083f00000, 0x0000000083f00000|100%|HS|  |TAMS 0x0000000083e00000, 0x0000000083e00000| Complete 
|   1|0x0000000083f00000, 0x0000000084000000, 0x0000000084000000|100%|HS|  |TAMS 0x0000000083f00000, 0x0000000083f00000| Complete 
|   2|0x0000000084000000, 0x0000000084100000, 0x0000000084100000|100%|HC|  |TAMS 0x0000000084000000, 0x0000000084000000| Complete 
|   3|0x0000000084100000, 0x0000000084200000, 0x0000000084200000|100%| O|  |TAMS 0x0000000084100000, 0x0000000084100000| Untracked 
|   4|0x0000000084200000, 0x0000000084300000, 0x0000000084300000|100%| O|  |TAMS 0x0000000084200000, 0x0000000084200000| Untracked 
|   5|0x0000000084300000, 0x0000000084400000, 0x0000000084400000|100%| O|  |TAMS 0x0000000084300000, 0x0000000084300000| Untracked 
|   6|0x0000000084400000, 0x0000000084500000, 0x0000000084500000|100%| O|  |TAMS 0x0000000084400000, 0x0000000084400000| Untracked 
|   7|0x0000000084500000, 0x0000000084600000, 0x0000000084600000|100%| O|  |TAMS 0x0000000084500000, 0x0000000084500000| Untracked 
|   8|0x0000000084600000, 0x00000000846c1000, 0x0000000084700000| 75%| O|  |TAMS 0x0000000084600000, 0x0000000084600000| Untracked 
|   9|0x0000000084700000, 0x0000000084700000, 0x0000000084800000|  0%| F|  |TAMS 0x0000000084700000, 0x0000000084700000| Untracked 
|  10|0x0000000084800000, 0x0000000084800000, 0x0000000084900000|  0%| F|  |TAMS 0x0000000084800000, 0x0000000084800000| Untracked 
|  11|0x0000000084900000, 0x0000000084900000, 0x0000000084a00000|  0%| F|  |TAMS 0x0000000084900000, 0x0000000084900000| Untracked 
|  12|0x0000000084a00000, 0x0000000084a00000, 0x0000000084b00000|  0%| F|  |TAMS 0x0000000084a00000, 0x0000000084a00000| Untracked 
|  13|0x0000000084b00000, 0x0000000084b00000, 0x0000000084c00000|  0%| F|  |TAMS 0x0000000084b00000, 0x0000000084b00000| Untracked 
|  14|0x0000000084c00000, 0x0000000084c00000, 0x0000000084d00000|  0%| F|  |TAMS 0x0000000084c00000, 0x0000000084c00000| Untracked 
|  15|0x0000000084d00000, 0x0000000084d00000, 0x0000000084e00000|  0%| F|  |TAMS 0x0000000084d00000, 0x0000000084d00000| Untracked 
|  16|0x0000000084e00000, 0x0000000084e00000, 0x0000000084f00000|  0%| F|  |TAMS 0x0000000084e00000, 0x0000000084e00000| Untracked 
|  17|0x0000000084f00000, 0x0000000084f00000, 0x0000000085000000|  0%| F|  |TAMS 0x0000000084f00000, 0x0000000084f00000| Untracked 
|  18|0x0000000085000000, 0x0000000085000000, 0x0000000085100000|  0%| F|  |TAMS 0x0000000085000000, 0x0000000085000000| Untracked 
|  19|0x0000000085100000, 0x0000000085100000, 0x0000000085200000|  0%| F|  |TAMS 0x0000000085100000, 0x0000000085100000| Untracked 
|  20|0x0000000085200000, 0x0000000085200000, 0x0000000085300000|  0%| F|  |TAMS 0x0000000085200000, 0x0000000085200000| Untracked 
|  21|0x0000000085300000, 0x0000000085300000, 0x0000000085400000|  0%| F|  |TAMS 0x0000000085300000, 0x0000000085300000| Untracked 
|  22|0x0000000085400000, 0x0000000085400000, 0x0000000085500000|  0%| F|  |TAMS 0x0000000085400000, 0x0000000085400000| Untracked 
|  23|0x0000000085500000, 0x0000000085500000, 0x0000000085600000|  0%| F|  |TAMS 0x0000000085500000, 0x0000000085500000| Untracked 
|  24|0x0000000085600000, 0x0000000085600000, 0x0000000085700000|  0%| F|  |TAMS 0x0000000085600000, 0x0000000085600000| Untracked 
|  25|0x0000000085700000, 0x0000000085700000, 0x0000000085800000|  0%| F|  |TAMS 0x0000000085700000, 0x0000000085700000| Untracked 
|  26|0x0000000085800000, 0x0000000085800000, 0x0000000085900000|  0%| F|  |TAMS 0x0000000085800000, 0x0000000085800000| Untracked 
|  27|0x0000000085900000, 0x0000000085900000, 0x0000000085a00000|  0%| F|  |TAMS 0x0000000085900000, 0x0000000085900000| Untracked 
|  28|0x0000000085a00000, 0x0000000085a00000, 0x0000000085b00000|  0%| F|  |TAMS 0x0000000085a00000, 0x0000000085a00000| Untracked 
|  29|0x0000000085b00000, 0x0000000085b00000, 0x0000000085c00000|  0%| F|  |TAMS 0x0000000085b00000, 0x0000000085b00000| Untracked 
|  30|0x0000000085c00000, 0x0000000085c00000, 0x0000000085d00000|  0%| F|  |TAMS 0x0000000085c00000, 0x0000000085c00000| Untracked 
|  31|0x0000000085d00000, 0x0000000085d00000, 0x0000000085e00000|  0%| F|  |TAMS 0x0000000085d00000, 0x0000000085d00000| Untracked 
|  32|0x0000000085e00000, 0x0000000085e00000, 0x0000000085f00000|  0%| F|  |TAMS 0x0000000085e00000, 0x0000000085e00000| Untracked 
|  33|0x0000000085f00000, 0x0000000085f00000, 0x0000000086000000|  0%| F|  |TAMS 0x0000000085f00000, 0x0000000085f00000| Untracked 
|  34|0x0000000086000000, 0x0000000086000000, 0x0000000086100000|  0%| F|  |TAMS 0x0000000086000000, 0x0000000086000000| Untracked 
|  35|0x0000000086100000, 0x0000000086100000, 0x0000000086200000|  0%| F|  |TAMS 0x0000000086100000, 0x0000000086100000| Untracked 
|  36|0x0000000086200000, 0x0000000086200000, 0x0000000086300000|  0%| F|  |TAMS 0x0000000086200000, 0x0000000086200000| Untracked 
|  37|0x0000000086300000, 0x0000000086300000, 0x0000000086400000|  0%| F|  |TAMS 0x0000000086300000, 0x0000000086300000| Untracked 
|  38|0x0000000086400000, 0x0000000086400000, 0x0000000086500000|  0%| F|  |TAMS 0x0000000086400000, 0x0000000086400000| Untracked 
|  39|0x0000000086500000, 0x0000000086500000, 0x0000000086600000|  0%| F|  |TAMS 0x0000000086500000, 0x0000000086500000| Untracked 
|  40|0x0000000086600000, 0x0000000086600000, 0x0000000086700000|  0%| F|  |TAMS 0x0000000086600000, 0x0000000086600000| Untracked 
|  41|0x0000000086700000, 0x0000000086700000, 0x0000000086800000|  0%| F|  |TAMS 0x0000000086700000, 0x0000000086700000| Untracked 
|  42|0x0000000086800000, 0x0000000086800000, 0x0000000086900000|  0%| F|  |TAMS 0x0000000086800000, 0x0000000086800000| Untracked 
|  43|0x0000000086900000, 0x0000000086900000, 0x0000000086a00000|  0%| F|  |TAMS 0x0000000086900000, 0x0000000086900000| Untracked 
|  44|0x0000000086a00000, 0x0000000086a00000, 0x0000000086b00000|  0%| F|  |TAMS 0x0000000086a00000, 0x0000000086a00000| Untracked 
|  45|0x0000000086b00000, 0x0000000086b00000, 0x0000000086c00000|  0%| F|  |TAMS 0x0000000086b00000, 0x0000000086b00000| Untracked 
|  46|0x0000000086c00000, 0x0000000086c00000, 0x0000000086d00000|  0%| F|  |TAMS 0x0000000086c00000, 0x0000000086c00000| Untracked 
|  47|0x0000000086d00000, 0x0000000086d00000, 0x0000000086e00000|  0%| F|  |TAMS 0x0000000086d00000, 0x0000000086d00000| Untracked 
|  48|0x0000000086e00000, 0x0000000086e00000, 0x0000000086f00000|  0%| F|  |TAMS 0x0000000086e00000, 0x0000000086e00000| Untracked 
|  49|0x0000000086f00000, 0x0000000086f00000, 0x0000000087000000|  0%| F|  |TAMS 0x0000000086f00000, 0x0000000086f00000| Untracked 
|  50|0x0000000087000000, 0x0000000087000000, 0x0000000087100000|  0%| F|  |TAMS 0x0000000087000000, 0x0000000087000000| Untracked 
|  51|0x0000000087100000, 0x0000000087100000, 0x0000000087200000|  0%| F|  |TAMS 0x0000000087100000, 0x0000000087100000| Untracked 
|  52|0x0000000087200000, 0x0000000087200000, 0x0000000087300000|  0%| F|  |TAMS 0x0000000087200000, 0x0000000087200000| Untracked 
|  53|0x0000000087300000, 0x0000000087300000, 0x0000000087400000|  0%| F|  |TAMS 0x0000000087300000, 0x0000000087300000| Untracked 
|  54|0x0000000087400000, 0x0000000087400000, 0x0000000087500000|  0%| F|  |TAMS 0x0000000087400000, 0x0000000087400000| Untracked 
|  55|0x0000000087500000, 0x0000000087500000, 0x0000000087600000|  0%| F|  |TAMS 0x0000000087500000, 0x0000000087500000| Untracked 
|  56|0x0000000087600000, 0x0000000087600000, 0x0000000087700000|  0%| F|  |TAMS 0x0000000087600000, 0x0000000087600000| Untracked 
|  57|0x0000000087700000, 0x0000000087700000, 0x0000000087800000|  0%| F|  |TAMS 0x0000000087700000, 0x0000000087700000| Untracked 
|  58|0x0000000087800000, 0x0000000087800000, 0x0000000087900000|  0%| F|  |TAMS 0x0000000087800000, 0x0000000087800000| Untracked 
|  59|0x0000000087900000, 0x0000000087900000, 0x0000000087a00000|  0%| F|  |TAMS 0x0000000087900000, 0x0000000087900000| Untracked 
|  60|0x0000000087a00000, 0x0000000087a00000, 0x0000000087b00000|  0%| F|  |TAMS 0x0000000087a00000, 0x0000000087a00000| Untracked 
|  61|0x0000000087b00000, 0x0000000087b00000, 0x0000000087c00000|  0%| F|  |TAMS 0x0000000087b00000, 0x0000000087b00000| Untracked 
|  62|0x0000000087c00000, 0x0000000087c00000, 0x0000000087d00000|  0%| F|  |TAMS 0x0000000087c00000, 0x0000000087c00000| Untracked 
|  63|0x0000000087d00000, 0x0000000087d00000, 0x0000000087e00000|  0%| F|  |TAMS 0x0000000087d00000, 0x0000000087d00000| Untracked 
|  64|0x0000000087e00000, 0x0000000087e00000, 0x0000000087f00000|  0%| F|  |TAMS 0x0000000087e00000, 0x0000000087e00000| Untracked 
|  65|0x0000000087f00000, 0x0000000087f00000, 0x0000000088000000|  0%| F|  |TAMS 0x0000000087f00000, 0x0000000087f00000| Untracked 
|  66|0x0000000088000000, 0x0000000088000000, 0x0000000088100000|  0%| F|  |TAMS 0x0000000088000000, 0x0000000088000000| Untracked 
|  67|0x0000000088100000, 0x0000000088100000, 0x0000000088200000|  0%| F|  |TAMS 0x0000000088100000, 0x0000000088100000| Untracked 
|  68|0x0000000088200000, 0x0000000088200000, 0x0000000088300000|  0%| F|  |TAMS 0x0000000088200000, 0x0000000088200000| Untracked 
|  69|0x0000000088300000, 0x0000000088300000, 0x0000000088400000|  0%| F|  |TAMS 0x0000000088300000, 0x0000000088300000| Untracked 
|  70|0x0000000088400000, 0x0000000088400000, 0x0000000088500000|  0%| F|  |TAMS 0x0000000088400000, 0x0000000088400000| Untracked 
|  71|0x0000000088500000, 0x0000000088500000, 0x0000000088600000|  0%| F|  |TAMS 0x0000000088500000, 0x0000000088500000| Untracked 
|  72|0x0000000088600000, 0x0000000088600000, 0x0000000088700000|  0%| F|  |TAMS 0x0000000088600000, 0x0000000088600000| Untracked 
|  73|0x0000000088700000, 0x0000000088700000, 0x0000000088800000|  0%| F|  |TAMS 0x0000000088700000, 0x0000000088700000| Untracked 
|  74|0x0000000088800000, 0x0000000088800000, 0x0000000088900000|  0%| F|  |TAMS 0x0000000088800000, 0x0000000088800000| Untracked 
|  75|0x0000000088900000, 0x0000000088900000, 0x0000000088a00000|  0%| F|  |TAMS 0x0000000088900000, 0x0000000088900000| Untracked 
|  76|0x0000000088a00000, 0x0000000088a00000, 0x0000000088b00000|  0%| F|  |TAMS 0x0000000088a00000, 0x0000000088a00000| Untracked 
|  77|0x0000000088b00000, 0x0000000088b00000, 0x0000000088c00000|  0%| F|  |TAMS 0x0000000088b00000, 0x0000000088b00000| Untracked 
|  78|0x0000000088c00000, 0x0000000088c00000, 0x0000000088d00000|  0%| F|  |TAMS 0x0000000088c00000, 0x0000000088c00000| Untracked 
|  79|0x0000000088d00000, 0x0000000088d00000, 0x0000000088e00000|  0%| F|  |TAMS 0x0000000088d00000, 0x0000000088d00000| Untracked 
|  80|0x0000000088e00000, 0x0000000088e00000, 0x0000000088f00000|  0%| F|  |TAMS 0x0000000088e00000, 0x0000000088e00000| Untracked 
|  81|0x0000000088f00000, 0x0000000088f00000, 0x0000000089000000|  0%| F|  |TAMS 0x0000000088f00000, 0x0000000088f00000| Untracked 
|  82|0x0000000089000000, 0x0000000089000000, 0x0000000089100000|  0%| F|  |TAMS 0x0000000089000000, 0x0000000089000000| Untracked 
|  83|0x0000000089100000, 0x0000000089100000, 0x0000000089200000|  0%| F|  |TAMS 0x0000000089100000, 0x0000000089100000| Untracked 
|  84|0x0000000089200000, 0x0000000089200000, 0x0000000089300000|  0%| F|  |TAMS 0x0000000089200000, 0x0000000089200000| Untracked 
|  85|0x0000000089300000, 0x0000000089300000, 0x0000000089400000|  0%| F|  |TAMS 0x0000000089300000, 0x0000000089300000| Untracked 
|  86|0x0000000089400000, 0x0000000089400000, 0x0000000089500000|  0%| F|  |TAMS 0x0000000089400000, 0x0000000089400000| Untracked 
|  87|0x0000000089500000, 0x0000000089500000, 0x0000000089600000|  0%| F|  |TAMS 0x0000000089500000, 0x0000000089500000| Untracked 
|  88|0x0000000089600000, 0x0000000089600000, 0x0000000089700000|  0%| F|  |TAMS 0x0000000089600000, 0x0000000089600000| Untracked 
|  89|0x0000000089700000, 0x0000000089700000, 0x0000000089800000|  0%| F|  |TAMS 0x0000000089700000, 0x0000000089700000| Untracked 
|  90|0x0000000089800000, 0x0000000089800000, 0x0000000089900000|  0%| F|  |TAMS 0x0000000089800000, 0x0000000089800000| Untracked 
|  91|0x0000000089900000, 0x0000000089900000, 0x0000000089a00000|  0%| F|  |TAMS 0x0000000089900000, 0x0000000089900000| Untracked 
|  92|0x0000000089a00000, 0x0000000089a00000, 0x0000000089b00000|  0%| F|  |TAMS 0x0000000089a00000, 0x0000000089a00000| Untracked 
|  93|0x0000000089b00000, 0x0000000089b00000, 0x0000000089c00000|  0%| F|  |TAMS 0x0000000089b00000, 0x0000000089b00000| Untracked 
|  94|0x0000000089c00000, 0x0000000089c00000, 0x0000000089d00000|  0%| F|  |TAMS 0x0000000089c00000, 0x0000000089c00000| Untracked 
|  95|0x0000000089d00000, 0x0000000089d00000, 0x0000000089e00000|  0%| F|  |TAMS 0x0000000089d00000, 0x0000000089d00000| Untracked 
|  96|0x0000000089e00000, 0x0000000089e00000, 0x0000000089f00000|  0%| F|  |TAMS 0x0000000089e00000, 0x0000000089e00000| Untracked 
|  97|0x0000000089f00000, 0x0000000089f00000, 0x000000008a000000|  0%| F|  |TAMS 0x0000000089f00000, 0x0000000089f00000| Untracked 
|  98|0x000000008a000000, 0x000000008a000000, 0x000000008a100000|  0%| F|  |TAMS 0x000000008a000000, 0x000000008a000000| Untracked 
|  99|0x000000008a100000, 0x000000008a100000, 0x000000008a200000|  0%| F|  |TAMS 0x000000008a100000, 0x000000008a100000| Untracked 
| 100|0x000000008a200000, 0x000000008a200000, 0x000000008a300000|  0%| F|  |TAMS 0x000000008a200000, 0x000000008a200000| Untracked 
| 101|0x000000008a300000, 0x000000008a300000, 0x000000008a400000|  0%| F|  |TAMS 0x000000008a300000, 0x000000008a300000| Untracked 
| 102|0x000000008a400000, 0x000000008a400000, 0x000000008a500000|  0%| F|  |TAMS 0x000000008a400000, 0x000000008a400000| Untracked 
| 103|0x000000008a500000, 0x000000008a500000, 0x000000008a600000|  0%| F|  |TAMS 0x000000008a500000, 0x000000008a500000| Untracked 
| 104|0x000000008a600000, 0x000000008a600000, 0x000000008a700000|  0%| F|  |TAMS 0x000000008a600000, 0x000000008a600000| Untracked 
| 105|0x000000008a700000, 0x000000008a700000, 0x000000008a800000|  0%| F|  |TAMS 0x000000008a700000, 0x000000008a700000| Untracked 
| 106|0x000000008a800000, 0x000000008a800000, 0x000000008a900000|  0%| F|  |TAMS 0x000000008a800000, 0x000000008a800000| Untracked 
| 107|0x000000008a900000, 0x000000008a900000, 0x000000008aa00000|  0%| F|  |TAMS 0x000000008a900000, 0x000000008a900000| Untracked 
| 108|0x000000008aa00000, 0x000000008aa00000, 0x000000008ab00000|  0%| F|  |TAMS 0x000000008aa00000, 0x000000008aa00000| Untracked 
| 109|0x000000008ab00000, 0x000000008ab00000, 0x000000008ac00000|  0%| F|  |TAMS 0x000000008ab00000, 0x000000008ab00000| Untracked 
| 110|0x000000008ac00000, 0x000000008ac00000, 0x000000008ad00000|  0%| F|  |TAMS 0x000000008ac00000, 0x000000008ac00000| Untracked 
| 111|0x000000008ad00000, 0x000000008ad00000, 0x000000008ae00000|  0%| F|  |TAMS 0x000000008ad00000, 0x000000008ad00000| Untracked 
| 112|0x000000008ae00000, 0x000000008ae00000, 0x000000008af00000|  0%| F|  |TAMS 0x000000008ae00000, 0x000000008ae00000| Untracked 
| 113|0x000000008af00000, 0x000000008af00000, 0x000000008b000000|  0%| F|  |TAMS 0x000000008af00000, 0x000000008af00000| Untracked 
| 114|0x000000008b000000, 0x000000008b000000, 0x000000008b100000|  0%| F|  |TAMS 0x000000008b000000, 0x000000008b000000| Untracked 
| 115|0x000000008b100000, 0x000000008b100000, 0x000000008b200000|  0%| F|  |TAMS 0x000000008b100000, 0x000000008b100000| Untracked 
| 116|0x000000008b200000, 0x000000008b200000, 0x000000008b300000|  0%| F|  |TAMS 0x000000008b200000, 0x000000008b200000| Untracked 
| 117|0x000000008b300000, 0x000000008b3a8e68, 0x000000008b400000| 65%| E|  |TAMS 0x000000008b300000, 0x000000008b300000| Complete 
| 118|0x000000008b400000, 0x000000008b500000, 0x000000008b500000|100%| E|CS|TAMS 0x000000008b400000, 0x000000008b400000| Complete 
| 119|0x000000008b500000, 0x000000008b600000, 0x000000008b600000|100%| S|CS|TAMS 0x000000008b500000, 0x000000008b500000| Complete 
| 120|0x000000008b600000, 0x000000008b700000, 0x000000008b700000|100%| E|CS|TAMS 0x000000008b600000, 0x000000008b600000| Complete 
| 121|0x000000008b700000, 0x000000008b800000, 0x000000008b800000|100%| E|CS|TAMS 0x000000008b700000, 0x000000008b700000| Complete 
| 122|0x000000008b800000, 0x000000008b900000, 0x000000008b900000|100%| E|CS|TAMS 0x000000008b800000, 0x000000008b800000| Complete 
| 123|0x000000008b900000, 0x000000008ba00000, 0x000000008ba00000|100%| E|CS|TAMS 0x000000008b900000, 0x000000008b900000| Complete 
| 124|0x000000008ba00000, 0x000000008bb00000, 0x000000008bb00000|100%| E|CS|TAMS 0x000000008ba00000, 0x000000008ba00000| Complete 
| 125|0x000000008bb00000, 0x000000008bc00000, 0x000000008bc00000|100%| E|CS|TAMS 0x000000008bb00000, 0x000000008bb00000| Complete 

Card table byte_map: [0x000000405e7b0000,0x000000405eba0000] _byte_map_base: 0x000000405e391000

Marking Bits (Prev, Next): (CMBitMap*) 0x000000404705e0b8, (CMBitMap*) 0x000000404705e0f8
 Prev Bits: [0x000000405ef90000, 0x0000004060e98000)
 Next Bits: [0x0000004060ea0000, 0x0000004062da8000)

Polling page: 0x0000004044960000

Metaspace:

Usage:
  Non-class:     11.37 MB capacity,    11.13 MB ( 98%) used,   206.20 KB (  2%) free+waste,    40.31 KB ( <1%) overhead. 
      Class:      1.59 MB capacity,     1.41 MB ( 89%) used,   158.02 KB ( 10%) free+waste,    22.94 KB (  1%) overhead. 
       Both:     12.96 MB capacity,    12.54 MB ( 97%) used,   364.21 KB (  3%) free+waste,    63.25 KB ( <1%) overhead. 

Virtual space:
  Non-class space:       12.00 MB reserved,      11.50 MB ( 96%) committed 
      Class space:        1.00 GB reserved,       1.63 MB ( <1%) committed 
             Both:        1.01 GB reserved,      13.13 MB (  1%) committed 

Chunk freelists:
   Non-Class:  8.50 KB
       Class:  768 bytes
        Both:  9.25 KB

CodeHeap 'non-profiled nmethods': size=120064Kb used=427Kb max_used=427Kb free=119636Kb
 bounds [0x0000004056e80000, 0x00000040570f0000, 0x000000405e3c0000]
CodeHeap 'profiled nmethods': size=120000Kb used=2849Kb max_used=2849Kb free=117150Kb
 bounds [0x000000404f950000, 0x000000404fc20000, 0x0000004056e80000]
CodeHeap 'non-nmethods': size=5696Kb used=1246Kb max_used=1261Kb free=4449Kb
 bounds [0x000000404f3c0000, 0x000000404f630000, 0x000000404f950000]
 total_blobs=2306 nmethods=1449 adapters=531
 compilation: enabled
              stopped_count=0, restarted_count=0
 full_count=0

Compilation events (10 events):
Event: 2.171 Thread 0x0000004066023800 1450   !   3       java.util.regex.Pattern::matcher (44 bytes)
Event: 2.171 Thread 0x0000004066023800 nmethod 1450 0x000000404fc15f10 code [0x000000404fc16100, 0x000000404fc165e0]
Event: 2.171 Thread 0x0000004066023800 1451       3       java.util.regex.Matcher::<init> (95 bytes)
Event: 2.172 Thread 0x0000004066023800 nmethod 1451 0x000000404fc16710 code [0x000000404fc16900, 0x000000404fc16fd0]
Event: 2.172 Thread 0x0000004066023800 1452       3       java.util.regex.Matcher::matches (10 bytes)
Event: 2.172 Thread 0x0000004066023800 nmethod 1452 0x000000404fc17190 code [0x000000404fc17360, 0x000000404fc17530]
Event: 2.174 Thread 0x000000406732b000 nmethod 1446 0x0000004056eea810 code [0x0000004056eea9a0, 0x0000004056eeabf8]
Event: 2.174 Thread 0x000000406732b000 1455       4       java.util.regex.Matcher::match (154 bytes)
Event: 2.182 Thread 0x0000004066023800 1456       3       java.io.Bits::getInt (43 bytes)
Event: 2.182 Thread 0x0000004066023800 nmethod 1456 0x000000404fc17610 code [0x000000404fc177e0, 0x000000404fc179d8]

GC Heap History (4 events):
Event: 1.625 GC heap before
{Heap before GC invocations=0 (full 0):
 garbage-first heap   total 129024K, used 16384K [0x0000000083e00000, 0x0000000100000000)
  region size 1024K, 14 young (14336K), 0 survivors (0K)
 Metaspace       used 8871K, capacity 9297K, committed 9472K, reserved 1056768K
  class space    used 991K, capacity 1174K, committed 1280K, reserved 1048576K
}
Event: 1.633 GC heap after
{Heap after GC invocations=1 (full 0):
 garbage-first heap   total 129024K, used 8478K [0x0000000083e00000, 0x0000000100000000)
  region size 1024K, 2 young (2048K), 2 survivors (2048K)
 Metaspace       used 8871K, capacity 9297K, committed 9472K, reserved 1056768K
  class space    used 991K, capacity 1174K, committed 1280K, reserved 1048576K
}
Event: 1.926 GC heap before
{Heap before GC invocations=1 (full 0):
 garbage-first heap   total 129024K, used 14622K [0x0000000083e00000, 0x0000000100000000)
  region size 1024K, 8 young (8192K), 2 survivors (2048K)
 Metaspace       used 11969K, capacity 12402K, committed 12544K, reserved 1060864K
  class space    used 1343K, capacity 1530K, committed 1536K, reserved 1048576K
}
Event: 1.933 GC heap after
{Heap after GC invocations=2 (full 0):
 garbage-first heap   total 129024K, used 9988K [0x0000000083e00000, 0x0000000100000000)
  region size 1024K, 1 young (1024K), 1 survivors (1024K)
 Metaspace       used 11969K, capacity 12402K, committed 12544K, reserved 1060864K
  class space    used 1343K, capacity 1530K, committed 1536K, reserved 1048576K
}

Deoptimization events (10 events):
Event: 1.400 Thread 0x000000404701f800 Uncommon trap: reason=unstable_if action=reinterpret pc=0x0000004056ec0af8 method=java.lang.AbstractStringBuilder.putStringAt(ILjava/lang/String;)V @ 8 c2
Event: 1.401 Thread 0x000000404701f800 Uncommon trap: reason=unstable_if action=reinterpret pc=0x0000004056ebfc5c method=java.lang.AbstractStringBuilder.putStringAt(ILjava/lang/String;)V @ 8 c2
Event: 1.401 Thread 0x000000404701f800 Uncommon trap: reason=unstable_if action=reinterpret pc=0x0000004056ebd8a0 method=java.lang.String.getBytes([BIB)V @ 5 c2
Event: 1.645 Thread 0x0000004067775000 Uncommon trap: reason=unstable_if action=reinterpret pc=0x0000004056ea4924 method=java.util.HashMap.hash(Ljava/lang/Object;)I @ 1 c2
Event: 1.698 Thread 0x0000004067339000 Uncommon trap: reason=unstable_if action=reinterpret pc=0x0000004056e9dc08 method=java.lang.StringLatin1.canEncode(I)Z @ 4 c2
Event: 1.698 Thread 0x0000004067339000 Uncommon trap: reason=unstable_if action=reinterpret pc=0x0000004056e9ab6c method=java.lang.AbstractStringBuilder.isLatin1()Z @ 10 c2
Event: 1.771 Thread 0x0000004067775000 Uncommon trap: reason=unstable_if action=reinterpret pc=0x0000004056ed1e9c method=java.util.concurrent.ConcurrentHashMap.get(Ljava/lang/Object;)Ljava/lang/Object; @ 76 c2
Event: 1.795 Thread 0x0000004067775000 Uncommon trap: reason=unstable_if action=reinterpret pc=0x0000004056e8b2dc method=java.util.HashMap.hash(Ljava/lang/Object;)I @ 1 c2
Event: 1.828 Thread 0x0000004067775000 Uncommon trap: reason=unstable_if action=reinterpret pc=0x0000004056e81508 method=java.lang.String.isLatin1()Z @ 10 c2
Event: 1.864 Thread 0x0000004067775000 Uncommon trap: reason=bimorphic_or_optimized_type_check action=maybe_recompile pc=0x0000004056ed4744 method=java.util.HashMap.getNode(ILjava/lang/Object;)Ljava/util/HashMap$Node; @ 126 c2

Classes redefined (0 events):
No events

Internal exceptions (10 events):
Event: 1.493 Thread 0x0000004067667800 Exception <a 'java/lang/NoSuchMethodError'{0x000000008b094a38}: java.lang.invoke.DirectMethodHandle$Holder.invokeSpecial(Ljava/lang/Object;Ljava/lang/Object;)V> (0x000000008b094a38) thrown at [t:/workspace/open/src/hotspot/share/interpreter/linkResolver.c
Event: 1.497 Thread 0x000000404701f800 Exception <a 'java/lang/NoSuchMethodError'{0x000000008b0e0d28}: java.lang.invoke.DirectMethodHandle$Holder.invokeStatic(Ljava/lang/Object;Ljava/lang/Object;Ljava/lang/Object;Ljava/lang/Object;Ljava/lang/Object;Ljava/lang/Object;Ljava/lang/Object;J)Ljava/l
Event: 1.588 Thread 0x0000004067775000 Exception <a 'java/lang/NoSuchMethodError'{0x000000008ae32a88}: java.lang.invoke.DirectMethodHandle$Holder.invokeStatic(Ljava/lang/Object;ILjava/lang/Object;Ljava/lang/Object;Ljava/lang/Object;Ljava/lang/Object;)Ljava/lang/Object;> (0x000000008ae32a88) th
Event: 1.588 Thread 0x0000004067775000 Exception <a 'java/lang/NoSuchMethodError'{0x000000008ae396a8}: java.lang.invoke.DirectMethodHandle$Holder.invokeStatic(Ljava/lang/Object;ILjava/lang/Object;Ljava/lang/Object;Ljava/lang/Object;)Ljava/lang/Object;> (0x000000008ae396a8) thrown at [t:/worksp
Event: 1.589 Thread 0x0000004067775000 Exception <a 'java/lang/NoSuchMethodError'{0x000000008ae3cf00}: java.lang.invoke.DirectMethodHandle$Holder.invokeSpecial(Ljava/lang/Object;Ljava/lang/Object;ILjava/lang/Object;Ljava/lang/Object;Ljava/lang/Object;)Ljava/lang/Object;> (0x000000008ae3cf00) t
Event: 1.624 Thread 0x0000004067775000 Exception <a 'java/lang/ClassNotFoundException'{0x000000008aefef18}: com/sun/swing/internal/plaf/metal/resources/spi/metalProvider> (0x000000008aefef18) thrown at [t:/workspace/open/src/hotspot/share/classfile/systemDictionary.cpp, line 235]
Event: 1.637 Thread 0x0000004067775000 Exception <a 'java/lang/ClassNotFoundException'{0x000000008ba03170}: com/sun/swing/internal/plaf/basic/resources/spi/basicProvider> (0x000000008ba03170) thrown at [t:/workspace/open/src/hotspot/share/classfile/systemDictionary.cpp, line 235]
Event: 1.645 Thread 0x0000004067775000 Implicit null exception at 0x0000004056ea4888 to 0x0000004056ea491a
Event: 1.795 Thread 0x0000004067775000 Implicit null exception at 0x0000004056e8b24f to 0x0000004056e8b2cd
Event: 2.142 Thread 0x0000004067775000 Exception <a 'java/lang/UnsatisfiedLinkError'{0x000000008b77e5d0}: Не найдена указанная процедура.
> (0x000000008b77e5d0) thrown at [t:/workspace/open/src/hotspot/share/prims/jni.cpp, line 636]

Events (10 events):
Event: 2.165 Executing VM operation: GetAllStackTraces
Event: 2.166 Executing VM operation: GetAllStackTraces done
Event: 2.172 loading class org/netbeans/lib/profiler/wireprotocol/EventBufferDumpedCommand
Event: 2.172 loading class org/netbeans/lib/profiler/wireprotocol/EventBufferDumpedCommand done
Event: 2.175 Executing VM operation: GetAllStackTraces
Event: 2.175 Executing VM operation: GetAllStackTraces done
Event: 2.179 loading class org/netbeans/lib/profiler/wireprotocol/DumpResultsResponse
Event: 2.179 loading class org/netbeans/lib/profiler/wireprotocol/DumpResultsResponse done
Event: 2.182 loading class org/netbeans/lib/profiler/wireprotocol/GetMethodNamesForJMethodIdsCommand
Event: 2.182 loading class org/netbeans/lib/profiler/wireprotocol/GetMethodNamesForJMethodIdsCommand done


Dynamic libraries:
0x00007ff6e8f80000 - 0x00007ff6e8f8f000 	I:\Portable_programs\netbeans-11.0-bin\jdk-12.0.1\bin\java.exe
0x00007ffc2cc70000 - 0x00007ffc2ce1d000 	C:\Windows\SYSTEM32\ntdll.dll
0x00007ffc2a370000 - 0x00007ffc2a4ae000 	C:\Windows\system32\KERNEL32.DLL
0x00007ffc2a130000 - 0x00007ffc2a245000 	C:\Windows\system32\KERNELBASE.dll
0x00007ffc17200000 - 0x00007ffc17218000 	I:\Portable_programs\netbeans-11.0-bin\jdk-12.0.1\bin\jli.dll
0x00007ffc0db30000 - 0x00007ffc0db46000 	I:\Portable_programs\netbeans-11.0-bin\jdk-12.0.1\bin\VCRUNTIME140.dll
0x00007ffc229c0000 - 0x00007ffc229c4000 	I:\Portable_programs\netbeans-11.0-bin\jdk-12.0.1\bin\api-ms-win-crt-stdio-l1-1-0.dll
0x00007ffc17410000 - 0x00007ffc17414000 	I:\Portable_programs\netbeans-11.0-bin\jdk-12.0.1\bin\api-ms-win-crt-runtime-l1-1-0.dll
0x00007ffc16360000 - 0x00007ffc16363000 	I:\Portable_programs\netbeans-11.0-bin\jdk-12.0.1\bin\api-ms-win-crt-environment-l1-1-0.dll
0x00007ffc14880000 - 0x00007ffc14885000 	I:\Portable_programs\netbeans-11.0-bin\jdk-12.0.1\bin\api-ms-win-crt-math-l1-1-0.dll
0x00007ffc0d7c0000 - 0x00007ffc0d7c3000 	I:\Portable_programs\netbeans-11.0-bin\jdk-12.0.1\bin\api-ms-win-crt-locale-l1-1-0.dll
0x00007ffc0db20000 - 0x00007ffc0db23000 	I:\Portable_programs\netbeans-11.0-bin\jdk-12.0.1\bin\api-ms-win-crt-heap-l1-1-0.dll
0x00007ffc2a6e0000 - 0x00007ffc2a78a000 	C:\Windows\system32\ADVAPI32.dll
0x00007ffc27de0000 - 0x00007ffc2805b000 	C:\Windows\WinSxS\amd64_microsoft.windows.common-controls_6595b64144ccf1df_6.0.9600.18006_none_623f33d3ecbe86e8\COMCTL32.dll
0x00007ffc2c8c0000 - 0x00007ffc2ca37000 	C:\Windows\system32\USER32.dll
0x00007ffc29d50000 - 0x00007ffc29d5a000 	C:\Windows\SYSTEM32\VERSION.dll
0x00007ffc0f0e0000 - 0x00007ffc0f0e3000 	I:\Portable_programs\netbeans-11.0-bin\jdk-12.0.1\bin\api-ms-win-crt-filesystem-l1-1-0.dll
0x00007ffc178f0000 - 0x00007ffc178f4000 	I:\Portable_programs\netbeans-11.0-bin\jdk-12.0.1\bin\api-ms-win-crt-string-l1-1-0.dll
0x00007ffc171f0000 - 0x00007ffc171f4000 	I:\Portable_programs\netbeans-11.0-bin\jdk-12.0.1\bin\api-ms-win-crt-convert-l1-1-0.dll
0x00007ffc2a8e0000 - 0x00007ffc2a98a000 	C:\Windows\system32\msvcrt.dll
0x00007ffc2cc10000 - 0x00007ffc2cc69000 	C:\Windows\SYSTEM32\sechost.dll
0x00007ffc2a4c0000 - 0x00007ffc2a600000 	C:\Windows\system32\RPCRT4.dll
0x00007ffc2a790000 - 0x00007ffc2a8db000 	C:\Windows\system32\GDI32.dll
0x00007ffc09b60000 - 0x00007ffc09c56000 	I:\Portable_programs\netbeans-11.0-bin\jdk-12.0.1\bin\ucrtbase.DLL
0x00007ffc29e70000 - 0x00007ffc29e9e000 	C:\Windows\system32\SspiCli.dll
0x00007ffc2a990000 - 0x00007ffc2a9c6000 	C:\Windows\system32\IMM32.DLL
0x00007ffc2c500000 - 0x00007ffc2c651000 	C:\Windows\system32\MSCTF.dll
0x00007ffc29d60000 - 0x00007ffc29d90000 	C:\WINDOWS\system32\nvinitx.dll
0x000000005a510000 - 0x000000005a516000 	C:\Program Files\NVIDIA Corporation\CoProcManager\_etoured.dll
0x00007ffc27b40000 - 0x00007ffc27b78000 	C:\Program Files\NVIDIA Corporation\CoProcManager\nvd3d9wrapx.dll
0x00007ffc2bfc0000 - 0x00007ffc2c19a000 	C:\Windows\system32\SETUPAPI.dll
0x00007ffc29ea0000 - 0x00007ffc29eef000 	C:\Windows\system32\CFGMGR32.dll
0x00007ffc27b10000 - 0x00007ffc27b34000 	C:\Program Files\NVIDIA Corporation\CoProcManager\nvdxgiwrapx.dll
0x00007ffc0a690000 - 0x00007ffc0a73a000 	I:\Portable_programs\netbeans-11.0-bin\jdk-12.0.1\bin\msvcp140.dll
0x00007ffc0d730000 - 0x00007ffc0d735000 	I:\Portable_programs\netbeans-11.0-bin\jdk-12.0.1\bin\api-ms-win-crt-multibyte-l1-1-0.dll
0x00007ffc0ede0000 - 0x00007ffc0ede3000 	I:\Portable_programs\netbeans-11.0-bin\jdk-12.0.1\bin\api-ms-win-crt-time-l1-1-0.dll
0x00007ffc14b80000 - 0x00007ffc14b83000 	I:\Portable_programs\netbeans-11.0-bin\jdk-12.0.1\bin\api-ms-win-crt-utility-l1-1-0.dll
0x00007ffbf9410000 - 0x00007ffbf9f84000 	I:\Portable_programs\netbeans-11.0-bin\jdk-12.0.1\bin\server\jvm.dll
0x00007ffc1e710000 - 0x00007ffc1e719000 	C:\Windows\SYSTEM32\WSOCK32.dll
0x00007ffc26b40000 - 0x00007ffc26b62000 	C:\Windows\SYSTEM32\WINMM.dll
0x00007ffc2a360000 - 0x00007ffc2a367000 	C:\Windows\system32\PSAPI.DLL
0x00007ffc2bf00000 - 0x00007ffc2bf5a000 	C:\Windows\system32\WS2_32.dll
0x00007ffc25de0000 - 0x00007ffc25e0a000 	C:\Windows\SYSTEM32\WINMMBASE.dll
0x0000004044740000 - 0x0000004044749000 	C:\Windows\system32\NSI.dll
0x00007ffc28b70000 - 0x00007ffc28b98000 	C:\Windows\SYSTEM32\DEVOBJ.dll
0x00007ffc0d270000 - 0x00007ffc0d281000 	I:\Portable_programs\netbeans-11.0-bin\jdk-12.0.1\bin\verify.dll
0x00007ffc1efe0000 - 0x00007ffc1f169000 	C:\Windows\SYSTEM32\DBGHELP.DLL
0x00007ffc0d6e0000 - 0x00007ffc0d706000 	I:\Portable_programs\netbeans-11.0-bin\jdk-12.0.1\bin\java.dll
0x00007ffc1e590000 - 0x00007ffc1e59f000 	I:\Portable_programs\netbeans-11.0-bin\netbeans\profiler\lib\deployed\jdk16\windows-amd64\profilerinterface.dll
0x00007ffc0c4c0000 - 0x00007ffc0c4d7000 	I:\Portable_programs\netbeans-11.0-bin\jdk-12.0.1\bin\zip.dll
0x00007ffc0d8d0000 - 0x00007ffc0d8da000 	I:\Portable_programs\netbeans-11.0-bin\jdk-12.0.1\bin\jimage.dll
0x00007ffc2a9d0000 - 0x00007ffc2befc000 	C:\Windows\system32\SHELL32.dll
0x00007ffc2c210000 - 0x00007ffc2c422000 	C:\Windows\SYSTEM32\combase.dll
0x00007ffc2a300000 - 0x00007ffc2a354000 	C:\Windows\system32\SHLWAPI.dll
0x00007ffc28330000 - 0x00007ffc283e2000 	C:\Windows\SYSTEM32\SHCORE.dll
0x00007ffc29da0000 - 0x00007ffc29db5000 	C:\Windows\SYSTEM32\profapi.dll
0x00007ffc0c260000 - 0x00007ffc0c279000 	I:\Portable_programs\netbeans-11.0-bin\jdk-12.0.1\bin\net.dll
0x00007ffc1eee0000 - 0x00007ffc1efa7000 	C:\Windows\SYSTEM32\WINHTTP.dll
0x00007ffc1fb70000 - 0x00007ffc1fcf5000 	C:\Windows\SYSTEM32\urlmon.dll
0x00007ffc2c720000 - 0x00007ffc2c8b4000 	C:\Windows\system32\ole32.dll
0x00007ffc22300000 - 0x00007ffc225ca000 	C:\Windows\SYSTEM32\iertutil.dll
0x00007ffc225d0000 - 0x00007ffc228f1000 	C:\Windows\SYSTEM32\WININET.dll
0x00007ffc29310000 - 0x00007ffc29331000 	C:\Windows\SYSTEM32\USERENV.dll
0x00007ffc29540000 - 0x00007ffc29599000 	C:\Windows\system32\mswsock.dll
0x00007ffc0ba00000 - 0x00007ffc0ba13000 	I:\Portable_programs\netbeans-11.0-bin\jdk-12.0.1\bin\nio.dll
0x00007ffc0d000000 - 0x00007ffc0d009000 	I:\Portable_programs\netbeans-11.0-bin\jdk-12.0.1\bin\management.dll
0x00007ffc0cf80000 - 0x00007ffc0cf8c000 	I:\Portable_programs\netbeans-11.0-bin\jdk-12.0.1\bin\management_ext.dll
0x00007ffc29720000 - 0x00007ffc29740000 	C:\Windows\SYSTEM32\CRYPTSP.dll
0x00007ffc291e0000 - 0x00007ffc29216000 	C:\Windows\system32\rsaenh.dll
0x00007ffc29840000 - 0x00007ffc29866000 	C:\Windows\SYSTEM32\bcrypt.dll
0x00007ffc29bc0000 - 0x00007ffc29c23000 	C:\Windows\system32\bcryptprimitives.dll
0x00007ffc29c30000 - 0x00007ffc29c3b000 	C:\Windows\SYSTEM32\CRYPTBASE.dll
0x00007ffc232f0000 - 0x00007ffc2331a000 	C:\Windows\SYSTEM32\IPHLPAPI.DLL
0x00007ffc238a0000 - 0x00007ffc238aa000 	C:\Windows\SYSTEM32\WINNSI.DLL
0x00007ffc20c40000 - 0x00007ffc20c56000 	C:\Windows\SYSTEM32\dhcpcsvc6.DLL
0x00007ffc20e40000 - 0x00007ffc20e5a000 	C:\Windows\SYSTEM32\dhcpcsvc.DLL
0x00007ffc14910000 - 0x00007ffc14952000 	C:\Users\123\AppData\Local\Temp\jna-48690\jna3642061927142723448.dll
0x00007ffbfe270000 - 0x00007ffbfe40f000 	I:\Portable_programs\netbeans-11.0-bin\jdk-12.0.1\bin\awt.dll
0x00007ffc2a600000 - 0x00007ffc2a6c6000 	C:\Windows\system32\OLEAUT32.dll
0x00007ffc247a0000 - 0x00007ffc24c21000 	C:\Windows\SYSTEM32\d2d1.dll
0x00007ffc28900000 - 0x00007ffc2898e000 	C:\Windows\system32\apphelp.dll
0x00007ffc289d0000 - 0x00007ffc28af9000 	C:\Windows\system32\uxtheme.dll
0x00007ffc280d0000 - 0x00007ffc280f1000 	C:\Windows\system32\dwmapi.dll
0x00007ffc28ba0000 - 0x00007ffc28bab000 	C:\Windows\SYSTEM32\kernel.appcore.dll
0x00007ffbfead0000 - 0x00007ffbfebfb000 	C:\Windows\system32\opengl32.dll
0x00007ffc0c2c0000 - 0x00007ffc0c2ee000 	C:\Windows\SYSTEM32\GLU32.dll
0x00007ffc22f70000 - 0x00007ffc23068000 	C:\Windows\SYSTEM32\DDRAW.dll
0x00007ffc26e90000 - 0x00007ffc26e99000 	C:\Windows\SYSTEM32\DCIMAN32.dll
0x00007ffc0b580000 - 0x00007ffc0b600000 	I:\Portable_programs\netbeans-11.0-bin\jdk-12.0.1\bin\freetype.dll
0x00007ffc0b4d0000 - 0x00007ffc0b53f000 	I:\Portable_programs\netbeans-11.0-bin\jdk-12.0.1\bin\fontmanager.dll

dbghelp: loaded successfully - version: 4.0.5 - missing functions: none
symbol engine: initialized successfully - sym options: 0x614 - pdb path: .;I:\Portable_programs\netbeans-11.0-bin\jdk-12.0.1\bin;C:\Windows\SYSTEM32;C:\Windows\WinSxS\amd64_microsoft.windows.common-controls_6595b64144ccf1df_6.0.9600.18006_none_623f33d3ecbe86e8;C:\Program Files\NVIDIA Corporation\CoProcManager;I:\Portable_programs\netbeans-11.0-bin\jdk-12.0.1\bin\server;I:\Portable_programs\netbeans-11.0-bin\netbeans\profiler\lib\deployed\jdk16\windows-amd64;C:\Users\123\AppData\Local\Temp\jna-48690

VM Arguments:
jvm_args: -Dfile.encoding=UTF-8 -agentpath:I:/Portable_programs/netbeans-11.0-bin/netbeans/profiler/lib/deployed/jdk16/windows-amd64/profilerinterface.dll=I:\Portable_programs\netbeans-11.0-bin\netbeans\profiler\lib,5140,10 -XX:+HeapDumpOnOutOfMemoryError -XX:HeapDumpPath=I:\JavaProjects\VideoVLC\nbproject\private\profiler --module-path=I:\JavaProjects\VideoVLC\build\classes 
java_command: ru.Main
java_class_path (initial): I:\JavaProjects\VideoVLC\lib\Look_and_Feel_Graphics_Repository-1_0.jar;I:\JavaProjects\VideoVLC\lib\JBroTable-master\JBroTable-1.1.3.jar;I:\JavaProjects\VideoVLC\lib\MigLayout\miglayout-4.0.jar;I:\JavaProjects\VideoVLC\lib\MigLayout\miglayout-4.0-swing.jar;I:\JavaProjects\VideoVLC\lib\vlcj-4.1.0\vlcj-4.1.0.jar;I:\JavaProjects\VideoVLC\lib\vlcj-4.1.0\jna-5.2.0.jar;I:\JavaProjects\VideoVLC\lib\vlcj-4.1.0\jna-platform-5.2.0.jar;I:\JavaProjects\VideoVLC\lib\vlcj-4.1.0\vlcj-natives-4.1.0.jar;I:\JavaProjects\VideoVLC\lib\poi-4.1.0\poi-4.1.0.jar;I:\JavaProjects\VideoVLC\lib\poi-4.1.0\poi-ooxml-4.1.0.jar;I:\JavaProjects\VideoVLC\lib\poi-4.1.0\poi-ooxml-schemas-4.1.0.jar;I:\JavaProjects\VideoVLC\lib\poi-4.1.0\lib\log4j-1.2.17.jar;I:\JavaProjects\VideoVLC\lib\poi-4.1.0\ooxml-lib\curvesapi-1.06.jar;I:\JavaProjects\VideoVLC\lib\poi-4.1.0\ooxml-lib\xmlbeans-3.1.0.jar;I:\JavaProjects\VideoVLC\lib\poi-4.1.0\lib\commons-codec-1.12.jar;I:\JavaProjects\VideoVLC\lib\poi-4.1.0\lib\commons-collections4-4.3.jar;I:\JavaProjects\VideoVLC\lib\poi-4.1.0\lib\commons-compress-1.18.jar;I:\JavaProjects\VideoVLC\lib\poi-4.1.0\lib\commons-logging-1.2.jar;I:\JavaProjects\VideoVLC\lib\poi-4.1.0\lib\commons-math3-3.6.1.jar;I:\JavaProjects\VideoVLC\lib\batik-1.11\lib\batik-all-1.11.jar;I:\JavaProjects\VideoVLC\lib\jfreechart-1.0.19\lib\jfreechart-1.0.19.jar;I:\JavaProjects\VideoVLC\lib\batik-1.11\batik-rasterizer-1.11.jar;I:\JavaProjects\VideoVLC\lib\batik-1.11\batik-slideshow-1.11.jar;I:\JavaProjects\VideoVLC\lib\batik-1.11\batik-squiggle-1.11.jar;I:\JavaProjects\VideoVLC\lib\batik-1.11\batik-svgpp-1.11.jar;I:\JavaProjects\VideoVLC\lib\batik-1.11\batik-ttf2svg-1.11.jar;I:\JavaProjects\VideoVLC\build\classes
Launcher Type: SUN_STANDARD

[Global flags]
     intx CICompilerCount                          = 3                                         {product} {ergonomic}
     uint ConcGCThreads                            = 1                                         {product} {ergonomic}
     uint G1ConcRefinementThreads                  = 4                                         {product} {ergonomic}
   size_t G1HeapRegionSize                         = 1048576                                   {product} {ergonomic}
    uintx GCDrainStackTargetSize                   = 64                                        {product} {ergonomic}
     bool HeapDumpOnOutOfMemoryError               = true                                   {manageable} {command line}
    ccstr HeapDumpPath                             = I:\JavaProjects\VideoVLC\nbproject\private\profiler         {manageable} {command line}
   size_t InitialHeapSize                          = 132120576                                 {product} {ergonomic}
   size_t MarkStackSize                            = 4194304                                   {product} {ergonomic}
   size_t MaxHeapSize                              = 2082471936                                {product} {ergonomic}
   size_t MaxNewSize                               = 1248854016                                {product} {ergonomic}
   size_t MinHeapDeltaBytes                        = 1048576                                   {product} {ergonomic}
    uintx NonNMethodCodeHeapSize                   = 5830732                                {pd product} {ergonomic}
    uintx NonProfiledCodeHeapSize                  = 122913754                              {pd product} {ergonomic}
    uintx ProfiledCodeHeapSize                     = 122913754                              {pd product} {ergonomic}
    uintx ReservedCodeCacheSize                    = 251658240                              {pd product} {ergonomic}
     bool SegmentedCodeCache                       = true                                      {product} {ergonomic}
     bool UseCompressedClassPointers               = true                                 {lp64_product} {ergonomic}
     bool UseCompressedOops                        = true                                 {lp64_product} {ergonomic}
     bool UseG1GC                                  = true                                      {product} {ergonomic}
     bool UseLargePagesIndividualAllocation        = false                                  {pd product} {ergonomic}

Logging:
Log output configuration:
 #0: stdout all=warning uptime,level,tags
 #1: stderr all=off uptime,level,tags

Environment Variables:
JAVA_HOME=C:\Program Files\Java\jdk1.8.0_201
PATH=C:\Program Files (x86)\Common Files\Oracle\Java\javapath;C:\ProgramData\Oracle\Java\javapath;C:\Program Files (x86)\Intel\iCLS Client\;C:\Program Files\Intel\iCLS Client\;C:\Program Files\Broadcom\Broadcom 802.11 Network Adapter;C:\WINDOWS\system32;C:\WINDOWS;C:\WINDOWS\System32\Wbem;C:\WINDOWS\System32\WindowsPowerShell\v1.0\;C:\Program Files\Lenovo\Bluetooth Software\;C:\Program Files\Lenovo\Bluetooth Software\syswow64;C:\Program Files\Intel\Intel(R) Management Engine Components\DAL;C:\Program Files\Intel\Intel(R) Management Engine Components\IPT;C:\Program Files (x86)\Intel\Intel(R) Management Engine Components\DAL;C:\Program Files (x86)\Intel\Intel(R) Management Engine Components\IPT;C:\ProgramData\Lenovo\ReadyApps;C:\Program Files (x86)\NVIDIA Corporation\PhysX\Common;C:\Program Files\Microsoft\Web Platform Installer\;C:\Program Files (x86)\Microsoft ASP.NET\ASP.NET Web Pages\v1.0\;C:\Program Files (x86)\Windows Kits\8.0\Windows Performance Toolkit\;C:\Program Files\Microsoft SQL Server\110\Tools\Binn\;C:\Program Files\MATLAB\R2014b\runtime\win64;C:\Program Files\MATLAB\R2014b\bin;C:\Program Files\MATLAB\R2014b\polyspace\bin;C:\Windows\system32;C:\Windows;C:\Windows\System32\Wbem;C:\Windows\System32\WindowsPowerShell\v1.0\;C:\Program Files (x86)\AOMEI Backupper;C:\Program Files\Java\jdk1.8.0_201\bin\;C:\Program Files\Java\apache-maven-3.6.0\bin;C:\Program Files\Java\apache-maven-3.6.0\bin;C:\Program Files\Git\cmd;C:\Users\123\AppData\Local\GitHubDesktop\bin; C:\Program Files\Java\apache-maven-3.6.0\bin;C:\Program Files (x86)\Jar2Exe Wizard\
USERNAME=123
OS=Windows_NT
PROCESSOR_IDENTIFIER=Intel64 Family 6 Model 60 Stepping 3, GenuineIntel



---------------  S Y S T E M  ---------------

OS: Windows 8.1 , 64 bit Build 9600 (6.3.9600.17415)

CPU:total 4 (initial active 4) (2 cores per cpu, 2 threads per core) family 6 model 60 stepping 3, cmov, cx8, fxsr, mmx, sse, sse2, sse3, ssse3, sse4.1, sse4.2, popcnt, avx, avx2, aes, clmul, erms, lzcnt, ht, tsc, tscinvbit, bmi1, bmi2, fma

Memory: 4k page, system-wide physical 7941M (973M free)
TotalPageFile size 14557M (AvailPageFile size 4599M)
current process WorkingSet (physical memory assigned to process): 112M, peak: 112M
current process commit charge ("private bytes"): 254M, peak: 257M

vm_info: Java HotSpot(TM) 64-Bit Server VM (12.0.1+12) for windows-amd64 JRE (12.0.1+12), built on Apr  2 2019 14:02:19 by "mach5one" with MS VC++ 15.5 (VS2017)

END.
