#
# A fatal error has been detected by the Java Runtime Environment:
#
#  EXCEPTION_ACCESS_VIOLATION (0xc0000005) at pc=0x00007ffbf99fc5c5, pid=13656, tid=7948
#
# JRE version: Java(TM) SE Runtime Environment (12.0.1+12) (build 12.0.1+12)
# Java VM: Java HotSpot(TM) 64-Bit Server VM (12.0.1+12, mixed mode, sharing, tiered, compressed oops, g1 gc, windows-amd64)
# Problematic frame:
# V  [jvm.dll+0x5ec5c5]
#
# No core dump will be written. Minidumps are not enabled by default on client versions of Windows
#
# If you would like to submit a bug report, please visit:
#   http://bugreport.java.com/bugreport/crash.jsp
#

---------------  S U M M A R Y ------------

Command Line: -Dfile.encoding=UTF-8 -agentpath:I:/Portable_programs/netbeans-11.0-bin/netbeans/profiler/lib/deployed/jdk16/windows-amd64/profilerinterface.dll=I:\Portable_programs\netbeans-11.0-bin\netbeans\profiler\lib,5140,10 -XX:+HeapDumpOnOutOfMemoryError -XX:HeapDumpPath=I:\JavaProjects\VideoVLC\nbproject\private\profiler --module-path=I:\JavaProjects\VideoVLC\build\classes ru.Main

Host: Intel(R) Core(TM) i5-4200M CPU @ 2.50GHz, 4 cores, 7G,  Windows 8.1 , 64 bit Build 9600 (6.3.9600.17415)
Time: Sun Nov 24 12:13:56 2019 RTZ 2 (ceia) elapsed time: 3 seconds (0d 0h 0m 3s)

---------------  T H R E A D  ---------------

Current thread (0x0000009a40081800):  JavaThread "*** Profiler Agent Communication Thread" daemon [_thread_in_vm, id=7948, stack(0x0000009a41380000,0x0000009a41480000)]

Stack: [0x0000009a41380000,0x0000009a41480000],  sp=0x0000009a4147ea80,  free space=1018k
Native frames: (J=compiled Java code, j=interpreted, Vv=VM code, C=native code)
V  [jvm.dll+0x5ec5c5]
V  [jvm.dll+0x4b3c84]
C  [profilerinterface.dll+0x34da]

Java frames: (J=compiled Java code, j=interpreted, Vv=VM code)
j  org.netbeans.lib.profiler.server.system.Stacks.getMethodNamesForJMethodIds(I[I[I)[B+0
j  org.netbeans.lib.profiler.server.ProfilerInterface.getMethodNamesForJMethodIds([I)Lorg/netbeans/lib/profiler/wireprotocol/MethodNamesResponse;+20
j  org.netbeans.lib.profiler.server.ProfilerServer.handleClientCommand(Lorg/netbeans/lib/profiler/wireprotocol/Command;)V+691
j  org.netbeans.lib.profiler.server.ProfilerServer.listenToClient()V+48
j  org.netbeans.lib.profiler.server.ProfilerServer.run()V+22
v  ~StubRoutines::call_stub

siginfo: EXCEPTION_ACCESS_VIOLATION (0xc0000005), reading address 0x000000004281ac18


Register to memory mapping:

RIP=0x00007ffbf99fc5c5 jvm.dll
RAX=0x0000009a4147ea01 is pointing into the stack for thread: 0x0000009a40081800
RBX=0x0000009a40081800 is a thread
RCX=0x000000004281ac18 is an unknown value
RDX=0x0000009a40081800 is a thread
RSP=0x0000009a4147ea80 is pointing into the stack for thread: 0x0000009a40081800
RBP=0x000000004281ac18 is an unknown value
RSI=0x0000009a4147eba0 is pointing into the stack for thread: 0x0000009a40081800
RDI=0x0000009a1e54bbc0 points into unknown readable memory: c0 04 e3 f9 fb 7f 00 00
R8 =0x0000009a4147eba0 is pointing into the stack for thread: 0x0000009a40081800
R9 =0x0000009a44320000 is pointing into the stack for thread: 0x0000009a4269e000
R10=0x00007ffc2cc757d0 ntdll.dll
R11=0x0000009a4147ea78 is pointing into the stack for thread: 0x0000009a40081800
R12=0x0000009a4448c300 points into unknown readable memory: 18 ac 81 42 68 b7 0a 41
R13=0x0000000000000243 is an unknown value
R14=0x00007ffc1e599c68 profilerinterface.dll
R15=0x00007ffc1e599a60 profilerinterface.dll


Registers:
RAX=0x0000009a4147ea01, RBX=0x0000009a40081800, RCX=0x000000004281ac18, RDX=0x0000009a40081800
RSP=0x0000009a4147ea80, RBP=0x000000004281ac18, RSI=0x0000009a4147eba0, RDI=0x0000009a1e54bbc0
R8 =0x0000009a4147eba0, R9 =0x0000009a44320000, R10=0x00007ffc2cc757d0, R11=0x0000009a4147ea78
R12=0x0000009a4448c300, R13=0x0000000000000243, R14=0x00007ffc1e599c68, R15=0x00007ffc1e599a60
RIP=0x00007ffbf99fc5c5, EFLAGS=0x0000000000010206

Top of Stack: (sp=0x0000009a4147ea80)
0x0000009a4147ea80:   0000009a40081800 00007ffbf97f5bf3
0x0000009a4147ea90:   0000009a40081800 0000009a4448c300
0x0000009a4147eaa0:   0000009a40081800 00007ffbf98c3c84
0x0000009a4147eab0:   0000000000000243 0000009a40081800
0x0000009a4147eac0:   0000000000005a78 00007ffc2a8e1d76
0x0000009a4147ead0:   0000009a40081800 0000000000000000
0x0000009a4147eae0:   0000000000000000 0000000000000000
0x0000009a4147eaf0:   000000004281ac18 00007ffc1e5934da
0x0000009a4147eb00:   0000000000000000 0000009a40081b30
0x0000009a4147eb10:   0000000000200021 0000009a4147ec50
0x0000009a4147eb20:   0000009a4448c300 00007ffbf97a68c3
0x0000009a4147eb30:   0000009a4147f160 0000000000200021
0x0000009a4147eb40:   0000000000200021 0000009a290b61fd
0x0000009a4147eb50:   0000009a3f817668 0000009a40081800
0x0000009a4147eb60:   0000009a40081800 0000009a3f817668
0x0000009a4147eb70:   0000000000000000 0000009a29069880 

Instructions: (pc=0x00007ffbf99fc5c5)
0x00007ffbf99fc5a5:   cc cc cc cc cc cc cc cc cc cc cc 48 83 ec 28 48
0x00007ffbf99fc5b5:   85 c9 75 07 33 c0 48 83 c4 28 c3 48 89 5c 24 20
0x00007ffbf99fc5c5:   48 8b 19 48 85 db 74 20 48 83 fb 37 74 1a 48 8b
0x00007ffbf99fc5d5:   13 48 8b cb ff 52 10 84 c0 74 0d 48 8b c3 48 8b 


Stack slot to memory mapping:
stack at sp + 0 slots: 0x0000009a40081800 is a thread
stack at sp + 1 slots: 0x00007ffbf97f5bf3 jvm.dll
stack at sp + 2 slots: 0x0000009a40081800 is a thread
stack at sp + 3 slots: 0x0000009a4448c300 points into unknown readable memory: 18 ac 81 42 68 b7 0a 41
stack at sp + 4 slots: 0x0000009a40081800 is a thread
stack at sp + 5 slots: 0x00007ffbf98c3c84 jvm.dll
stack at sp + 6 slots: 0x0000000000000243 is an unknown value
stack at sp + 7 slots: 0x0000009a40081800 is a thread


---------------  P R O C E S S  ---------------

Threads class SMR info:
_java_thread_list=0x0000009a40e063a0, length=19, elements={
0x0000009a3fca9000, 0x0000009a3fcaa000, 0x0000009a3fcc1800, 0x0000009a3fcc4800,
0x0000009a3fcc6000, 0x0000009a3fd30000, 0x0000009a3fd35800, 0x0000009a3fdf8000,
0x0000009a40081800, 0x0000009a4009e800, 0x0000009a40c5b800, 0x0000009a40e55000,
0x0000009a40e2c000, 0x0000009a41254800, 0x0000009a41257800, 0x0000009a41208000,
0x0000009a41213000, 0x0000009a20cbf800, 0x0000009a4269e000
}

Java Threads: ( => current thread )
  0x0000009a3fca9000 JavaThread "Reference Handler" daemon [_thread_blocked, id=3596, stack(0x0000009a401a0000,0x0000009a402a0000)]
  0x0000009a3fcaa000 JavaThread "Finalizer" daemon [_thread_blocked, id=2964, stack(0x0000009a402a0000,0x0000009a403a0000)]
  0x0000009a3fcc1800 JavaThread "Signal Dispatcher" daemon [_thread_blocked, id=5872, stack(0x0000009a40480000,0x0000009a40580000)]
  0x0000009a3fcc4800 JavaThread "Attach Listener" daemon [_thread_blocked, id=4288, stack(0x0000009a40580000,0x0000009a40680000)]
  0x0000009a3fcc6000 JavaThread "C2 CompilerThread0" daemon [_thread_in_native, id=11924, stack(0x0000009a40680000,0x0000009a40780000)]
  0x0000009a3fd30000 JavaThread "C1 CompilerThread0" daemon [_thread_blocked, id=4580, stack(0x0000009a40780000,0x0000009a40880000)]
  0x0000009a3fd35800 JavaThread "Sweeper thread" daemon [_thread_blocked, id=6732, stack(0x0000009a40880000,0x0000009a40980000)]
  0x0000009a3fdf8000 JavaThread "Common-Cleaner" daemon [_thread_blocked, id=11592, stack(0x0000009a40980000,0x0000009a40a80000)]
=>0x0000009a40081800 JavaThread "*** Profiler Agent Communication Thread" daemon [_thread_in_vm, id=7948, stack(0x0000009a41380000,0x0000009a41480000)]
  0x0000009a4009e800 JavaThread "*** JFluid Monitor thread ***" daemon [_thread_blocked, id=5356, stack(0x0000009a41680000,0x0000009a41780000)]
  0x0000009a40c5b800 JavaThread "*** Profiler Agent Special Execution Thread 6" daemon [_thread_blocked, id=8492, stack(0x0000009a41780000,0x0000009a41880000)]
  0x0000009a40e55000 JavaThread "*** Profiler Agent Special Execution Thread 10" daemon [_thread_blocked, id=10744, stack(0x0000009a41eb0000,0x0000009a41fb0000)]
  0x0000009a40e2c000 JavaThread "Service Thread" daemon [_thread_blocked, id=5064, stack(0x0000009a41db0000,0x0000009a41eb0000)]
  0x0000009a41254800 JavaThread "Java2D Disposer" daemon [_thread_blocked, id=14272, stack(0x0000009a421a0000,0x0000009a422a0000)]
  0x0000009a41257800 JavaThread "AWT-Shutdown" [_thread_blocked, id=13588, stack(0x0000009a422a0000,0x0000009a423a0000)]
  0x0000009a41208000 JavaThread "AWT-Windows" daemon [_thread_in_native, id=6760, stack(0x0000009a423a0000,0x0000009a424a0000)]
  0x0000009a41213000 JavaThread "AWT-EventQueue-0" [_thread_blocked, id=12120, stack(0x0000009a43610000,0x0000009a43710000)]
  0x0000009a20cbf800 JavaThread "DestroyJavaVM" [_thread_blocked, id=7576, stack(0x0000009a20330000,0x0000009a20430000)]
  0x0000009a4269e000 JavaThread "Image Fetcher 0" daemon [_thread_blocked, id=1060, stack(0x0000009a44220000,0x0000009a44320000)]

Other Threads:
  0x0000009a3f29e000 VMThread "VM Thread" [stack: 0x0000009a400a0000,0x0000009a401a0000] [id=14172]
  0x0000009a40e58800 WatcherThread [stack: 0x0000009a41fb0000,0x0000009a420b0000] [id=8316]
  0x0000009a20cfd000 GCTaskThread "GC Thread#0" [stack: 0x0000009a20aa0000,0x0000009a20ba0000] [id=9424]
  0x0000009a410c2800 GCTaskThread "GC Thread#1" [stack: 0x0000009a43b20000,0x0000009a43c20000] [id=1212]
  0x0000009a410c3000 GCTaskThread "GC Thread#2" [stack: 0x0000009a43c20000,0x0000009a43d20000] [id=5052]
  0x0000009a410c1800 GCTaskThread "GC Thread#3" [stack: 0x0000009a43d20000,0x0000009a43e20000] [id=12388]
  0x0000009a20d0b800 ConcurrentGCThread "G1 Main Marker" [stack: 0x0000009a3ca50000,0x0000009a3cb50000] [id=8320]
  0x0000009a20d0f800 ConcurrentGCThread "G1 Conc#0" [stack: 0x0000009a3cb50000,0x0000009a3cc50000] [id=13212]
  0x0000009a3f111000 ConcurrentGCThread "G1 Refine#0" [stack: 0x0000009a3f2a0000,0x0000009a3f3a0000] [id=3252]
  0x0000009a3ff4b000 ConcurrentGCThread "G1 Refine#1" [stack: 0x0000009a43e20000,0x0000009a43f20000] [id=4680]
  0x0000009a42697000 ConcurrentGCThread "G1 Refine#2" [stack: 0x0000009a43f20000,0x0000009a44020000] [id=6572]
  0x0000009a3f112000 ConcurrentGCThread "G1 Young RemSet Sampling" [stack: 0x0000009a3f3a0000,0x0000009a3f4a0000] [id=7684]

Threads with active compile tasks:
C2 CompilerThread0  1233       4       jdk.internal.org.objectweb.asm.Frame::execute (2305 bytes)

VM state:synchronizing (normal execution)

VM Mutex/Monitor currently owned by a thread:  ([mutex/lock_event])
[0x0000009a20cbc470] Threads_lock - owner thread: 0x0000009a3f29e000

Heap address: 0x0000000083e00000, size: 1986 MB, Compressed Oops mode: 32-bit
Narrow klass base: 0x0000000800000000, Narrow klass shift: 3
Compressed class space size: 1073741824 Address: 0x00000008011a0000

Heap:
 garbage-first heap   total 129024K, used 10753K [0x0000000083e00000, 0x0000000100000000)
  region size 1024K, 3 young (3072K), 1 survivors (1024K)
 Metaspace       used 11865K, capacity 12332K, committed 12544K, reserved 1060864K
  class space    used 1323K, capacity 1528K, committed 1536K, reserved 1048576K
Heap Regions: E=young(eden), S=young(survivor), O=old, HS=humongous(starts), HC=humongous(continues), CS=collection set, F=free, A=archive, TAMS=top-at-mark-start (previous, next)
|   0|0x0000000083e00000, 0x0000000083f00000, 0x0000000083f00000|100%|HS|  |TAMS 0x0000000083e00000, 0x0000000083e00000| Complete 
|   1|0x0000000083f00000, 0x0000000084000000, 0x0000000084000000|100%|HS|  |TAMS 0x0000000083f00000, 0x0000000083f00000| Complete 
|   2|0x0000000084000000, 0x0000000084100000, 0x0000000084100000|100%|HC|  |TAMS 0x0000000084000000, 0x0000000084000000| Complete 
|   3|0x0000000084100000, 0x0000000084200000, 0x0000000084200000|100%| O|  |TAMS 0x0000000084100000, 0x0000000084100000| Untracked 
|   4|0x0000000084200000, 0x0000000084300000, 0x0000000084300000|100%| O|  |TAMS 0x0000000084200000, 0x0000000084200000| Untracked 
|   5|0x0000000084300000, 0x0000000084400000, 0x0000000084400000|100%| O|  |TAMS 0x0000000084300000, 0x0000000084300000| Untracked 
|   6|0x0000000084400000, 0x0000000084500000, 0x0000000084500000|100%| O|  |TAMS 0x0000000084400000, 0x0000000084400000| Untracked 
|   7|0x0000000084500000, 0x0000000084600000, 0x0000000084600000|100%| O|  |TAMS 0x0000000084500000, 0x0000000084500000| Untracked 
|   8|0x0000000084600000, 0x0000000084680408, 0x0000000084700000| 50%| O|  |TAMS 0x0000000084600000, 0x0000000084600000| Untracked 
|   9|0x0000000084700000, 0x0000000084700000, 0x0000000084800000|  0%| F|  |TAMS 0x0000000084700000, 0x0000000084700000| Untracked 
|  10|0x0000000084800000, 0x0000000084800000, 0x0000000084900000|  0%| F|  |TAMS 0x0000000084800000, 0x0000000084800000| Untracked 
|  11|0x0000000084900000, 0x0000000084900000, 0x0000000084a00000|  0%| F|  |TAMS 0x0000000084900000, 0x0000000084900000| Untracked 
|  12|0x0000000084a00000, 0x0000000084a00000, 0x0000000084b00000|  0%| F|  |TAMS 0x0000000084a00000, 0x0000000084a00000| Untracked 
|  13|0x0000000084b00000, 0x0000000084b00000, 0x0000000084c00000|  0%| F|  |TAMS 0x0000000084b00000, 0x0000000084b00000| Untracked 
|  14|0x0000000084c00000, 0x0000000084c00000, 0x0000000084d00000|  0%| F|  |TAMS 0x0000000084c00000, 0x0000000084c00000| Untracked 
|  15|0x0000000084d00000, 0x0000000084d00000, 0x0000000084e00000|  0%| F|  |TAMS 0x0000000084d00000, 0x0000000084d00000| Untracked 
|  16|0x0000000084e00000, 0x0000000084e00000, 0x0000000084f00000|  0%| F|  |TAMS 0x0000000084e00000, 0x0000000084e00000| Untracked 
|  17|0x0000000084f00000, 0x0000000084f00000, 0x0000000085000000|  0%| F|  |TAMS 0x0000000084f00000, 0x0000000084f00000| Untracked 
|  18|0x0000000085000000, 0x0000000085000000, 0x0000000085100000|  0%| F|  |TAMS 0x0000000085000000, 0x0000000085000000| Untracked 
|  19|0x0000000085100000, 0x0000000085100000, 0x0000000085200000|  0%| F|  |TAMS 0x0000000085100000, 0x0000000085100000| Untracked 
|  20|0x0000000085200000, 0x0000000085200000, 0x0000000085300000|  0%| F|  |TAMS 0x0000000085200000, 0x0000000085200000| Untracked 
|  21|0x0000000085300000, 0x0000000085300000, 0x0000000085400000|  0%| F|  |TAMS 0x0000000085300000, 0x0000000085300000| Untracked 
|  22|0x0000000085400000, 0x0000000085400000, 0x0000000085500000|  0%| F|  |TAMS 0x0000000085400000, 0x0000000085400000| Untracked 
|  23|0x0000000085500000, 0x0000000085500000, 0x0000000085600000|  0%| F|  |TAMS 0x0000000085500000, 0x0000000085500000| Untracked 
|  24|0x0000000085600000, 0x0000000085600000, 0x0000000085700000|  0%| F|  |TAMS 0x0000000085600000, 0x0000000085600000| Untracked 
|  25|0x0000000085700000, 0x0000000085700000, 0x0000000085800000|  0%| F|  |TAMS 0x0000000085700000, 0x0000000085700000| Untracked 
|  26|0x0000000085800000, 0x0000000085800000, 0x0000000085900000|  0%| F|  |TAMS 0x0000000085800000, 0x0000000085800000| Untracked 
|  27|0x0000000085900000, 0x0000000085900000, 0x0000000085a00000|  0%| F|  |TAMS 0x0000000085900000, 0x0000000085900000| Untracked 
|  28|0x0000000085a00000, 0x0000000085a00000, 0x0000000085b00000|  0%| F|  |TAMS 0x0000000085a00000, 0x0000000085a00000| Untracked 
|  29|0x0000000085b00000, 0x0000000085b00000, 0x0000000085c00000|  0%| F|  |TAMS 0x0000000085b00000, 0x0000000085b00000| Untracked 
|  30|0x0000000085c00000, 0x0000000085c00000, 0x0000000085d00000|  0%| F|  |TAMS 0x0000000085c00000, 0x0000000085c00000| Untracked 
|  31|0x0000000085d00000, 0x0000000085d00000, 0x0000000085e00000|  0%| F|  |TAMS 0x0000000085d00000, 0x0000000085d00000| Untracked 
|  32|0x0000000085e00000, 0x0000000085e00000, 0x0000000085f00000|  0%| F|  |TAMS 0x0000000085e00000, 0x0000000085e00000| Untracked 
|  33|0x0000000085f00000, 0x0000000085f00000, 0x0000000086000000|  0%| F|  |TAMS 0x0000000085f00000, 0x0000000085f00000| Untracked 
|  34|0x0000000086000000, 0x0000000086000000, 0x0000000086100000|  0%| F|  |TAMS 0x0000000086000000, 0x0000000086000000| Untracked 
|  35|0x0000000086100000, 0x0000000086100000, 0x0000000086200000|  0%| F|  |TAMS 0x0000000086100000, 0x0000000086100000| Untracked 
|  36|0x0000000086200000, 0x0000000086200000, 0x0000000086300000|  0%| F|  |TAMS 0x0000000086200000, 0x0000000086200000| Untracked 
|  37|0x0000000086300000, 0x0000000086300000, 0x0000000086400000|  0%| F|  |TAMS 0x0000000086300000, 0x0000000086300000| Untracked 
|  38|0x0000000086400000, 0x0000000086400000, 0x0000000086500000|  0%| F|  |TAMS 0x0000000086400000, 0x0000000086400000| Untracked 
|  39|0x0000000086500000, 0x0000000086500000, 0x0000000086600000|  0%| F|  |TAMS 0x0000000086500000, 0x0000000086500000| Untracked 
|  40|0x0000000086600000, 0x0000000086600000, 0x0000000086700000|  0%| F|  |TAMS 0x0000000086600000, 0x0000000086600000| Untracked 
|  41|0x0000000086700000, 0x0000000086700000, 0x0000000086800000|  0%| F|  |TAMS 0x0000000086700000, 0x0000000086700000| Untracked 
|  42|0x0000000086800000, 0x0000000086800000, 0x0000000086900000|  0%| F|  |TAMS 0x0000000086800000, 0x0000000086800000| Untracked 
|  43|0x0000000086900000, 0x0000000086900000, 0x0000000086a00000|  0%| F|  |TAMS 0x0000000086900000, 0x0000000086900000| Untracked 
|  44|0x0000000086a00000, 0x0000000086a00000, 0x0000000086b00000|  0%| F|  |TAMS 0x0000000086a00000, 0x0000000086a00000| Untracked 
|  45|0x0000000086b00000, 0x0000000086b00000, 0x0000000086c00000|  0%| F|  |TAMS 0x0000000086b00000, 0x0000000086b00000| Untracked 
|  46|0x0000000086c00000, 0x0000000086c00000, 0x0000000086d00000|  0%| F|  |TAMS 0x0000000086c00000, 0x0000000086c00000| Untracked 
|  47|0x0000000086d00000, 0x0000000086d00000, 0x0000000086e00000|  0%| F|  |TAMS 0x0000000086d00000, 0x0000000086d00000| Untracked 
|  48|0x0000000086e00000, 0x0000000086e00000, 0x0000000086f00000|  0%| F|  |TAMS 0x0000000086e00000, 0x0000000086e00000| Untracked 
|  49|0x0000000086f00000, 0x0000000086f00000, 0x0000000087000000|  0%| F|  |TAMS 0x0000000086f00000, 0x0000000086f00000| Untracked 
|  50|0x0000000087000000, 0x0000000087000000, 0x0000000087100000|  0%| F|  |TAMS 0x0000000087000000, 0x0000000087000000| Untracked 
|  51|0x0000000087100000, 0x0000000087100000, 0x0000000087200000|  0%| F|  |TAMS 0x0000000087100000, 0x0000000087100000| Untracked 
|  52|0x0000000087200000, 0x0000000087200000, 0x0000000087300000|  0%| F|  |TAMS 0x0000000087200000, 0x0000000087200000| Untracked 
|  53|0x0000000087300000, 0x0000000087300000, 0x0000000087400000|  0%| F|  |TAMS 0x0000000087300000, 0x0000000087300000| Untracked 
|  54|0x0000000087400000, 0x0000000087400000, 0x0000000087500000|  0%| F|  |TAMS 0x0000000087400000, 0x0000000087400000| Untracked 
|  55|0x0000000087500000, 0x0000000087500000, 0x0000000087600000|  0%| F|  |TAMS 0x0000000087500000, 0x0000000087500000| Untracked 
|  56|0x0000000087600000, 0x0000000087600000, 0x0000000087700000|  0%| F|  |TAMS 0x0000000087600000, 0x0000000087600000| Untracked 
|  57|0x0000000087700000, 0x0000000087700000, 0x0000000087800000|  0%| F|  |TAMS 0x0000000087700000, 0x0000000087700000| Untracked 
|  58|0x0000000087800000, 0x0000000087800000, 0x0000000087900000|  0%| F|  |TAMS 0x0000000087800000, 0x0000000087800000| Untracked 
|  59|0x0000000087900000, 0x0000000087900000, 0x0000000087a00000|  0%| F|  |TAMS 0x0000000087900000, 0x0000000087900000| Untracked 
|  60|0x0000000087a00000, 0x0000000087a00000, 0x0000000087b00000|  0%| F|  |TAMS 0x0000000087a00000, 0x0000000087a00000| Untracked 
|  61|0x0000000087b00000, 0x0000000087b00000, 0x0000000087c00000|  0%| F|  |TAMS 0x0000000087b00000, 0x0000000087b00000| Untracked 
|  62|0x0000000087c00000, 0x0000000087c00000, 0x0000000087d00000|  0%| F|  |TAMS 0x0000000087c00000, 0x0000000087c00000| Untracked 
|  63|0x0000000087d00000, 0x0000000087d00000, 0x0000000087e00000|  0%| F|  |TAMS 0x0000000087d00000, 0x0000000087d00000| Untracked 
|  64|0x0000000087e00000, 0x0000000087e00000, 0x0000000087f00000|  0%| F|  |TAMS 0x0000000087e00000, 0x0000000087e00000| Untracked 
|  65|0x0000000087f00000, 0x0000000087f00000, 0x0000000088000000|  0%| F|  |TAMS 0x0000000087f00000, 0x0000000087f00000| Untracked 
|  66|0x0000000088000000, 0x0000000088000000, 0x0000000088100000|  0%| F|  |TAMS 0x0000000088000000, 0x0000000088000000| Untracked 
|  67|0x0000000088100000, 0x0000000088100000, 0x0000000088200000|  0%| F|  |TAMS 0x0000000088100000, 0x0000000088100000| Untracked 
|  68|0x0000000088200000, 0x0000000088200000, 0x0000000088300000|  0%| F|  |TAMS 0x0000000088200000, 0x0000000088200000| Untracked 
|  69|0x0000000088300000, 0x0000000088300000, 0x0000000088400000|  0%| F|  |TAMS 0x0000000088300000, 0x0000000088300000| Untracked 
|  70|0x0000000088400000, 0x0000000088400000, 0x0000000088500000|  0%| F|  |TAMS 0x0000000088400000, 0x0000000088400000| Untracked 
|  71|0x0000000088500000, 0x0000000088500000, 0x0000000088600000|  0%| F|  |TAMS 0x0000000088500000, 0x0000000088500000| Untracked 
|  72|0x0000000088600000, 0x0000000088600000, 0x0000000088700000|  0%| F|  |TAMS 0x0000000088600000, 0x0000000088600000| Untracked 
|  73|0x0000000088700000, 0x0000000088700000, 0x0000000088800000|  0%| F|  |TAMS 0x0000000088700000, 0x0000000088700000| Untracked 
|  74|0x0000000088800000, 0x0000000088800000, 0x0000000088900000|  0%| F|  |TAMS 0x0000000088800000, 0x0000000088800000| Untracked 
|  75|0x0000000088900000, 0x0000000088900000, 0x0000000088a00000|  0%| F|  |TAMS 0x0000000088900000, 0x0000000088900000| Untracked 
|  76|0x0000000088a00000, 0x0000000088a00000, 0x0000000088b00000|  0%| F|  |TAMS 0x0000000088a00000, 0x0000000088a00000| Untracked 
|  77|0x0000000088b00000, 0x0000000088b00000, 0x0000000088c00000|  0%| F|  |TAMS 0x0000000088b00000, 0x0000000088b00000| Untracked 
|  78|0x0000000088c00000, 0x0000000088c00000, 0x0000000088d00000|  0%| F|  |TAMS 0x0000000088c00000, 0x0000000088c00000| Untracked 
|  79|0x0000000088d00000, 0x0000000088d00000, 0x0000000088e00000|  0%| F|  |TAMS 0x0000000088d00000, 0x0000000088d00000| Untracked 
|  80|0x0000000088e00000, 0x0000000088e00000, 0x0000000088f00000|  0%| F|  |TAMS 0x0000000088e00000, 0x0000000088e00000| Untracked 
|  81|0x0000000088f00000, 0x0000000088f00000, 0x0000000089000000|  0%| F|  |TAMS 0x0000000088f00000, 0x0000000088f00000| Untracked 
|  82|0x0000000089000000, 0x0000000089000000, 0x0000000089100000|  0%| F|  |TAMS 0x0000000089000000, 0x0000000089000000| Untracked 
|  83|0x0000000089100000, 0x0000000089100000, 0x0000000089200000|  0%| F|  |TAMS 0x0000000089100000, 0x0000000089100000| Untracked 
|  84|0x0000000089200000, 0x0000000089200000, 0x0000000089300000|  0%| F|  |TAMS 0x0000000089200000, 0x0000000089200000| Untracked 
|  85|0x0000000089300000, 0x0000000089300000, 0x0000000089400000|  0%| F|  |TAMS 0x0000000089300000, 0x0000000089300000| Untracked 
|  86|0x0000000089400000, 0x0000000089400000, 0x0000000089500000|  0%| F|  |TAMS 0x0000000089400000, 0x0000000089400000| Untracked 
|  87|0x0000000089500000, 0x0000000089500000, 0x0000000089600000|  0%| F|  |TAMS 0x0000000089500000, 0x0000000089500000| Untracked 
|  88|0x0000000089600000, 0x0000000089600000, 0x0000000089700000|  0%| F|  |TAMS 0x0000000089600000, 0x0000000089600000| Untracked 
|  89|0x0000000089700000, 0x0000000089700000, 0x0000000089800000|  0%| F|  |TAMS 0x0000000089700000, 0x0000000089700000| Untracked 
|  90|0x0000000089800000, 0x0000000089800000, 0x0000000089900000|  0%| F|  |TAMS 0x0000000089800000, 0x0000000089800000| Untracked 
|  91|0x0000000089900000, 0x0000000089900000, 0x0000000089a00000|  0%| F|  |TAMS 0x0000000089900000, 0x0000000089900000| Untracked 
|  92|0x0000000089a00000, 0x0000000089a00000, 0x0000000089b00000|  0%| F|  |TAMS 0x0000000089a00000, 0x0000000089a00000| Untracked 
|  93|0x0000000089b00000, 0x0000000089b00000, 0x0000000089c00000|  0%| F|  |TAMS 0x0000000089b00000, 0x0000000089b00000| Untracked 
|  94|0x0000000089c00000, 0x0000000089c00000, 0x0000000089d00000|  0%| F|  |TAMS 0x0000000089c00000, 0x0000000089c00000| Untracked 
|  95|0x0000000089d00000, 0x0000000089d00000, 0x0000000089e00000|  0%| F|  |TAMS 0x0000000089d00000, 0x0000000089d00000| Untracked 
|  96|0x0000000089e00000, 0x0000000089e00000, 0x0000000089f00000|  0%| F|  |TAMS 0x0000000089e00000, 0x0000000089e00000| Untracked 
|  97|0x0000000089f00000, 0x0000000089f00000, 0x000000008a000000|  0%| F|  |TAMS 0x0000000089f00000, 0x0000000089f00000| Untracked 
|  98|0x000000008a000000, 0x000000008a000000, 0x000000008a100000|  0%| F|  |TAMS 0x000000008a000000, 0x000000008a000000| Untracked 
|  99|0x000000008a100000, 0x000000008a100000, 0x000000008a200000|  0%| F|  |TAMS 0x000000008a100000, 0x000000008a100000| Untracked 
| 100|0x000000008a200000, 0x000000008a200000, 0x000000008a300000|  0%| F|  |TAMS 0x000000008a200000, 0x000000008a200000| Untracked 
| 101|0x000000008a300000, 0x000000008a300000, 0x000000008a400000|  0%| F|  |TAMS 0x000000008a300000, 0x000000008a300000| Untracked 
| 102|0x000000008a400000, 0x000000008a400000, 0x000000008a500000|  0%| F|  |TAMS 0x000000008a400000, 0x000000008a400000| Untracked 
| 103|0x000000008a500000, 0x000000008a500000, 0x000000008a600000|  0%| F|  |TAMS 0x000000008a500000, 0x000000008a500000| Untracked 
| 104|0x000000008a600000, 0x000000008a600000, 0x000000008a700000|  0%| F|  |TAMS 0x000000008a600000, 0x000000008a600000| Untracked 
| 105|0x000000008a700000, 0x000000008a700000, 0x000000008a800000|  0%| F|  |TAMS 0x000000008a700000, 0x000000008a700000| Untracked 
| 106|0x000000008a800000, 0x000000008a800000, 0x000000008a900000|  0%| F|  |TAMS 0x000000008a800000, 0x000000008a800000| Untracked 
| 107|0x000000008a900000, 0x000000008a900000, 0x000000008aa00000|  0%| F|  |TAMS 0x000000008a900000, 0x000000008a900000| Untracked 
| 108|0x000000008aa00000, 0x000000008aa00000, 0x000000008ab00000|  0%| F|  |TAMS 0x000000008aa00000, 0x000000008aa00000| Untracked 
| 109|0x000000008ab00000, 0x000000008ab00000, 0x000000008ac00000|  0%| F|  |TAMS 0x000000008ab00000, 0x000000008ab00000| Untracked 
| 110|0x000000008ac00000, 0x000000008ac00000, 0x000000008ad00000|  0%| F|  |TAMS 0x000000008ac00000, 0x000000008ac00000| Untracked 
| 111|0x000000008ad00000, 0x000000008ad00000, 0x000000008ae00000|  0%| F|  |TAMS 0x000000008ad00000, 0x000000008ad00000| Untracked 
| 112|0x000000008ae00000, 0x000000008ae00000, 0x000000008af00000|  0%| F|  |TAMS 0x000000008ae00000, 0x000000008ae00000| Untracked 
| 113|0x000000008af00000, 0x000000008af00000, 0x000000008b000000|  0%| F|  |TAMS 0x000000008af00000, 0x000000008af00000| Untracked 
| 114|0x000000008b000000, 0x000000008b000000, 0x000000008b100000|  0%| F|  |TAMS 0x000000008b000000, 0x000000008b000000| Untracked 
| 115|0x000000008b100000, 0x000000008b100000, 0x000000008b200000|  0%| F|  |TAMS 0x000000008b100000, 0x000000008b100000| Untracked 
| 116|0x000000008b200000, 0x000000008b200000, 0x000000008b300000|  0%| F|  |TAMS 0x000000008b200000, 0x000000008b200000| Untracked 
| 117|0x000000008b300000, 0x000000008b300000, 0x000000008b400000|  0%| F|  |TAMS 0x000000008b300000, 0x000000008b300000| Untracked 
| 118|0x000000008b400000, 0x000000008b400000, 0x000000008b500000|  0%| F|  |TAMS 0x000000008b400000, 0x000000008b400000| Untracked 
| 119|0x000000008b500000, 0x000000008b500000, 0x000000008b600000|  0%| F|  |TAMS 0x000000008b500000, 0x000000008b500000| Untracked 
| 120|0x000000008b600000, 0x000000008b700000, 0x000000008b700000|100%| S|CS|TAMS 0x000000008b600000, 0x000000008b600000| Complete 
| 121|0x000000008b700000, 0x000000008b700000, 0x000000008b800000|  0%| F|  |TAMS 0x000000008b700000, 0x000000008b700000| Untracked 
| 122|0x000000008b800000, 0x000000008b800000, 0x000000008b900000|  0%| F|  |TAMS 0x000000008b800000, 0x000000008b800000| Untracked 
| 123|0x000000008b900000, 0x000000008b900000, 0x000000008ba00000|  0%| F|  |TAMS 0x000000008b900000, 0x000000008b900000| Untracked 
| 124|0x000000008ba00000, 0x000000008bad85e8, 0x000000008bb00000| 84%| E|  |TAMS 0x000000008ba00000, 0x000000008ba00000| Complete 
| 125|0x000000008bb00000, 0x000000008bc00000, 0x000000008bc00000|100%| E|CS|TAMS 0x000000008bb00000, 0x000000008bb00000| Complete 

Card table byte_map: [0x0000009a38450000,0x0000009a38840000] _byte_map_base: 0x0000009a38031000

Marking Bits (Prev, Next): (CMBitMap*) 0x0000009a20cfe0b8, (CMBitMap*) 0x0000009a20cfe0f8
 Prev Bits: [0x0000009a38c30000, 0x0000009a3ab38000)
 Next Bits: [0x0000009a3ab40000, 0x0000009a3ca48000)

Polling page: 0x0000009a1e400000

Metaspace:

Usage:
  Non-class:     10.55 MB capacity,    10.29 MB ( 98%) used,   223.08 KB (  2%) free+waste,    39.25 KB ( <1%) overhead. 
      Class:      1.49 MB capacity,     1.29 MB ( 87%) used,   182.02 KB ( 12%) free+waste,    22.63 KB (  1%) overhead. 
       Both:     12.04 MB capacity,    11.59 MB ( 96%) used,   405.09 KB (  3%) free+waste,    61.88 KB ( <1%) overhead. 

Virtual space:
  Non-class space:       12.00 MB reserved,      10.75 MB ( 90%) committed 
      Class space:        1.00 GB reserved,       1.50 MB ( <1%) committed 
             Both:        1.01 GB reserved,      12.25 MB (  1%) committed 

Chunk freelists:
   Non-Class:  1.50 KB
       Class:  1.00 KB
        Both:  2.50 KB

CodeHeap 'non-profiled nmethods': size=120064Kb used=376Kb max_used=376Kb free=119687Kb
 bounds [0x0000009a30b20000, 0x0000009a30d90000, 0x0000009a38060000]
CodeHeap 'profiled nmethods': size=120000Kb used=2494Kb max_used=2494Kb free=117505Kb
 bounds [0x0000009a295f0000, 0x0000009a29860000, 0x0000009a30b20000]
CodeHeap 'non-nmethods': size=5696Kb used=1229Kb max_used=1232Kb free=4466Kb
 bounds [0x0000009a29060000, 0x0000009a292d0000, 0x0000009a295f0000]
 total_blobs=2149 nmethods=1344 adapters=505
 compilation: enabled
              stopped_count=0, restarted_count=0
 full_count=0

Compilation events (10 events):
Event: 3.115 Thread 0x0000009a3fd30000 nmethod 1337 0x0000009a30b7df10 code [0x0000009a30b7e0c0, 0x0000009a30b7e1f8]
Event: 3.116 Thread 0x0000009a3fd30000 1342       3       java.util.jar.JarFile::maybeInstantiateVerifier (112 bytes)
Event: 3.118 Thread 0x0000009a3fd30000 nmethod 1342 0x0000009a2985a010 code [0x0000009a2985a360, 0x0000009a2985b5e0]
Event: 3.122 Thread 0x0000009a3fd30000 1343       3       java.security.AccessControlContext::combine (205 bytes)
Event: 3.123 Thread 0x0000009a3fd30000 nmethod 1343 0x0000009a2985bc90 code [0x0000009a2985bee0, 0x0000009a2985caa0]
Event: 3.123 Thread 0x0000009a3fd30000 1344       3       java.net.URL::getDefaultPort (8 bytes)
Event: 3.124 Thread 0x0000009a3fd30000 nmethod 1344 0x0000009a2985cd90 code [0x0000009a2985cf60, 0x0000009a2985d1d8]
Event: 3.126 Thread 0x0000009a3fd30000 1345       3       java.util.WeakHashMap::put (162 bytes)
Event: 3.128 Thread 0x0000009a3fd30000 nmethod 1345 0x0000009a2985d290 code [0x0000009a2985d520, 0x0000009a2985e5c0]
Event: 3.170 Thread 0x0000009a3fd30000 1348       3       java.io.ObjectInputStream$BlockDataInputStream::readInt (73 bytes)

GC Heap History (4 events):
Event: 2.618 GC heap before
{Heap before GC invocations=0 (full 0):
 garbage-first heap   total 129024K, used 16384K [0x0000000083e00000, 0x0000000100000000)
  region size 1024K, 14 young (14336K), 0 survivors (0K)
 Metaspace       used 8879K, capacity 9297K, committed 9472K, reserved 1056768K
  class space    used 989K, capacity 1174K, committed 1280K, reserved 1048576K
}
Event: 2.626 GC heap after
{Heap after GC invocations=1 (full 0):
 garbage-first heap   total 129024K, used 8564K [0x0000000083e00000, 0x0000000100000000)
  region size 1024K, 2 young (2048K), 2 survivors (2048K)
 Metaspace       used 8879K, capacity 9297K, committed 9472K, reserved 1056768K
  class space    used 989K, capacity 1174K, committed 1280K, reserved 1048576K
}
Event: 2.896 GC heap before
{Heap before GC invocations=1 (full 0):
 garbage-first heap   total 129024K, used 13684K [0x0000000083e00000, 0x0000000100000000)
  region size 1024K, 7 young (7168K), 2 survivors (2048K)
 Metaspace       used 11291K, capacity 11706K, committed 12032K, reserved 1060864K
  class space    used 1258K, capacity 1426K, committed 1536K, reserved 1048576K
}
Event: 2.928 GC heap after
{Heap after GC invocations=2 (full 0):
 garbage-first heap   total 129024K, used 9729K [0x0000000083e00000, 0x0000000100000000)
  region size 1024K, 1 young (1024K), 1 survivors (1024K)
 Metaspace       used 11291K, capacity 11706K, committed 12032K, reserved 1060864K
  class space    used 1258K, capacity 1426K, committed 1536K, reserved 1048576K
}

Deoptimization events (10 events):
Event: 2.363 Thread 0x0000009a20cbf800 Uncommon trap: reason=unstable_if action=reinterpret pc=0x0000009a30b44c9c method=java.lang.StringUTF16.compress([CI[BII)I @ 20 c2
Event: 2.363 Thread 0x0000009a20cbf800 Uncommon trap: reason=unstable_if action=reinterpret pc=0x0000009a30b60df8 method=java.lang.AbstractStringBuilder.putStringAt(ILjava/lang/String;)V @ 8 c2
Event: 2.363 Thread 0x0000009a20cbf800 Uncommon trap: reason=unstable_if action=reinterpret pc=0x0000009a30b5ff5c method=java.lang.AbstractStringBuilder.putStringAt(ILjava/lang/String;)V @ 8 c2
Event: 2.363 Thread 0x0000009a20cbf800 Uncommon trap: reason=unstable_if action=reinterpret pc=0x0000009a30b57888 method=java.lang.AbstractStringBuilder.isLatin1()Z @ 10 c2
Event: 2.363 Thread 0x0000009a20cbf800 Uncommon trap: reason=unstable_if action=reinterpret pc=0x0000009a30b5d820 method=java.lang.String.getBytes([BIB)V @ 5 c2
Event: 2.640 Thread 0x0000009a41213000 Uncommon trap: reason=unstable_if action=reinterpret pc=0x0000009a30b44024 method=java.util.HashMap.hash(Ljava/lang/Object;)I @ 1 c2
Event: 2.708 Thread 0x0000009a4269e000 Uncommon trap: reason=unstable_if action=reinterpret pc=0x0000009a30b3cb08 method=java.lang.StringLatin1.canEncode(I)Z @ 4 c2
Event: 2.708 Thread 0x0000009a4269e000 Uncommon trap: reason=unstable_if action=reinterpret pc=0x0000009a30b3b3ec method=java.lang.AbstractStringBuilder.isLatin1()Z @ 10 c2
Event: 2.802 Thread 0x0000009a41213000 Uncommon trap: reason=unstable_if action=reinterpret pc=0x0000009a30b71a8c method=java.util.concurrent.ConcurrentHashMap.get(Ljava/lang/Object;)Ljava/lang/Object; @ 76 c2
Event: 2.889 Thread 0x0000009a41213000 Uncommon trap: reason=unstable_if action=reinterpret pc=0x0000009a30b23f08 method=java.lang.String.isLatin1()Z @ 10 c2

Classes redefined (0 events):
No events

Internal exceptions (10 events):
Event: 2.363 Thread 0x0000009a20cbf800 Exception <a 'java/io/FileNotFoundException'{0x000000008b1de058}> (0x000000008b1de058) thrown at [t:/workspace/open/src/hotspot/share/prims/jni.cpp, line 615]
Event: 2.386 Thread 0x0000009a20cbf800 Exception <a 'java/io/FileNotFoundException'{0x000000008b04b828}> (0x000000008b04b828) thrown at [t:/workspace/open/src/hotspot/share/prims/jni.cpp, line 615]
Event: 2.460 Thread 0x0000009a41208000 Exception <a 'java/lang/NoSuchMethodError'{0x000000008b094a38}: java.lang.invoke.DirectMethodHandle$Holder.invokeSpecial(Ljava/lang/Object;Ljava/lang/Object;)V> (0x000000008b094a38) thrown at [t:/workspace/open/src/hotspot/share/interpreter/linkResolver.c
Event: 2.464 Thread 0x0000009a20cbf800 Exception <a 'java/lang/NoSuchMethodError'{0x000000008b0e0d28}: java.lang.invoke.DirectMethodHandle$Holder.invokeStatic(Ljava/lang/Object;Ljava/lang/Object;Ljava/lang/Object;Ljava/lang/Object;Ljava/lang/Object;Ljava/lang/Object;Ljava/lang/Object;J)Ljava/l
Event: 2.564 Thread 0x0000009a41213000 Exception <a 'java/lang/NoSuchMethodError'{0x000000008ae32e28}: java.lang.invoke.DirectMethodHandle$Holder.invokeStatic(Ljava/lang/Object;ILjava/lang/Object;Ljava/lang/Object;Ljava/lang/Object;Ljava/lang/Object;)Ljava/lang/Object;> (0x000000008ae32e28) th
Event: 2.565 Thread 0x0000009a41213000 Exception <a 'java/lang/NoSuchMethodError'{0x000000008ae39a48}: java.lang.invoke.DirectMethodHandle$Holder.invokeStatic(Ljava/lang/Object;ILjava/lang/Object;Ljava/lang/Object;Ljava/lang/Object;)Ljava/lang/Object;> (0x000000008ae39a48) thrown at [t:/worksp
Event: 2.566 Thread 0x0000009a41213000 Exception <a 'java/lang/NoSuchMethodError'{0x000000008ae3d2a0}: java.lang.invoke.DirectMethodHandle$Holder.invokeSpecial(Ljava/lang/Object;Ljava/lang/Object;ILjava/lang/Object;Ljava/lang/Object;Ljava/lang/Object;)Ljava/lang/Object;> (0x000000008ae3d2a0) t
Event: 2.617 Thread 0x0000009a41213000 Exception <a 'java/lang/ClassNotFoundException'{0x000000008aeff2c8}: com/sun/swing/internal/plaf/metal/resources/spi/metalProvider> (0x000000008aeff2c8) thrown at [t:/workspace/open/src/hotspot/share/classfile/systemDictionary.cpp, line 235]
Event: 2.630 Thread 0x0000009a41213000 Exception <a 'java/lang/ClassNotFoundException'{0x000000008ba03ad8}: com/sun/swing/internal/plaf/basic/resources/spi/basicProvider> (0x000000008ba03ad8) thrown at [t:/workspace/open/src/hotspot/share/classfile/systemDictionary.cpp, line 235]
Event: 2.640 Thread 0x0000009a41213000 Implicit null exception at 0x0000009a30b43f88 to 0x0000009a30b4401a

Events (10 events):
Event: 3.131 loading class uk/co/caprica/vlcj/player/embedded/EmbeddedMediaPlayer
Event: 3.131 loading class uk/co/caprica/vlcj/player/embedded/EmbeddedMediaPlayer done
Event: 3.132 loading class uk/co/caprica/vlcj/factory/NativeLibraryMappingException
Event: 3.132 loading class uk/co/caprica/vlcj/factory/NativeLibraryMappingException done
Event: 3.133 loading class uk/co/caprica/vlcj/factory/discovery/NativeDiscovery
Event: 3.133 loading class uk/co/caprica/vlcj/factory/discovery/NativeDiscovery done
Event: 3.167 loading class org/netbeans/lib/profiler/wireprotocol/DumpResultsResponse
Event: 3.167 loading class org/netbeans/lib/profiler/wireprotocol/DumpResultsResponse done
Event: 3.169 loading class org/netbeans/lib/profiler/wireprotocol/GetMethodNamesForJMethodIdsCommand
Event: 3.170 loading class org/netbeans/lib/profiler/wireprotocol/GetMethodNamesForJMethodIdsCommand done


Dynamic libraries:
0x00007ff6e8f80000 - 0x00007ff6e8f8f000 	I:\Portable_programs\netbeans-11.0-bin\jdk-12.0.1\bin\java.exe
0x00007ffc2cc70000 - 0x00007ffc2ce1d000 	C:\Windows\SYSTEM32\ntdll.dll
0x00007ffc2a370000 - 0x00007ffc2a4ae000 	C:\Windows\system32\KERNEL32.DLL
0x00007ffc2a130000 - 0x00007ffc2a245000 	C:\Windows\system32\KERNELBASE.dll
0x00007ffc17200000 - 0x00007ffc17218000 	I:\Portable_programs\netbeans-11.0-bin\jdk-12.0.1\bin\jli.dll
0x00007ffc0db30000 - 0x00007ffc0db46000 	I:\Portable_programs\netbeans-11.0-bin\jdk-12.0.1\bin\VCRUNTIME140.dll
0x00007ffc229c0000 - 0x00007ffc229c4000 	I:\Portable_programs\netbeans-11.0-bin\jdk-12.0.1\bin\api-ms-win-crt-stdio-l1-1-0.dll
0x00007ffc17410000 - 0x00007ffc17414000 	I:\Portable_programs\netbeans-11.0-bin\jdk-12.0.1\bin\api-ms-win-crt-runtime-l1-1-0.dll
0x00007ffc16360000 - 0x00007ffc16363000 	I:\Portable_programs\netbeans-11.0-bin\jdk-12.0.1\bin\api-ms-win-crt-environment-l1-1-0.dll
0x00007ffc14880000 - 0x00007ffc14885000 	I:\Portable_programs\netbeans-11.0-bin\jdk-12.0.1\bin\api-ms-win-crt-math-l1-1-0.dll
0x00007ffc0d7c0000 - 0x00007ffc0d7c3000 	I:\Portable_programs\netbeans-11.0-bin\jdk-12.0.1\bin\api-ms-win-crt-locale-l1-1-0.dll
0x00007ffc0db20000 - 0x00007ffc0db23000 	I:\Portable_programs\netbeans-11.0-bin\jdk-12.0.1\bin\api-ms-win-crt-heap-l1-1-0.dll
0x00007ffc2a6e0000 - 0x00007ffc2a78a000 	C:\Windows\system32\ADVAPI32.dll
0x00007ffc27de0000 - 0x00007ffc2805b000 	C:\Windows\WinSxS\amd64_microsoft.windows.common-controls_6595b64144ccf1df_6.0.9600.18006_none_623f33d3ecbe86e8\COMCTL32.dll
0x00007ffc2c8c0000 - 0x00007ffc2ca37000 	C:\Windows\system32\USER32.dll
0x00007ffc29d50000 - 0x00007ffc29d5a000 	C:\Windows\SYSTEM32\VERSION.dll
0x00007ffc0f0e0000 - 0x00007ffc0f0e3000 	I:\Portable_programs\netbeans-11.0-bin\jdk-12.0.1\bin\api-ms-win-crt-filesystem-l1-1-0.dll
0x00007ffc178f0000 - 0x00007ffc178f4000 	I:\Portable_programs\netbeans-11.0-bin\jdk-12.0.1\bin\api-ms-win-crt-string-l1-1-0.dll
0x00007ffc171f0000 - 0x00007ffc171f4000 	I:\Portable_programs\netbeans-11.0-bin\jdk-12.0.1\bin\api-ms-win-crt-convert-l1-1-0.dll
0x00007ffc2a8e0000 - 0x00007ffc2a98a000 	C:\Windows\system32\msvcrt.dll
0x00007ffc2cc10000 - 0x00007ffc2cc69000 	C:\Windows\SYSTEM32\sechost.dll
0x00007ffc2a4c0000 - 0x00007ffc2a600000 	C:\Windows\system32\RPCRT4.dll
0x00007ffc2a790000 - 0x00007ffc2a8db000 	C:\Windows\system32\GDI32.dll
0x00007ffc09b60000 - 0x00007ffc09c56000 	I:\Portable_programs\netbeans-11.0-bin\jdk-12.0.1\bin\ucrtbase.DLL
0x00007ffc29e70000 - 0x00007ffc29e9e000 	C:\Windows\system32\SspiCli.dll
0x00007ffc2a990000 - 0x00007ffc2a9c6000 	C:\Windows\system32\IMM32.DLL
0x00007ffc2c500000 - 0x00007ffc2c651000 	C:\Windows\system32\MSCTF.dll
0x00007ffc29d60000 - 0x00007ffc29d90000 	C:\WINDOWS\system32\nvinitx.dll
0x000000005a510000 - 0x000000005a516000 	C:\Program Files\NVIDIA Corporation\CoProcManager\_etoured.dll
0x00007ffc27b40000 - 0x00007ffc27b78000 	C:\Program Files\NVIDIA Corporation\CoProcManager\nvd3d9wrapx.dll
0x00007ffc2bfc0000 - 0x00007ffc2c19a000 	C:\Windows\system32\SETUPAPI.dll
0x00007ffc29ea0000 - 0x00007ffc29eef000 	C:\Windows\system32\CFGMGR32.dll
0x00007ffc27b10000 - 0x00007ffc27b34000 	C:\Program Files\NVIDIA Corporation\CoProcManager\nvdxgiwrapx.dll
0x00007ffc0a690000 - 0x00007ffc0a73a000 	I:\Portable_programs\netbeans-11.0-bin\jdk-12.0.1\bin\msvcp140.dll
0x00007ffc0d730000 - 0x00007ffc0d735000 	I:\Portable_programs\netbeans-11.0-bin\jdk-12.0.1\bin\api-ms-win-crt-multibyte-l1-1-0.dll
0x00007ffc0ede0000 - 0x00007ffc0ede3000 	I:\Portable_programs\netbeans-11.0-bin\jdk-12.0.1\bin\api-ms-win-crt-time-l1-1-0.dll
0x00007ffc14b80000 - 0x00007ffc14b83000 	I:\Portable_programs\netbeans-11.0-bin\jdk-12.0.1\bin\api-ms-win-crt-utility-l1-1-0.dll
0x00007ffbf9410000 - 0x00007ffbf9f84000 	I:\Portable_programs\netbeans-11.0-bin\jdk-12.0.1\bin\server\jvm.dll
0x00007ffc1e710000 - 0x00007ffc1e719000 	C:\Windows\SYSTEM32\WSOCK32.dll
0x00007ffc26b40000 - 0x00007ffc26b62000 	C:\Windows\SYSTEM32\WINMM.dll
0x00007ffc2a360000 - 0x00007ffc2a367000 	C:\Windows\system32\PSAPI.DLL
0x00007ffc2bf00000 - 0x00007ffc2bf5a000 	C:\Windows\system32\WS2_32.dll
0x00007ffc25de0000 - 0x00007ffc25e0a000 	C:\Windows\SYSTEM32\WINMMBASE.dll
0x0000009a1e3e0000 - 0x0000009a1e3e9000 	C:\Windows\system32\NSI.dll
0x00007ffc28b70000 - 0x00007ffc28b98000 	C:\Windows\SYSTEM32\DEVOBJ.dll
0x00007ffc0d270000 - 0x00007ffc0d281000 	I:\Portable_programs\netbeans-11.0-bin\jdk-12.0.1\bin\verify.dll
0x00007ffc1efe0000 - 0x00007ffc1f169000 	C:\Windows\SYSTEM32\DBGHELP.DLL
0x00007ffc0d6e0000 - 0x00007ffc0d706000 	I:\Portable_programs\netbeans-11.0-bin\jdk-12.0.1\bin\java.dll
0x00007ffc1e590000 - 0x00007ffc1e59f000 	I:\Portable_programs\netbeans-11.0-bin\netbeans\profiler\lib\deployed\jdk16\windows-amd64\profilerinterface.dll
0x00007ffc0c4c0000 - 0x00007ffc0c4d7000 	I:\Portable_programs\netbeans-11.0-bin\jdk-12.0.1\bin\zip.dll
0x00007ffc0d8d0000 - 0x00007ffc0d8da000 	I:\Portable_programs\netbeans-11.0-bin\jdk-12.0.1\bin\jimage.dll
0x00007ffc2a9d0000 - 0x00007ffc2befc000 	C:\Windows\system32\SHELL32.dll
0x00007ffc2c210000 - 0x00007ffc2c422000 	C:\Windows\SYSTEM32\combase.dll
0x00007ffc2a300000 - 0x00007ffc2a354000 	C:\Windows\system32\SHLWAPI.dll
0x00007ffc28330000 - 0x00007ffc283e2000 	C:\Windows\SYSTEM32\SHCORE.dll
0x00007ffc29da0000 - 0x00007ffc29db5000 	C:\Windows\SYSTEM32\profapi.dll
0x00007ffc0c260000 - 0x00007ffc0c279000 	I:\Portable_programs\netbeans-11.0-bin\jdk-12.0.1\bin\net.dll
0x00007ffc1eee0000 - 0x00007ffc1efa7000 	C:\Windows\SYSTEM32\WINHTTP.dll
0x00007ffc1fb70000 - 0x00007ffc1fcf5000 	C:\Windows\SYSTEM32\urlmon.dll
0x00007ffc2c720000 - 0x00007ffc2c8b4000 	C:\Windows\system32\ole32.dll
0x00007ffc22300000 - 0x00007ffc225ca000 	C:\Windows\SYSTEM32\iertutil.dll
0x00007ffc225d0000 - 0x00007ffc228f1000 	C:\Windows\SYSTEM32\WININET.dll
0x00007ffc29310000 - 0x00007ffc29331000 	C:\Windows\SYSTEM32\USERENV.dll
0x00007ffc29540000 - 0x00007ffc29599000 	C:\Windows\system32\mswsock.dll
0x00007ffc0ba00000 - 0x00007ffc0ba13000 	I:\Portable_programs\netbeans-11.0-bin\jdk-12.0.1\bin\nio.dll
0x00007ffc0d000000 - 0x00007ffc0d009000 	I:\Portable_programs\netbeans-11.0-bin\jdk-12.0.1\bin\management.dll
0x00007ffc0cf80000 - 0x00007ffc0cf8c000 	I:\Portable_programs\netbeans-11.0-bin\jdk-12.0.1\bin\management_ext.dll
0x00007ffc29720000 - 0x00007ffc29740000 	C:\Windows\SYSTEM32\CRYPTSP.dll
0x00007ffc291e0000 - 0x00007ffc29216000 	C:\Windows\system32\rsaenh.dll
0x00007ffc29840000 - 0x00007ffc29866000 	C:\Windows\SYSTEM32\bcrypt.dll
0x00007ffc29bc0000 - 0x00007ffc29c23000 	C:\Windows\system32\bcryptprimitives.dll
0x00007ffc29c30000 - 0x00007ffc29c3b000 	C:\Windows\SYSTEM32\CRYPTBASE.dll
0x00007ffc232f0000 - 0x00007ffc2331a000 	C:\Windows\SYSTEM32\IPHLPAPI.DLL
0x00007ffc238a0000 - 0x00007ffc238aa000 	C:\Windows\SYSTEM32\WINNSI.DLL
0x00007ffc20c40000 - 0x00007ffc20c56000 	C:\Windows\SYSTEM32\dhcpcsvc6.DLL
0x00007ffc20e40000 - 0x00007ffc20e5a000 	C:\Windows\SYSTEM32\dhcpcsvc.DLL
0x00007ffc14910000 - 0x00007ffc14952000 	C:\Users\123\AppData\Local\Temp\jna-48690\jna8568233895472421765.dll
0x00007ffbfe270000 - 0x00007ffbfe40f000 	I:\Portable_programs\netbeans-11.0-bin\jdk-12.0.1\bin\awt.dll
0x00007ffc2a600000 - 0x00007ffc2a6c6000 	C:\Windows\system32\OLEAUT32.dll
0x00007ffc247a0000 - 0x00007ffc24c21000 	C:\Windows\SYSTEM32\d2d1.dll
0x00007ffc28900000 - 0x00007ffc2898e000 	C:\Windows\system32\apphelp.dll
0x00007ffc289d0000 - 0x00007ffc28af9000 	C:\Windows\system32\uxtheme.dll
0x00007ffc280d0000 - 0x00007ffc280f1000 	C:\Windows\system32\dwmapi.dll
0x00007ffc28ba0000 - 0x00007ffc28bab000 	C:\Windows\SYSTEM32\kernel.appcore.dll
0x00007ffbfead0000 - 0x00007ffbfebfb000 	C:\Windows\system32\opengl32.dll
0x00007ffc0c2c0000 - 0x00007ffc0c2ee000 	C:\Windows\SYSTEM32\GLU32.dll
0x00007ffc22f70000 - 0x00007ffc23068000 	C:\Windows\SYSTEM32\DDRAW.dll
0x00007ffc26e90000 - 0x00007ffc26e99000 	C:\Windows\SYSTEM32\DCIMAN32.dll
0x00007ffc0b580000 - 0x00007ffc0b600000 	I:\Portable_programs\netbeans-11.0-bin\jdk-12.0.1\bin\freetype.dll
0x00007ffc0b4d0000 - 0x00007ffc0b53f000 	I:\Portable_programs\netbeans-11.0-bin\jdk-12.0.1\bin\fontmanager.dll

dbghelp: loaded successfully - version: 4.0.5 - missing functions: none
symbol engine: initialized successfully - sym options: 0x614 - pdb path: .;I:\Portable_programs\netbeans-11.0-bin\jdk-12.0.1\bin;C:\Windows\SYSTEM32;C:\Windows\WinSxS\amd64_microsoft.windows.common-controls_6595b64144ccf1df_6.0.9600.18006_none_623f33d3ecbe86e8;C:\Program Files\NVIDIA Corporation\CoProcManager;I:\Portable_programs\netbeans-11.0-bin\jdk-12.0.1\bin\server;I:\Portable_programs\netbeans-11.0-bin\netbeans\profiler\lib\deployed\jdk16\windows-amd64;C:\Users\123\AppData\Local\Temp\jna-48690

VM Arguments:
jvm_args: -Dfile.encoding=UTF-8 -agentpath:I:/Portable_programs/netbeans-11.0-bin/netbeans/profiler/lib/deployed/jdk16/windows-amd64/profilerinterface.dll=I:\Portable_programs\netbeans-11.0-bin\netbeans\profiler\lib,5140,10 -XX:+HeapDumpOnOutOfMemoryError -XX:HeapDumpPath=I:\JavaProjects\VideoVLC\nbproject\private\profiler --module-path=I:\JavaProjects\VideoVLC\build\classes 
java_command: ru.Main
java_class_path (initial): I:\JavaProjects\VideoVLC\lib\Look_and_Feel_Graphics_Repository-1_0.jar;I:\JavaProjects\VideoVLC\lib\JBroTable-master\JBroTable-1.1.3.jar;I:\JavaProjects\VideoVLC\lib\MigLayout\miglayout-4.0.jar;I:\JavaProjects\VideoVLC\lib\MigLayout\miglayout-4.0-swing.jar;I:\JavaProjects\VideoVLC\lib\vlcj-4.1.0\vlcj-4.1.0.jar;I:\JavaProjects\VideoVLC\lib\vlcj-4.1.0\jna-5.2.0.jar;I:\JavaProjects\VideoVLC\lib\vlcj-4.1.0\jna-platform-5.2.0.jar;I:\JavaProjects\VideoVLC\lib\vlcj-4.1.0\vlcj-natives-4.1.0.jar;I:\JavaProjects\VideoVLC\lib\poi-4.1.0\poi-4.1.0.jar;I:\JavaProjects\VideoVLC\lib\poi-4.1.0\poi-ooxml-4.1.0.jar;I:\JavaProjects\VideoVLC\lib\poi-4.1.0\poi-ooxml-schemas-4.1.0.jar;I:\JavaProjects\VideoVLC\lib\poi-4.1.0\lib\log4j-1.2.17.jar;I:\JavaProjects\VideoVLC\lib\poi-4.1.0\ooxml-lib\curvesapi-1.06.jar;I:\JavaProjects\VideoVLC\lib\poi-4.1.0\ooxml-lib\xmlbeans-3.1.0.jar;I:\JavaProjects\VideoVLC\lib\poi-4.1.0\lib\commons-codec-1.12.jar;I:\JavaProjects\VideoVLC\lib\poi-4.1.0\lib\commons-collections4-4.3.jar;I:\JavaProjects\VideoVLC\lib\poi-4.1.0\lib\commons-compress-1.18.jar;I:\JavaProjects\VideoVLC\lib\poi-4.1.0\lib\commons-logging-1.2.jar;I:\JavaProjects\VideoVLC\lib\poi-4.1.0\lib\commons-math3-3.6.1.jar;I:\JavaProjects\VideoVLC\lib\batik-1.11\lib\batik-all-1.11.jar;I:\JavaProjects\VideoVLC\lib\jfreechart-1.0.19\lib\jfreechart-1.0.19.jar;I:\JavaProjects\VideoVLC\lib\batik-1.11\batik-rasterizer-1.11.jar;I:\JavaProjects\VideoVLC\lib\batik-1.11\batik-slideshow-1.11.jar;I:\JavaProjects\VideoVLC\lib\batik-1.11\batik-squiggle-1.11.jar;I:\JavaProjects\VideoVLC\lib\batik-1.11\batik-svgpp-1.11.jar;I:\JavaProjects\VideoVLC\lib\batik-1.11\batik-ttf2svg-1.11.jar;I:\JavaProjects\VideoVLC\build\classes
Launcher Type: SUN_STANDARD

[Global flags]
     intx CICompilerCount                          = 3                                         {product} {ergonomic}
     uint ConcGCThreads                            = 1                                         {product} {ergonomic}
     uint G1ConcRefinementThreads                  = 4                                         {product} {ergonomic}
   size_t G1HeapRegionSize                         = 1048576                                   {product} {ergonomic}
    uintx GCDrainStackTargetSize                   = 64                                        {product} {ergonomic}
     bool HeapDumpOnOutOfMemoryError               = true                                   {manageable} {command line}
    ccstr HeapDumpPath                             = I:\JavaProjects\VideoVLC\nbproject\private\profiler         {manageable} {command line}
   size_t InitialHeapSize                          = 132120576                                 {product} {ergonomic}
   size_t MarkStackSize                            = 4194304                                   {product} {ergonomic}
   size_t MaxHeapSize                              = 2082471936                                {product} {ergonomic}
   size_t MaxNewSize                               = 1248854016                                {product} {ergonomic}
   size_t MinHeapDeltaBytes                        = 1048576                                   {product} {ergonomic}
    uintx NonNMethodCodeHeapSize                   = 5830732                                {pd product} {ergonomic}
    uintx NonProfiledCodeHeapSize                  = 122913754                              {pd product} {ergonomic}
    uintx ProfiledCodeHeapSize                     = 122913754                              {pd product} {ergonomic}
    uintx ReservedCodeCacheSize                    = 251658240                              {pd product} {ergonomic}
     bool SegmentedCodeCache                       = true                                      {product} {ergonomic}
     bool UseCompressedClassPointers               = true                                 {lp64_product} {ergonomic}
     bool UseCompressedOops                        = true                                 {lp64_product} {ergonomic}
     bool UseG1GC                                  = true                                      {product} {ergonomic}
     bool UseLargePagesIndividualAllocation        = false                                  {pd product} {ergonomic}

Logging:
Log output configuration:
 #0: stdout all=warning uptime,level,tags
 #1: stderr all=off uptime,level,tags

Environment Variables:
JAVA_HOME=C:\Program Files\Java\jdk1.8.0_201
PATH=C:\Program Files (x86)\Common Files\Oracle\Java\javapath;C:\ProgramData\Oracle\Java\javapath;C:\Program Files (x86)\Intel\iCLS Client\;C:\Program Files\Intel\iCLS Client\;C:\Program Files\Broadcom\Broadcom 802.11 Network Adapter;C:\WINDOWS\system32;C:\WINDOWS;C:\WINDOWS\System32\Wbem;C:\WINDOWS\System32\WindowsPowerShell\v1.0\;C:\Program Files\Lenovo\Bluetooth Software\;C:\Program Files\Lenovo\Bluetooth Software\syswow64;C:\Program Files\Intel\Intel(R) Management Engine Components\DAL;C:\Program Files\Intel\Intel(R) Management Engine Components\IPT;C:\Program Files (x86)\Intel\Intel(R) Management Engine Components\DAL;C:\Program Files (x86)\Intel\Intel(R) Management Engine Components\IPT;C:\ProgramData\Lenovo\ReadyApps;C:\Program Files (x86)\NVIDIA Corporation\PhysX\Common;C:\Program Files\Microsoft\Web Platform Installer\;C:\Program Files (x86)\Microsoft ASP.NET\ASP.NET Web Pages\v1.0\;C:\Program Files (x86)\Windows Kits\8.0\Windows Performance Toolkit\;C:\Program Files\Microsoft SQL Server\110\Tools\Binn\;C:\Program Files\MATLAB\R2014b\runtime\win64;C:\Program Files\MATLAB\R2014b\bin;C:\Program Files\MATLAB\R2014b\polyspace\bin;C:\Windows\system32;C:\Windows;C:\Windows\System32\Wbem;C:\Windows\System32\WindowsPowerShell\v1.0\;C:\Program Files (x86)\AOMEI Backupper;C:\Program Files\Java\jdk1.8.0_201\bin\;C:\Program Files\Java\apache-maven-3.6.0\bin;C:\Program Files\Java\apache-maven-3.6.0\bin;C:\Program Files\Git\cmd;C:\Users\123\AppData\Local\GitHubDesktop\bin; C:\Program Files\Java\apache-maven-3.6.0\bin;C:\Program Files (x86)\Jar2Exe Wizard\
USERNAME=123
OS=Windows_NT
PROCESSOR_IDENTIFIER=Intel64 Family 6 Model 60 Stepping 3, GenuineIntel



---------------  S Y S T E M  ---------------

OS: Windows 8.1 , 64 bit Build 9600 (6.3.9600.17415)

CPU:total 4 (initial active 4) (2 cores per cpu, 2 threads per core) family 6 model 60 stepping 3, cmov, cx8, fxsr, mmx, sse, sse2, sse3, ssse3, sse4.1, sse4.2, popcnt, avx, avx2, aes, clmul, erms, lzcnt, ht, tsc, tscinvbit, bmi1, bmi2, fma

Memory: 4k page, system-wide physical 7941M (841M free)
TotalPageFile size 14557M (AvailPageFile size 4341M)
current process WorkingSet (physical memory assigned to process): 106M, peak: 107M
current process commit charge ("private bytes"): 248M, peak: 253M

vm_info: Java HotSpot(TM) 64-Bit Server VM (12.0.1+12) for windows-amd64 JRE (12.0.1+12), built on Apr  2 2019 14:02:19 by "mach5one" with MS VC++ 15.5 (VS2017)

END.
