#
# A fatal error has been detected by the Java Runtime Environment:
#
#  EXCEPTION_ACCESS_VIOLATION (0xc0000005) at pc=0x00007ffbf99fc5c5, pid=1672, tid=7052
#
# JRE version: Java(TM) SE Runtime Environment (12.0.1+12) (build 12.0.1+12)
# Java VM: Java HotSpot(TM) 64-Bit Server VM (12.0.1+12, mixed mode, sharing, tiered, compressed oops, g1 gc, windows-amd64)
# Problematic frame:
# V  [jvm.dll+0x5ec5c5]
#
# No core dump will be written. Minidumps are not enabled by default on client versions of Windows
#
# If you would like to submit a bug report, please visit:
#   http://bugreport.java.com/bugreport/crash.jsp
#

---------------  S U M M A R Y ------------

Command Line: -Dfile.encoding=UTF-8 -agentpath:I:/Portable_programs/netbeans-11.0-bin/netbeans/profiler/lib/deployed/jdk16/windows-amd64/profilerinterface.dll=I:\Portable_programs\netbeans-11.0-bin\netbeans\profiler\lib,5140,10 -XX:+HeapDumpOnOutOfMemoryError -XX:HeapDumpPath=I:\JavaProjects\VideoVLC\nbproject\private\profiler --module-path=I:\JavaProjects\VideoVLC\build\classes ru.Main

Host: Intel(R) Core(TM) i5-4200M CPU @ 2.50GHz, 4 cores, 7G,  Windows 8.1 , 64 bit Build 9600 (6.3.9600.17415)
Time: Sun Nov 24 12:13:42 2019 RTZ 2 (ceia) elapsed time: 2 seconds (0d 0h 0m 2s)

---------------  T H R E A D  ---------------

Current thread (0x0000000305f69800):  JavaThread "*** Profiler Agent Communication Thread" daemon [_thread_in_vm, id=7052, stack(0x0000000306730000,0x0000000306830000)]

Stack: [0x0000000306730000,0x0000000306830000],  sp=0x000000030682ef50,  free space=1019k
Native frames: (J=compiled Java code, j=interpreted, Vv=VM code, C=native code)
V  [jvm.dll+0x5ec5c5]
V  [jvm.dll+0x4b3c84]
C  [profilerinterface.dll+0x34da]

Java frames: (J=compiled Java code, j=interpreted, Vv=VM code)
j  org.netbeans.lib.profiler.server.system.Stacks.getMethodNamesForJMethodIds(I[I[I)[B+0
j  org.netbeans.lib.profiler.server.ProfilerInterface.getMethodNamesForJMethodIds([I)Lorg/netbeans/lib/profiler/wireprotocol/MethodNamesResponse;+20
j  org.netbeans.lib.profiler.server.ProfilerServer.handleClientCommand(Lorg/netbeans/lib/profiler/wireprotocol/Command;)V+691
j  org.netbeans.lib.profiler.server.ProfilerServer.listenToClient()V+48
j  org.netbeans.lib.profiler.server.ProfilerServer.run()V+22
v  ~StubRoutines::call_stub

siginfo: EXCEPTION_ACCESS_VIOLATION (0xc0000005), reading address 0x000000000622f760


Register to memory mapping:

RIP=0x00007ffbf99fc5c5 jvm.dll
RAX=0x000000030682ef01 is pointing into the stack for thread: 0x0000000305f69800
RBX=0x0000000305f69800 is a thread
RCX=0x000000000622f760 is an unknown value
RDX=0x0000000305f69800 is a thread
RSP=0x000000030682ef50 is pointing into the stack for thread: 0x0000000305f69800
RBP=0x000000000622f760 is an unknown value
RSI=0x000000030682f070 is pointing into the stack for thread: 0x0000000305f69800
RDI=0x00000003638dbbc0 points into unknown readable memory: c0 04 e3 f9 fb 7f 00 00
R8 =0x000000030682f070 is pointing into the stack for thread: 0x0000000305f69800
R9 =0x00000003095e0000 is pointing into the stack for thread: 0x0000000307c92000
R10=0x00007ffc2cc757d0 ntdll.dll
R11=0x000000030682ef48 is pointing into the stack for thread: 0x0000000305f69800
R12=0x0000000309779cc0 points into unknown readable memory: 60 f7 22 06 48 f2 22 06
R13=0x000000000000024b is an unknown value
R14=0x00007ffc1e599c68 profilerinterface.dll
R15=0x00007ffc1e599a60 profilerinterface.dll


Registers:
RAX=0x000000030682ef01, RBX=0x0000000305f69800, RCX=0x000000000622f760, RDX=0x0000000305f69800
RSP=0x000000030682ef50, RBP=0x000000000622f760, RSI=0x000000030682f070, RDI=0x00000003638dbbc0
R8 =0x000000030682f070, R9 =0x00000003095e0000, R10=0x00007ffc2cc757d0, R11=0x000000030682ef48
R12=0x0000000309779cc0, R13=0x000000000000024b, R14=0x00007ffc1e599c68, R15=0x00007ffc1e599a60
RIP=0x00007ffbf99fc5c5, EFLAGS=0x0000000000010206

Top of Stack: (sp=0x000000030682ef50)
0x000000030682ef50:   0000000305f69800 00007ffbf97f5bf3
0x000000030682ef60:   0000000305f69800 0000000309779cc0
0x000000030682ef70:   0000000305f69800 00007ffbf98c3c84
0x000000030682ef80:   000000000000024b 0000000305f69800
0x000000030682ef90:   0000000000005bb8 00007ffc2a8e1d76
0x000000030682efa0:   0000000305f69800 0000000000000000
0x000000030682efb0:   0000000000000000 0000000000000000
0x000000030682efc0:   000000000622f760 00007ffc1e5934da
0x000000030682efd0:   0000000000000000 0000000305f69b30
0x000000030682efe0:   0000000000200021 000000030682f120
0x000000030682eff0:   0000000309779cc0 00007ffbf97a68c3
0x000000030682f000:   000000030682f630 0000000000200021
0x000000030682f010:   0000000000200021 000000036e4461fd
0x000000030682f020:   0000000304bc6af0 0000000305f69800
0x000000030682f030:   0000000305f69800 0000000304bc6af0
0x000000030682f040:   0000000000000000 000000036e3f9880 

Instructions: (pc=0x00007ffbf99fc5c5)
0x00007ffbf99fc5a5:   cc cc cc cc cc cc cc cc cc cc cc 48 83 ec 28 48
0x00007ffbf99fc5b5:   85 c9 75 07 33 c0 48 83 c4 28 c3 48 89 5c 24 20
0x00007ffbf99fc5c5:   48 8b 19 48 85 db 74 20 48 83 fb 37 74 1a 48 8b
0x00007ffbf99fc5d5:   13 48 8b cb ff 52 10 84 c0 74 0d 48 8b c3 48 8b 


Stack slot to memory mapping:
stack at sp + 0 slots: 0x0000000305f69800 is a thread
stack at sp + 1 slots: 0x00007ffbf97f5bf3 jvm.dll
stack at sp + 2 slots: 0x0000000305f69800 is a thread
stack at sp + 3 slots: 0x0000000309779cc0 points into unknown readable memory: 60 f7 22 06 48 f2 22 06
stack at sp + 4 slots: 0x0000000305f69800 is a thread
stack at sp + 5 slots: 0x00007ffbf98c3c84 jvm.dll
stack at sp + 6 slots: 0x000000000000024b is an unknown value
stack at sp + 7 slots: 0x0000000305f69800 is a thread


---------------  P R O C E S S  ---------------

Threads class SMR info:
_java_thread_list=0x00000003065bdc30, length=19, elements={
0x0000000305152000, 0x000000030515c800, 0x000000030516a800, 0x000000030516e000,
0x000000030516f000, 0x00000003051da000, 0x00000003051df000, 0x000000030529d800,
0x0000000305f69800, 0x000000030554e000, 0x0000000306030800, 0x0000000306200000,
0x0000000306202000, 0x00000003065c7800, 0x00000003065ac800, 0x00000003065b1000,
0x00000003065b7800, 0x000000036604f800, 0x0000000307c92000
}

Java Threads: ( => current thread )
  0x0000000305152000 JavaThread "Reference Handler" daemon [_thread_blocked, id=4456, stack(0x0000000305550000,0x0000000305650000)]
  0x000000030515c800 JavaThread "Finalizer" daemon [_thread_blocked, id=6604, stack(0x0000000305650000,0x0000000305750000)]
  0x000000030516a800 JavaThread "Signal Dispatcher" daemon [_thread_blocked, id=12636, stack(0x0000000305830000,0x0000000305930000)]
  0x000000030516e000 JavaThread "Attach Listener" daemon [_thread_blocked, id=6988, stack(0x0000000305930000,0x0000000305a30000)]
  0x000000030516f000 JavaThread "C2 CompilerThread0" daemon [_thread_in_native, id=4140, stack(0x0000000305a30000,0x0000000305b30000)]
  0x00000003051da000 JavaThread "C1 CompilerThread0" daemon [_thread_blocked, id=11000, stack(0x0000000305b30000,0x0000000305c30000)]
  0x00000003051df000 JavaThread "Sweeper thread" daemon [_thread_blocked, id=1732, stack(0x0000000305c30000,0x0000000305d30000)]
  0x000000030529d800 JavaThread "Common-Cleaner" daemon [_thread_blocked, id=5780, stack(0x0000000305d30000,0x0000000305e30000)]
=>0x0000000305f69800 JavaThread "*** Profiler Agent Communication Thread" daemon [_thread_in_vm, id=7052, stack(0x0000000306730000,0x0000000306830000)]
  0x000000030554e000 JavaThread "*** JFluid Monitor thread ***" daemon [_thread_blocked, id=13620, stack(0x0000000306a30000,0x0000000306b30000)]
  0x0000000306030800 JavaThread "*** Profiler Agent Special Execution Thread 6" daemon [_thread_blocked, id=8668, stack(0x0000000306b30000,0x0000000306c30000)]
  0x0000000306200000 JavaThread "*** Profiler Agent Special Execution Thread 10" daemon [_thread_blocked, id=11432, stack(0x0000000307290000,0x0000000307390000)]
  0x0000000306202000 JavaThread "Service Thread" daemon [_thread_blocked, id=3248, stack(0x0000000307190000,0x0000000307290000)]
  0x00000003065c7800 JavaThread "Java2D Disposer" daemon [_thread_blocked, id=2236, stack(0x0000000307580000,0x0000000307680000)]
  0x00000003065ac800 JavaThread "AWT-Shutdown" [_thread_blocked, id=2524, stack(0x0000000307680000,0x0000000307780000)]
  0x00000003065b1000 JavaThread "AWT-Windows" daemon [_thread_in_native, id=6356, stack(0x0000000307780000,0x0000000307880000)]
  0x00000003065b7800 JavaThread "AWT-EventQueue-0" [_thread_blocked, id=13972, stack(0x0000000307a00000,0x0000000307b00000)]
  0x000000036604f800 JavaThread "DestroyJavaVM" [_thread_blocked, id=11740, stack(0x00000003656c0000,0x00000003657c0000)]
  0x0000000307c92000 JavaThread "Image Fetcher 0" daemon [_thread_blocked, id=14192, stack(0x00000003094e0000,0x00000003095e0000)]

Other Threads:
  0x0000000304646000 VMThread "VM Thread" [stack: 0x0000000305050000,0x0000000305150000] [id=6836]
  0x0000000306203800 WatcherThread [stack: 0x0000000307390000,0x0000000307490000] [id=14324]
  0x000000036608d000 GCTaskThread "GC Thread#0" [stack: 0x0000000365e30000,0x0000000365f30000] [id=13740]
  0x0000000306326800 GCTaskThread "GC Thread#1" [stack: 0x0000000308ee0000,0x0000000308fe0000] [id=12976]
  0x0000000307ca5800 GCTaskThread "GC Thread#2" [stack: 0x0000000308fe0000,0x00000003090e0000] [id=8964]
  0x00000003062db800 GCTaskThread "GC Thread#3" [stack: 0x00000003090e0000,0x00000003091e0000] [id=6036]
  0x000000036609b800 ConcurrentGCThread "G1 Main Marker" [stack: 0x000000037fed0000,0x000000037ffd0000] [id=6524]
  0x000000036609e800 ConcurrentGCThread "G1 Conc#0" [stack: 0x0000000301f10000,0x0000000302010000] [id=7588]
  0x00000003044bf800 ConcurrentGCThread "G1 Refine#0" [stack: 0x0000000304650000,0x0000000304750000] [id=7476]
  0x0000000305462000 ConcurrentGCThread "G1 Refine#1" [stack: 0x00000003091e0000,0x00000003092e0000] [id=13508]
  0x00000003044c0800 ConcurrentGCThread "G1 Young RemSet Sampling" [stack: 0x0000000304750000,0x0000000304850000] [id=12964]

Threads with active compile tasks:
C2 CompilerThread0  1222       4       jdk.internal.org.objectweb.asm.Frame::execute (2305 bytes)

VM state:synchronizing (normal execution)

VM Mutex/Monitor currently owned by a thread:  ([mutex/lock_event])
[0x000000036604d550] Threads_lock - owner thread: 0x0000000304646000

Heap address: 0x0000000083e00000, size: 1986 MB, Compressed Oops mode: 32-bit
Narrow klass base: 0x0000000800000000, Narrow klass shift: 3
Compressed class space size: 1073741824 Address: 0x00000008011a0000

Heap:
 garbage-first heap   total 129024K, used 10952K [0x0000000083e00000, 0x0000000100000000)
  region size 1024K, 3 young (3072K), 1 survivors (1024K)
 Metaspace       used 12108K, capacity 12466K, committed 12544K, reserved 1060864K
  class space    used 1359K, capacity 1530K, committed 1536K, reserved 1048576K
Heap Regions: E=young(eden), S=young(survivor), O=old, HS=humongous(starts), HC=humongous(continues), CS=collection set, F=free, A=archive, TAMS=top-at-mark-start (previous, next)
|   0|0x0000000083e00000, 0x0000000083f00000, 0x0000000083f00000|100%|HS|  |TAMS 0x0000000083e00000, 0x0000000083e00000| Complete 
|   1|0x0000000083f00000, 0x0000000084000000, 0x0000000084000000|100%|HS|  |TAMS 0x0000000083f00000, 0x0000000083f00000| Complete 
|   2|0x0000000084000000, 0x0000000084100000, 0x0000000084100000|100%|HC|  |TAMS 0x0000000084000000, 0x0000000084000000| Complete 
|   3|0x0000000084100000, 0x0000000084200000, 0x0000000084200000|100%| O|  |TAMS 0x0000000084100000, 0x0000000084100000| Untracked 
|   4|0x0000000084200000, 0x0000000084300000, 0x0000000084300000|100%| O|  |TAMS 0x0000000084200000, 0x0000000084200000| Untracked 
|   5|0x0000000084300000, 0x0000000084400000, 0x0000000084400000|100%| O|  |TAMS 0x0000000084300000, 0x0000000084300000| Untracked 
|   6|0x0000000084400000, 0x0000000084500000, 0x0000000084500000|100%| O|  |TAMS 0x0000000084400000, 0x0000000084400000| Untracked 
|   7|0x0000000084500000, 0x0000000084600000, 0x0000000084600000|100%| O|  |TAMS 0x0000000084500000, 0x0000000084500000| Untracked 
|   8|0x0000000084600000, 0x00000000846b2000, 0x0000000084700000| 69%| O|  |TAMS 0x0000000084600000, 0x0000000084600000| Untracked 
|   9|0x0000000084700000, 0x0000000084700000, 0x0000000084800000|  0%| F|  |TAMS 0x0000000084700000, 0x0000000084700000| Untracked 
|  10|0x0000000084800000, 0x0000000084800000, 0x0000000084900000|  0%| F|  |TAMS 0x0000000084800000, 0x0000000084800000| Untracked 
|  11|0x0000000084900000, 0x0000000084900000, 0x0000000084a00000|  0%| F|  |TAMS 0x0000000084900000, 0x0000000084900000| Untracked 
|  12|0x0000000084a00000, 0x0000000084a00000, 0x0000000084b00000|  0%| F|  |TAMS 0x0000000084a00000, 0x0000000084a00000| Untracked 
|  13|0x0000000084b00000, 0x0000000084b00000, 0x0000000084c00000|  0%| F|  |TAMS 0x0000000084b00000, 0x0000000084b00000| Untracked 
|  14|0x0000000084c00000, 0x0000000084c00000, 0x0000000084d00000|  0%| F|  |TAMS 0x0000000084c00000, 0x0000000084c00000| Untracked 
|  15|0x0000000084d00000, 0x0000000084d00000, 0x0000000084e00000|  0%| F|  |TAMS 0x0000000084d00000, 0x0000000084d00000| Untracked 
|  16|0x0000000084e00000, 0x0000000084e00000, 0x0000000084f00000|  0%| F|  |TAMS 0x0000000084e00000, 0x0000000084e00000| Untracked 
|  17|0x0000000084f00000, 0x0000000084f00000, 0x0000000085000000|  0%| F|  |TAMS 0x0000000084f00000, 0x0000000084f00000| Untracked 
|  18|0x0000000085000000, 0x0000000085000000, 0x0000000085100000|  0%| F|  |TAMS 0x0000000085000000, 0x0000000085000000| Untracked 
|  19|0x0000000085100000, 0x0000000085100000, 0x0000000085200000|  0%| F|  |TAMS 0x0000000085100000, 0x0000000085100000| Untracked 
|  20|0x0000000085200000, 0x0000000085200000, 0x0000000085300000|  0%| F|  |TAMS 0x0000000085200000, 0x0000000085200000| Untracked 
|  21|0x0000000085300000, 0x0000000085300000, 0x0000000085400000|  0%| F|  |TAMS 0x0000000085300000, 0x0000000085300000| Untracked 
|  22|0x0000000085400000, 0x0000000085400000, 0x0000000085500000|  0%| F|  |TAMS 0x0000000085400000, 0x0000000085400000| Untracked 
|  23|0x0000000085500000, 0x0000000085500000, 0x0000000085600000|  0%| F|  |TAMS 0x0000000085500000, 0x0000000085500000| Untracked 
|  24|0x0000000085600000, 0x0000000085600000, 0x0000000085700000|  0%| F|  |TAMS 0x0000000085600000, 0x0000000085600000| Untracked 
|  25|0x0000000085700000, 0x0000000085700000, 0x0000000085800000|  0%| F|  |TAMS 0x0000000085700000, 0x0000000085700000| Untracked 
|  26|0x0000000085800000, 0x0000000085800000, 0x0000000085900000|  0%| F|  |TAMS 0x0000000085800000, 0x0000000085800000| Untracked 
|  27|0x0000000085900000, 0x0000000085900000, 0x0000000085a00000|  0%| F|  |TAMS 0x0000000085900000, 0x0000000085900000| Untracked 
|  28|0x0000000085a00000, 0x0000000085a00000, 0x0000000085b00000|  0%| F|  |TAMS 0x0000000085a00000, 0x0000000085a00000| Untracked 
|  29|0x0000000085b00000, 0x0000000085b00000, 0x0000000085c00000|  0%| F|  |TAMS 0x0000000085b00000, 0x0000000085b00000| Untracked 
|  30|0x0000000085c00000, 0x0000000085c00000, 0x0000000085d00000|  0%| F|  |TAMS 0x0000000085c00000, 0x0000000085c00000| Untracked 
|  31|0x0000000085d00000, 0x0000000085d00000, 0x0000000085e00000|  0%| F|  |TAMS 0x0000000085d00000, 0x0000000085d00000| Untracked 
|  32|0x0000000085e00000, 0x0000000085e00000, 0x0000000085f00000|  0%| F|  |TAMS 0x0000000085e00000, 0x0000000085e00000| Untracked 
|  33|0x0000000085f00000, 0x0000000085f00000, 0x0000000086000000|  0%| F|  |TAMS 0x0000000085f00000, 0x0000000085f00000| Untracked 
|  34|0x0000000086000000, 0x0000000086000000, 0x0000000086100000|  0%| F|  |TAMS 0x0000000086000000, 0x0000000086000000| Untracked 
|  35|0x0000000086100000, 0x0000000086100000, 0x0000000086200000|  0%| F|  |TAMS 0x0000000086100000, 0x0000000086100000| Untracked 
|  36|0x0000000086200000, 0x0000000086200000, 0x0000000086300000|  0%| F|  |TAMS 0x0000000086200000, 0x0000000086200000| Untracked 
|  37|0x0000000086300000, 0x0000000086300000, 0x0000000086400000|  0%| F|  |TAMS 0x0000000086300000, 0x0000000086300000| Untracked 
|  38|0x0000000086400000, 0x0000000086400000, 0x0000000086500000|  0%| F|  |TAMS 0x0000000086400000, 0x0000000086400000| Untracked 
|  39|0x0000000086500000, 0x0000000086500000, 0x0000000086600000|  0%| F|  |TAMS 0x0000000086500000, 0x0000000086500000| Untracked 
|  40|0x0000000086600000, 0x0000000086600000, 0x0000000086700000|  0%| F|  |TAMS 0x0000000086600000, 0x0000000086600000| Untracked 
|  41|0x0000000086700000, 0x0000000086700000, 0x0000000086800000|  0%| F|  |TAMS 0x0000000086700000, 0x0000000086700000| Untracked 
|  42|0x0000000086800000, 0x0000000086800000, 0x0000000086900000|  0%| F|  |TAMS 0x0000000086800000, 0x0000000086800000| Untracked 
|  43|0x0000000086900000, 0x0000000086900000, 0x0000000086a00000|  0%| F|  |TAMS 0x0000000086900000, 0x0000000086900000| Untracked 
|  44|0x0000000086a00000, 0x0000000086a00000, 0x0000000086b00000|  0%| F|  |TAMS 0x0000000086a00000, 0x0000000086a00000| Untracked 
|  45|0x0000000086b00000, 0x0000000086b00000, 0x0000000086c00000|  0%| F|  |TAMS 0x0000000086b00000, 0x0000000086b00000| Untracked 
|  46|0x0000000086c00000, 0x0000000086c00000, 0x0000000086d00000|  0%| F|  |TAMS 0x0000000086c00000, 0x0000000086c00000| Untracked 
|  47|0x0000000086d00000, 0x0000000086d00000, 0x0000000086e00000|  0%| F|  |TAMS 0x0000000086d00000, 0x0000000086d00000| Untracked 
|  48|0x0000000086e00000, 0x0000000086e00000, 0x0000000086f00000|  0%| F|  |TAMS 0x0000000086e00000, 0x0000000086e00000| Untracked 
|  49|0x0000000086f00000, 0x0000000086f00000, 0x0000000087000000|  0%| F|  |TAMS 0x0000000086f00000, 0x0000000086f00000| Untracked 
|  50|0x0000000087000000, 0x0000000087000000, 0x0000000087100000|  0%| F|  |TAMS 0x0000000087000000, 0x0000000087000000| Untracked 
|  51|0x0000000087100000, 0x0000000087100000, 0x0000000087200000|  0%| F|  |TAMS 0x0000000087100000, 0x0000000087100000| Untracked 
|  52|0x0000000087200000, 0x0000000087200000, 0x0000000087300000|  0%| F|  |TAMS 0x0000000087200000, 0x0000000087200000| Untracked 
|  53|0x0000000087300000, 0x0000000087300000, 0x0000000087400000|  0%| F|  |TAMS 0x0000000087300000, 0x0000000087300000| Untracked 
|  54|0x0000000087400000, 0x0000000087400000, 0x0000000087500000|  0%| F|  |TAMS 0x0000000087400000, 0x0000000087400000| Untracked 
|  55|0x0000000087500000, 0x0000000087500000, 0x0000000087600000|  0%| F|  |TAMS 0x0000000087500000, 0x0000000087500000| Untracked 
|  56|0x0000000087600000, 0x0000000087600000, 0x0000000087700000|  0%| F|  |TAMS 0x0000000087600000, 0x0000000087600000| Untracked 
|  57|0x0000000087700000, 0x0000000087700000, 0x0000000087800000|  0%| F|  |TAMS 0x0000000087700000, 0x0000000087700000| Untracked 
|  58|0x0000000087800000, 0x0000000087800000, 0x0000000087900000|  0%| F|  |TAMS 0x0000000087800000, 0x0000000087800000| Untracked 
|  59|0x0000000087900000, 0x0000000087900000, 0x0000000087a00000|  0%| F|  |TAMS 0x0000000087900000, 0x0000000087900000| Untracked 
|  60|0x0000000087a00000, 0x0000000087a00000, 0x0000000087b00000|  0%| F|  |TAMS 0x0000000087a00000, 0x0000000087a00000| Untracked 
|  61|0x0000000087b00000, 0x0000000087b00000, 0x0000000087c00000|  0%| F|  |TAMS 0x0000000087b00000, 0x0000000087b00000| Untracked 
|  62|0x0000000087c00000, 0x0000000087c00000, 0x0000000087d00000|  0%| F|  |TAMS 0x0000000087c00000, 0x0000000087c00000| Untracked 
|  63|0x0000000087d00000, 0x0000000087d00000, 0x0000000087e00000|  0%| F|  |TAMS 0x0000000087d00000, 0x0000000087d00000| Untracked 
|  64|0x0000000087e00000, 0x0000000087e00000, 0x0000000087f00000|  0%| F|  |TAMS 0x0000000087e00000, 0x0000000087e00000| Untracked 
|  65|0x0000000087f00000, 0x0000000087f00000, 0x0000000088000000|  0%| F|  |TAMS 0x0000000087f00000, 0x0000000087f00000| Untracked 
|  66|0x0000000088000000, 0x0000000088000000, 0x0000000088100000|  0%| F|  |TAMS 0x0000000088000000, 0x0000000088000000| Untracked 
|  67|0x0000000088100000, 0x0000000088100000, 0x0000000088200000|  0%| F|  |TAMS 0x0000000088100000, 0x0000000088100000| Untracked 
|  68|0x0000000088200000, 0x0000000088200000, 0x0000000088300000|  0%| F|  |TAMS 0x0000000088200000, 0x0000000088200000| Untracked 
|  69|0x0000000088300000, 0x0000000088300000, 0x0000000088400000|  0%| F|  |TAMS 0x0000000088300000, 0x0000000088300000| Untracked 
|  70|0x0000000088400000, 0x0000000088400000, 0x0000000088500000|  0%| F|  |TAMS 0x0000000088400000, 0x0000000088400000| Untracked 
|  71|0x0000000088500000, 0x0000000088500000, 0x0000000088600000|  0%| F|  |TAMS 0x0000000088500000, 0x0000000088500000| Untracked 
|  72|0x0000000088600000, 0x0000000088600000, 0x0000000088700000|  0%| F|  |TAMS 0x0000000088600000, 0x0000000088600000| Untracked 
|  73|0x0000000088700000, 0x0000000088700000, 0x0000000088800000|  0%| F|  |TAMS 0x0000000088700000, 0x0000000088700000| Untracked 
|  74|0x0000000088800000, 0x0000000088800000, 0x0000000088900000|  0%| F|  |TAMS 0x0000000088800000, 0x0000000088800000| Untracked 
|  75|0x0000000088900000, 0x0000000088900000, 0x0000000088a00000|  0%| F|  |TAMS 0x0000000088900000, 0x0000000088900000| Untracked 
|  76|0x0000000088a00000, 0x0000000088a00000, 0x0000000088b00000|  0%| F|  |TAMS 0x0000000088a00000, 0x0000000088a00000| Untracked 
|  77|0x0000000088b00000, 0x0000000088b00000, 0x0000000088c00000|  0%| F|  |TAMS 0x0000000088b00000, 0x0000000088b00000| Untracked 
|  78|0x0000000088c00000, 0x0000000088c00000, 0x0000000088d00000|  0%| F|  |TAMS 0x0000000088c00000, 0x0000000088c00000| Untracked 
|  79|0x0000000088d00000, 0x0000000088d00000, 0x0000000088e00000|  0%| F|  |TAMS 0x0000000088d00000, 0x0000000088d00000| Untracked 
|  80|0x0000000088e00000, 0x0000000088e00000, 0x0000000088f00000|  0%| F|  |TAMS 0x0000000088e00000, 0x0000000088e00000| Untracked 
|  81|0x0000000088f00000, 0x0000000088f00000, 0x0000000089000000|  0%| F|  |TAMS 0x0000000088f00000, 0x0000000088f00000| Untracked 
|  82|0x0000000089000000, 0x0000000089000000, 0x0000000089100000|  0%| F|  |TAMS 0x0000000089000000, 0x0000000089000000| Untracked 
|  83|0x0000000089100000, 0x0000000089100000, 0x0000000089200000|  0%| F|  |TAMS 0x0000000089100000, 0x0000000089100000| Untracked 
|  84|0x0000000089200000, 0x0000000089200000, 0x0000000089300000|  0%| F|  |TAMS 0x0000000089200000, 0x0000000089200000| Untracked 
|  85|0x0000000089300000, 0x0000000089300000, 0x0000000089400000|  0%| F|  |TAMS 0x0000000089300000, 0x0000000089300000| Untracked 
|  86|0x0000000089400000, 0x0000000089400000, 0x0000000089500000|  0%| F|  |TAMS 0x0000000089400000, 0x0000000089400000| Untracked 
|  87|0x0000000089500000, 0x0000000089500000, 0x0000000089600000|  0%| F|  |TAMS 0x0000000089500000, 0x0000000089500000| Untracked 
|  88|0x0000000089600000, 0x0000000089600000, 0x0000000089700000|  0%| F|  |TAMS 0x0000000089600000, 0x0000000089600000| Untracked 
|  89|0x0000000089700000, 0x0000000089700000, 0x0000000089800000|  0%| F|  |TAMS 0x0000000089700000, 0x0000000089700000| Untracked 
|  90|0x0000000089800000, 0x0000000089800000, 0x0000000089900000|  0%| F|  |TAMS 0x0000000089800000, 0x0000000089800000| Untracked 
|  91|0x0000000089900000, 0x0000000089900000, 0x0000000089a00000|  0%| F|  |TAMS 0x0000000089900000, 0x0000000089900000| Untracked 
|  92|0x0000000089a00000, 0x0000000089a00000, 0x0000000089b00000|  0%| F|  |TAMS 0x0000000089a00000, 0x0000000089a00000| Untracked 
|  93|0x0000000089b00000, 0x0000000089b00000, 0x0000000089c00000|  0%| F|  |TAMS 0x0000000089b00000, 0x0000000089b00000| Untracked 
|  94|0x0000000089c00000, 0x0000000089c00000, 0x0000000089d00000|  0%| F|  |TAMS 0x0000000089c00000, 0x0000000089c00000| Untracked 
|  95|0x0000000089d00000, 0x0000000089d00000, 0x0000000089e00000|  0%| F|  |TAMS 0x0000000089d00000, 0x0000000089d00000| Untracked 
|  96|0x0000000089e00000, 0x0000000089e00000, 0x0000000089f00000|  0%| F|  |TAMS 0x0000000089e00000, 0x0000000089e00000| Untracked 
|  97|0x0000000089f00000, 0x0000000089f00000, 0x000000008a000000|  0%| F|  |TAMS 0x0000000089f00000, 0x0000000089f00000| Untracked 
|  98|0x000000008a000000, 0x000000008a000000, 0x000000008a100000|  0%| F|  |TAMS 0x000000008a000000, 0x000000008a000000| Untracked 
|  99|0x000000008a100000, 0x000000008a100000, 0x000000008a200000|  0%| F|  |TAMS 0x000000008a100000, 0x000000008a100000| Untracked 
| 100|0x000000008a200000, 0x000000008a200000, 0x000000008a300000|  0%| F|  |TAMS 0x000000008a200000, 0x000000008a200000| Untracked 
| 101|0x000000008a300000, 0x000000008a300000, 0x000000008a400000|  0%| F|  |TAMS 0x000000008a300000, 0x000000008a300000| Untracked 
| 102|0x000000008a400000, 0x000000008a400000, 0x000000008a500000|  0%| F|  |TAMS 0x000000008a400000, 0x000000008a400000| Untracked 
| 103|0x000000008a500000, 0x000000008a500000, 0x000000008a600000|  0%| F|  |TAMS 0x000000008a500000, 0x000000008a500000| Untracked 
| 104|0x000000008a600000, 0x000000008a600000, 0x000000008a700000|  0%| F|  |TAMS 0x000000008a600000, 0x000000008a600000| Untracked 
| 105|0x000000008a700000, 0x000000008a700000, 0x000000008a800000|  0%| F|  |TAMS 0x000000008a700000, 0x000000008a700000| Untracked 
| 106|0x000000008a800000, 0x000000008a800000, 0x000000008a900000|  0%| F|  |TAMS 0x000000008a800000, 0x000000008a800000| Untracked 
| 107|0x000000008a900000, 0x000000008a900000, 0x000000008aa00000|  0%| F|  |TAMS 0x000000008a900000, 0x000000008a900000| Untracked 
| 108|0x000000008aa00000, 0x000000008aa00000, 0x000000008ab00000|  0%| F|  |TAMS 0x000000008aa00000, 0x000000008aa00000| Untracked 
| 109|0x000000008ab00000, 0x000000008ab00000, 0x000000008ac00000|  0%| F|  |TAMS 0x000000008ab00000, 0x000000008ab00000| Untracked 
| 110|0x000000008ac00000, 0x000000008ac00000, 0x000000008ad00000|  0%| F|  |TAMS 0x000000008ac00000, 0x000000008ac00000| Untracked 
| 111|0x000000008ad00000, 0x000000008ad00000, 0x000000008ae00000|  0%| F|  |TAMS 0x000000008ad00000, 0x000000008ad00000| Untracked 
| 112|0x000000008ae00000, 0x000000008ae00000, 0x000000008af00000|  0%| F|  |TAMS 0x000000008ae00000, 0x000000008ae00000| Untracked 
| 113|0x000000008af00000, 0x000000008af00000, 0x000000008b000000|  0%| F|  |TAMS 0x000000008af00000, 0x000000008af00000| Untracked 
| 114|0x000000008b000000, 0x000000008b000000, 0x000000008b100000|  0%| F|  |TAMS 0x000000008b000000, 0x000000008b000000| Untracked 
| 115|0x000000008b100000, 0x000000008b100000, 0x000000008b200000|  0%| F|  |TAMS 0x000000008b100000, 0x000000008b100000| Untracked 
| 116|0x000000008b200000, 0x000000008b200000, 0x000000008b300000|  0%| F|  |TAMS 0x000000008b200000, 0x000000008b200000| Untracked 
| 117|0x000000008b300000, 0x000000008b300000, 0x000000008b400000|  0%| F|  |TAMS 0x000000008b300000, 0x000000008b300000| Untracked 
| 118|0x000000008b400000, 0x000000008b400000, 0x000000008b500000|  0%| F|  |TAMS 0x000000008b400000, 0x000000008b400000| Untracked 
| 119|0x000000008b500000, 0x000000008b600000, 0x000000008b600000|100%| S|CS|TAMS 0x000000008b500000, 0x000000008b500000| Complete 
| 120|0x000000008b600000, 0x000000008b600000, 0x000000008b700000|  0%| F|  |TAMS 0x000000008b600000, 0x000000008b600000| Untracked 
| 121|0x000000008b700000, 0x000000008b700000, 0x000000008b800000|  0%| F|  |TAMS 0x000000008b700000, 0x000000008b700000| Untracked 
| 122|0x000000008b800000, 0x000000008b800000, 0x000000008b900000|  0%| F|  |TAMS 0x000000008b800000, 0x000000008b800000| Untracked 
| 123|0x000000008b900000, 0x000000008b900000, 0x000000008ba00000|  0%| F|  |TAMS 0x000000008b900000, 0x000000008b900000| Untracked 
| 124|0x000000008ba00000, 0x000000008ba5c1d0, 0x000000008bb00000| 35%| E|  |TAMS 0x000000008ba00000, 0x000000008ba00000| Complete 
| 125|0x000000008bb00000, 0x000000008bc00000, 0x000000008bc00000|100%| E|CS|TAMS 0x000000008bb00000, 0x000000008bb00000| Complete 

Card table byte_map: [0x000000037d7e0000,0x000000037dbd0000] _byte_map_base: 0x000000037d3c1000

Marking Bits (Prev, Next): (CMBitMap*) 0x000000036608e0b8, (CMBitMap*) 0x000000036608e0f8
 Prev Bits: [0x000000037dfc0000, 0x000000037fec8000)
 Next Bits: [0x0000000300000000, 0x0000000301f08000)

Polling page: 0x0000000363750000

Metaspace:

Usage:
  Non-class:     10.68 MB capacity,    10.50 MB ( 98%) used,   146.70 KB (  1%) free+waste,    39.63 KB ( <1%) overhead. 
      Class:      1.49 MB capacity,     1.33 MB ( 89%) used,   148.13 KB ( 10%) free+waste,    22.75 KB (  1%) overhead. 
       Both:     12.17 MB capacity,    11.82 MB ( 97%) used,   294.83 KB (  2%) free+waste,    62.38 KB ( <1%) overhead. 

Virtual space:
  Non-class space:       12.00 MB reserved,      10.75 MB ( 90%) committed 
      Class space:        1.00 GB reserved,       1.50 MB ( <1%) committed 
             Both:        1.01 GB reserved,      12.25 MB (  1%) committed 

Chunk freelists:
   Non-Class:  1.00 KB
       Class:  768 bytes
        Both:  1.75 KB

CodeHeap 'non-profiled nmethods': size=120064Kb used=376Kb max_used=376Kb free=119687Kb
 bounds [0x0000000375eb0000, 0x0000000376120000, 0x000000037d3f0000]
CodeHeap 'profiled nmethods': size=120000Kb used=2538Kb max_used=2538Kb free=117461Kb
 bounds [0x000000036e980000, 0x000000036ec00000, 0x0000000375eb0000]
CodeHeap 'non-nmethods': size=5696Kb used=1231Kb max_used=1231Kb free=4464Kb
 bounds [0x000000036e3f0000, 0x000000036e660000, 0x000000036e980000]
 total_blobs=2159 nmethods=1352 adapters=509
 compilation: enabled
              stopped_count=0, restarted_count=0
 full_count=0

Compilation events (10 events):
Event: 2.681 Thread 0x00000003051da000 1353       3       java.io.ObjectInputStream::readInt (8 bytes)
Event: 2.681 Thread 0x00000003051da000 nmethod 1353 0x000000036ebf8a90 code [0x000000036ebf8c60, 0x000000036ebf8e10]
Event: 2.681 Thread 0x00000003051da000 1354       3       java.io.ObjectInputStream$BlockDataInputStream::readInt (73 bytes)
Event: 2.682 Thread 0x00000003051da000 nmethod 1354 0x000000036ebf8f10 code [0x000000036ebf9100, 0x000000036ebf9410]
Event: 2.682 Thread 0x00000003051da000 1355       3       java.util.LinkedHashMap::get (33 bytes)
Event: 2.682 Thread 0x00000003051da000 nmethod 1355 0x000000036ebf9510 code [0x000000036ebf9700, 0x000000036ebf9bd0]
Event: 2.682 Thread 0x00000003051da000 1356       3       java.util.jar.Attributes::getValue (9 bytes)
Event: 2.683 Thread 0x00000003051da000 nmethod 1356 0x000000036ebf9d90 code [0x000000036ebf9f60, 0x000000036ebfa310]
Event: 2.683 Thread 0x00000003051da000 1357       3       java.util.jar.Attributes::get (11 bytes)
Event: 2.683 Thread 0x00000003051da000 nmethod 1357 0x000000036ebfa410 code [0x000000036ebfa5e0, 0x000000036ebfa830]

GC Heap History (4 events):
Event: 2.300 GC heap before
{Heap before GC invocations=0 (full 0):
 garbage-first heap   total 129024K, used 16384K [0x0000000083e00000, 0x0000000100000000)
  region size 1024K, 14 young (14336K), 0 survivors (0K)
 Metaspace       used 8871K, capacity 9297K, committed 9472K, reserved 1056768K
  class space    used 992K, capacity 1174K, committed 1280K, reserved 1048576K
}
Event: 2.308 GC heap after
{Heap after GC invocations=1 (full 0):
 garbage-first heap   total 129024K, used 8296K [0x0000000083e00000, 0x0000000100000000)
  region size 1024K, 2 young (2048K), 2 survivors (2048K)
 Metaspace       used 8871K, capacity 9297K, committed 9472K, reserved 1056768K
  class space    used 992K, capacity 1174K, committed 1280K, reserved 1048576K
}
Event: 2.651 GC heap before
{Heap before GC invocations=1 (full 0):
 garbage-first heap   total 129024K, used 14440K [0x0000000083e00000, 0x0000000100000000)
  region size 1024K, 8 young (8192K), 2 survivors (2048K)
 Metaspace       used 11976K, capacity 12402K, committed 12544K, reserved 1060864K
  class space    used 1343K, capacity 1530K, committed 1536K, reserved 1048576K
}
Event: 2.657 GC heap after
{Heap after GC invocations=2 (full 0):
 garbage-first heap   total 129024K, used 9928K [0x0000000083e00000, 0x0000000100000000)
  region size 1024K, 1 young (1024K), 1 survivors (1024K)
 Metaspace       used 11976K, capacity 12402K, committed 12544K, reserved 1060864K
  class space    used 1343K, capacity 1530K, committed 1536K, reserved 1048576K
}

Deoptimization events (10 events):
Event: 1.036 Thread 0x000000036604f800 Uncommon trap: reason=unstable_if action=reinterpret pc=0x0000000375ec8040 method=java.util.HashMap.putVal(ILjava/lang/Object;Ljava/lang/Object;ZZ)Ljava/lang/Object; @ 81 c2
Event: 2.050 Thread 0x000000036604f800 Uncommon trap: reason=unstable_if action=reinterpret pc=0x0000000375ed3c1c method=java.lang.StringUTF16.compress([CI[BII)I @ 20 c2
Event: 2.050 Thread 0x000000036604f800 Uncommon trap: reason=unstable_if action=reinterpret pc=0x0000000375ef02f8 method=java.lang.AbstractStringBuilder.putStringAt(ILjava/lang/String;)V @ 8 c2
Event: 2.050 Thread 0x000000036604f800 Uncommon trap: reason=unstable_if action=reinterpret pc=0x0000000375eef7dc method=java.lang.AbstractStringBuilder.putStringAt(ILjava/lang/String;)V @ 8 c2
Event: 2.050 Thread 0x000000036604f800 Uncommon trap: reason=unstable_if action=reinterpret pc=0x0000000375eed920 method=java.lang.String.getBytes([BIB)V @ 5 c2
Event: 2.322 Thread 0x00000003065b7800 Uncommon trap: reason=unstable_if action=reinterpret pc=0x0000000375ed2fa4 method=java.util.HashMap.hash(Ljava/lang/Object;)I @ 1 c2
Event: 2.387 Thread 0x0000000307c92000 Uncommon trap: reason=unstable_if action=reinterpret pc=0x0000000375eccb88 method=java.lang.StringLatin1.canEncode(I)Z @ 4 c2
Event: 2.387 Thread 0x0000000307c92000 Uncommon trap: reason=unstable_if action=reinterpret pc=0x0000000375eca9ec method=java.lang.AbstractStringBuilder.isLatin1()Z @ 10 c2
Event: 2.471 Thread 0x00000003065b7800 Uncommon trap: reason=unstable_if action=reinterpret pc=0x0000000375f0158c method=java.util.concurrent.ConcurrentHashMap.get(Ljava/lang/Object;)Ljava/lang/Object; @ 76 c2
Event: 2.538 Thread 0x00000003065b7800 Uncommon trap: reason=unstable_if action=reinterpret pc=0x0000000375eb3808 method=java.lang.String.isLatin1()Z @ 10 c2

Classes redefined (0 events):
No events

Internal exceptions (10 events):
Event: 2.050 Thread 0x000000036604f800 Exception <a 'java/io/FileNotFoundException'{0x000000008b1da490}> (0x000000008b1da490) thrown at [t:/workspace/open/src/hotspot/share/prims/jni.cpp, line 615]
Event: 2.067 Thread 0x000000036604f800 Exception <a 'java/io/FileNotFoundException'{0x000000008b0478d0}> (0x000000008b0478d0) thrown at [t:/workspace/open/src/hotspot/share/prims/jni.cpp, line 615]
Event: 2.152 Thread 0x00000003065b1000 Exception <a 'java/lang/NoSuchMethodError'{0x000000008b094ac0}: java.lang.invoke.DirectMethodHandle$Holder.invokeSpecial(Ljava/lang/Object;Ljava/lang/Object;)V> (0x000000008b094ac0) thrown at [t:/workspace/open/src/hotspot/share/interpreter/linkResolver.c
Event: 2.157 Thread 0x000000036604f800 Exception <a 'java/lang/NoSuchMethodError'{0x000000008b0dd560}: java.lang.invoke.DirectMethodHandle$Holder.invokeStatic(Ljava/lang/Object;Ljava/lang/Object;Ljava/lang/Object;Ljava/lang/Object;Ljava/lang/Object;Ljava/lang/Object;Ljava/lang/Object;J)Ljava/l
Event: 2.258 Thread 0x00000003065b7800 Exception <a 'java/lang/NoSuchMethodError'{0x000000008ae32e28}: java.lang.invoke.DirectMethodHandle$Holder.invokeStatic(Ljava/lang/Object;ILjava/lang/Object;Ljava/lang/Object;Ljava/lang/Object;Ljava/lang/Object;)Ljava/lang/Object;> (0x000000008ae32e28) th
Event: 2.259 Thread 0x00000003065b7800 Exception <a 'java/lang/NoSuchMethodError'{0x000000008ae39a48}: java.lang.invoke.DirectMethodHandle$Holder.invokeStatic(Ljava/lang/Object;ILjava/lang/Object;Ljava/lang/Object;Ljava/lang/Object;)Ljava/lang/Object;> (0x000000008ae39a48) thrown at [t:/worksp
Event: 2.259 Thread 0x00000003065b7800 Exception <a 'java/lang/NoSuchMethodError'{0x000000008ae3d2a0}: java.lang.invoke.DirectMethodHandle$Holder.invokeSpecial(Ljava/lang/Object;Ljava/lang/Object;ILjava/lang/Object;Ljava/lang/Object;Ljava/lang/Object;)Ljava/lang/Object;> (0x000000008ae3d2a0) t
Event: 2.299 Thread 0x00000003065b7800 Exception <a 'java/lang/ClassNotFoundException'{0x000000008aeff2c8}: com/sun/swing/internal/plaf/metal/resources/spi/metalProvider> (0x000000008aeff2c8) thrown at [t:/workspace/open/src/hotspot/share/classfile/systemDictionary.cpp, line 235]
Event: 2.312 Thread 0x00000003065b7800 Exception <a 'java/lang/ClassNotFoundException'{0x000000008ba03518}: com/sun/swing/internal/plaf/basic/resources/spi/basicProvider> (0x000000008ba03518) thrown at [t:/workspace/open/src/hotspot/share/classfile/systemDictionary.cpp, line 235]
Event: 2.322 Thread 0x00000003065b7800 Implicit null exception at 0x0000000375ed2f08 to 0x0000000375ed2f9a

Events (10 events):
Event: 2.681 loading class org/netbeans/lib/profiler/wireprotocol/GetMethodNamesForJMethodIdsCommand done
Event: 2.681 loading class com/sun/jna/platform/win32/WinNT$PSID
Event: 2.681 loading class com/sun/jna/platform/win32/WinNT$PSID done
Event: 2.682 loading class com/sun/jna/platform/win32/WinNT$PSID$ByReference
Event: 2.682 loading class com/sun/jna/platform/win32/WinNT$PSID$ByReference done
Event: 2.682 loading class com/sun/jna/Structure$ByReference
Event: 2.682 loading class com/sun/jna/Structure$ByReference done
Event: 2.683 loading class com/sun/jna/platform/win32/WinNT$TOKEN_GROUPS
Event: 2.683 loading class com/sun/jna/platform/win32/WinNT$TOKEN_GROUPS done
Event: 2.683 Executing VM operation: GetAllStackTraces


Dynamic libraries:
0x00007ff6e8f80000 - 0x00007ff6e8f8f000 	I:\Portable_programs\netbeans-11.0-bin\jdk-12.0.1\bin\java.exe
0x00007ffc2cc70000 - 0x00007ffc2ce1d000 	C:\Windows\SYSTEM32\ntdll.dll
0x00007ffc2a370000 - 0x00007ffc2a4ae000 	C:\Windows\system32\KERNEL32.DLL
0x00007ffc2a130000 - 0x00007ffc2a245000 	C:\Windows\system32\KERNELBASE.dll
0x00007ffc17200000 - 0x00007ffc17218000 	I:\Portable_programs\netbeans-11.0-bin\jdk-12.0.1\bin\jli.dll
0x00007ffc0db30000 - 0x00007ffc0db46000 	I:\Portable_programs\netbeans-11.0-bin\jdk-12.0.1\bin\VCRUNTIME140.dll
0x00007ffc229c0000 - 0x00007ffc229c4000 	I:\Portable_programs\netbeans-11.0-bin\jdk-12.0.1\bin\api-ms-win-crt-stdio-l1-1-0.dll
0x00007ffc17410000 - 0x00007ffc17414000 	I:\Portable_programs\netbeans-11.0-bin\jdk-12.0.1\bin\api-ms-win-crt-runtime-l1-1-0.dll
0x00007ffc16360000 - 0x00007ffc16363000 	I:\Portable_programs\netbeans-11.0-bin\jdk-12.0.1\bin\api-ms-win-crt-environment-l1-1-0.dll
0x00007ffc14880000 - 0x00007ffc14885000 	I:\Portable_programs\netbeans-11.0-bin\jdk-12.0.1\bin\api-ms-win-crt-math-l1-1-0.dll
0x00007ffc0d7c0000 - 0x00007ffc0d7c3000 	I:\Portable_programs\netbeans-11.0-bin\jdk-12.0.1\bin\api-ms-win-crt-locale-l1-1-0.dll
0x00007ffc0db20000 - 0x00007ffc0db23000 	I:\Portable_programs\netbeans-11.0-bin\jdk-12.0.1\bin\api-ms-win-crt-heap-l1-1-0.dll
0x00007ffc2a6e0000 - 0x00007ffc2a78a000 	C:\Windows\system32\ADVAPI32.dll
0x00007ffc27de0000 - 0x00007ffc2805b000 	C:\Windows\WinSxS\amd64_microsoft.windows.common-controls_6595b64144ccf1df_6.0.9600.18006_none_623f33d3ecbe86e8\COMCTL32.dll
0x00007ffc2c8c0000 - 0x00007ffc2ca37000 	C:\Windows\system32\USER32.dll
0x00007ffc29d50000 - 0x00007ffc29d5a000 	C:\Windows\SYSTEM32\VERSION.dll
0x00007ffc0f0e0000 - 0x00007ffc0f0e3000 	I:\Portable_programs\netbeans-11.0-bin\jdk-12.0.1\bin\api-ms-win-crt-filesystem-l1-1-0.dll
0x00007ffc178f0000 - 0x00007ffc178f4000 	I:\Portable_programs\netbeans-11.0-bin\jdk-12.0.1\bin\api-ms-win-crt-string-l1-1-0.dll
0x00007ffc171f0000 - 0x00007ffc171f4000 	I:\Portable_programs\netbeans-11.0-bin\jdk-12.0.1\bin\api-ms-win-crt-convert-l1-1-0.dll
0x00007ffc2a8e0000 - 0x00007ffc2a98a000 	C:\Windows\system32\msvcrt.dll
0x00007ffc2cc10000 - 0x00007ffc2cc69000 	C:\Windows\SYSTEM32\sechost.dll
0x00007ffc2a4c0000 - 0x00007ffc2a600000 	C:\Windows\system32\RPCRT4.dll
0x00007ffc2a790000 - 0x00007ffc2a8db000 	C:\Windows\system32\GDI32.dll
0x00007ffc09b60000 - 0x00007ffc09c56000 	I:\Portable_programs\netbeans-11.0-bin\jdk-12.0.1\bin\ucrtbase.DLL
0x00007ffc29e70000 - 0x00007ffc29e9e000 	C:\Windows\system32\SspiCli.dll
0x00007ffc2a990000 - 0x00007ffc2a9c6000 	C:\Windows\system32\IMM32.DLL
0x00007ffc2c500000 - 0x00007ffc2c651000 	C:\Windows\system32\MSCTF.dll
0x00007ffc29d60000 - 0x00007ffc29d90000 	C:\WINDOWS\system32\nvinitx.dll
0x000000005a510000 - 0x000000005a516000 	C:\Program Files\NVIDIA Corporation\CoProcManager\_etoured.dll
0x00007ffc27b40000 - 0x00007ffc27b78000 	C:\Program Files\NVIDIA Corporation\CoProcManager\nvd3d9wrapx.dll
0x00007ffc2bfc0000 - 0x00007ffc2c19a000 	C:\Windows\system32\SETUPAPI.dll
0x00007ffc29ea0000 - 0x00007ffc29eef000 	C:\Windows\system32\CFGMGR32.dll
0x00007ffc27b10000 - 0x00007ffc27b34000 	C:\Program Files\NVIDIA Corporation\CoProcManager\nvdxgiwrapx.dll
0x00007ffc0a690000 - 0x00007ffc0a73a000 	I:\Portable_programs\netbeans-11.0-bin\jdk-12.0.1\bin\msvcp140.dll
0x00007ffc0d730000 - 0x00007ffc0d735000 	I:\Portable_programs\netbeans-11.0-bin\jdk-12.0.1\bin\api-ms-win-crt-multibyte-l1-1-0.dll
0x00007ffc0ede0000 - 0x00007ffc0ede3000 	I:\Portable_programs\netbeans-11.0-bin\jdk-12.0.1\bin\api-ms-win-crt-time-l1-1-0.dll
0x00007ffc14b80000 - 0x00007ffc14b83000 	I:\Portable_programs\netbeans-11.0-bin\jdk-12.0.1\bin\api-ms-win-crt-utility-l1-1-0.dll
0x00007ffbf9410000 - 0x00007ffbf9f84000 	I:\Portable_programs\netbeans-11.0-bin\jdk-12.0.1\bin\server\jvm.dll
0x00007ffc1e710000 - 0x00007ffc1e719000 	C:\Windows\SYSTEM32\WSOCK32.dll
0x00007ffc26b40000 - 0x00007ffc26b62000 	C:\Windows\SYSTEM32\WINMM.dll
0x00007ffc2a360000 - 0x00007ffc2a367000 	C:\Windows\system32\PSAPI.DLL
0x00007ffc2bf00000 - 0x00007ffc2bf5a000 	C:\Windows\system32\WS2_32.dll
0x00007ffc25de0000 - 0x00007ffc25e0a000 	C:\Windows\SYSTEM32\WINMMBASE.dll
0x0000000363730000 - 0x0000000363739000 	C:\Windows\system32\NSI.dll
0x00007ffc28b70000 - 0x00007ffc28b98000 	C:\Windows\SYSTEM32\DEVOBJ.dll
0x00007ffc0d270000 - 0x00007ffc0d281000 	I:\Portable_programs\netbeans-11.0-bin\jdk-12.0.1\bin\verify.dll
0x00007ffc1efe0000 - 0x00007ffc1f169000 	C:\Windows\SYSTEM32\DBGHELP.DLL
0x00007ffc0d6e0000 - 0x00007ffc0d706000 	I:\Portable_programs\netbeans-11.0-bin\jdk-12.0.1\bin\java.dll
0x00007ffc1e590000 - 0x00007ffc1e59f000 	I:\Portable_programs\netbeans-11.0-bin\netbeans\profiler\lib\deployed\jdk16\windows-amd64\profilerinterface.dll
0x00007ffc0c4c0000 - 0x00007ffc0c4d7000 	I:\Portable_programs\netbeans-11.0-bin\jdk-12.0.1\bin\zip.dll
0x00007ffc0d8d0000 - 0x00007ffc0d8da000 	I:\Portable_programs\netbeans-11.0-bin\jdk-12.0.1\bin\jimage.dll
0x00007ffc2a9d0000 - 0x00007ffc2befc000 	C:\Windows\system32\SHELL32.dll
0x00007ffc2c210000 - 0x00007ffc2c422000 	C:\Windows\SYSTEM32\combase.dll
0x00007ffc2a300000 - 0x00007ffc2a354000 	C:\Windows\system32\SHLWAPI.dll
0x00007ffc28330000 - 0x00007ffc283e2000 	C:\Windows\SYSTEM32\SHCORE.dll
0x00007ffc29da0000 - 0x00007ffc29db5000 	C:\Windows\SYSTEM32\profapi.dll
0x00007ffc0c260000 - 0x00007ffc0c279000 	I:\Portable_programs\netbeans-11.0-bin\jdk-12.0.1\bin\net.dll
0x00007ffc1eee0000 - 0x00007ffc1efa7000 	C:\Windows\SYSTEM32\WINHTTP.dll
0x00007ffc1fb70000 - 0x00007ffc1fcf5000 	C:\Windows\SYSTEM32\urlmon.dll
0x00007ffc2c720000 - 0x00007ffc2c8b4000 	C:\Windows\system32\ole32.dll
0x00007ffc22300000 - 0x00007ffc225ca000 	C:\Windows\SYSTEM32\iertutil.dll
0x00007ffc225d0000 - 0x00007ffc228f1000 	C:\Windows\SYSTEM32\WININET.dll
0x00007ffc29310000 - 0x00007ffc29331000 	C:\Windows\SYSTEM32\USERENV.dll
0x00007ffc29540000 - 0x00007ffc29599000 	C:\Windows\system32\mswsock.dll
0x00007ffc0ba00000 - 0x00007ffc0ba13000 	I:\Portable_programs\netbeans-11.0-bin\jdk-12.0.1\bin\nio.dll
0x00007ffc0d000000 - 0x00007ffc0d009000 	I:\Portable_programs\netbeans-11.0-bin\jdk-12.0.1\bin\management.dll
0x00007ffc0cf80000 - 0x00007ffc0cf8c000 	I:\Portable_programs\netbeans-11.0-bin\jdk-12.0.1\bin\management_ext.dll
0x00007ffc29720000 - 0x00007ffc29740000 	C:\Windows\SYSTEM32\CRYPTSP.dll
0x00007ffc291e0000 - 0x00007ffc29216000 	C:\Windows\system32\rsaenh.dll
0x00007ffc29840000 - 0x00007ffc29866000 	C:\Windows\SYSTEM32\bcrypt.dll
0x00007ffc29bc0000 - 0x00007ffc29c23000 	C:\Windows\system32\bcryptprimitives.dll
0x00007ffc29c30000 - 0x00007ffc29c3b000 	C:\Windows\SYSTEM32\CRYPTBASE.dll
0x00007ffc232f0000 - 0x00007ffc2331a000 	C:\Windows\SYSTEM32\IPHLPAPI.DLL
0x00007ffc238a0000 - 0x00007ffc238aa000 	C:\Windows\SYSTEM32\WINNSI.DLL
0x00007ffc20c40000 - 0x00007ffc20c56000 	C:\Windows\SYSTEM32\dhcpcsvc6.DLL
0x00007ffc20e40000 - 0x00007ffc20e5a000 	C:\Windows\SYSTEM32\dhcpcsvc.DLL
0x00007ffc14910000 - 0x00007ffc14952000 	C:\Users\123\AppData\Local\Temp\jna-48690\jna4280038184953832029.dll
0x00007ffbfe270000 - 0x00007ffbfe40f000 	I:\Portable_programs\netbeans-11.0-bin\jdk-12.0.1\bin\awt.dll
0x00007ffc2a600000 - 0x00007ffc2a6c6000 	C:\Windows\system32\OLEAUT32.dll
0x00007ffc247a0000 - 0x00007ffc24c21000 	C:\Windows\SYSTEM32\d2d1.dll
0x00007ffc28900000 - 0x00007ffc2898e000 	C:\Windows\system32\apphelp.dll
0x00007ffc289d0000 - 0x00007ffc28af9000 	C:\Windows\system32\uxtheme.dll
0x00007ffc280d0000 - 0x00007ffc280f1000 	C:\Windows\system32\dwmapi.dll
0x00007ffc28ba0000 - 0x00007ffc28bab000 	C:\Windows\SYSTEM32\kernel.appcore.dll
0x00007ffbfead0000 - 0x00007ffbfebfb000 	C:\Windows\system32\opengl32.dll
0x00007ffc0c2c0000 - 0x00007ffc0c2ee000 	C:\Windows\SYSTEM32\GLU32.dll
0x00007ffc22f70000 - 0x00007ffc23068000 	C:\Windows\SYSTEM32\DDRAW.dll
0x00007ffc26e90000 - 0x00007ffc26e99000 	C:\Windows\SYSTEM32\DCIMAN32.dll
0x00007ffc0b580000 - 0x00007ffc0b600000 	I:\Portable_programs\netbeans-11.0-bin\jdk-12.0.1\bin\freetype.dll
0x00007ffc0b4d0000 - 0x00007ffc0b53f000 	I:\Portable_programs\netbeans-11.0-bin\jdk-12.0.1\bin\fontmanager.dll

dbghelp: loaded successfully - version: 4.0.5 - missing functions: none
symbol engine: initialized successfully - sym options: 0x614 - pdb path: .;I:\Portable_programs\netbeans-11.0-bin\jdk-12.0.1\bin;C:\Windows\SYSTEM32;C:\Windows\WinSxS\amd64_microsoft.windows.common-controls_6595b64144ccf1df_6.0.9600.18006_none_623f33d3ecbe86e8;C:\Program Files\NVIDIA Corporation\CoProcManager;I:\Portable_programs\netbeans-11.0-bin\jdk-12.0.1\bin\server;I:\Portable_programs\netbeans-11.0-bin\netbeans\profiler\lib\deployed\jdk16\windows-amd64;C:\Users\123\AppData\Local\Temp\jna-48690

VM Arguments:
jvm_args: -Dfile.encoding=UTF-8 -agentpath:I:/Portable_programs/netbeans-11.0-bin/netbeans/profiler/lib/deployed/jdk16/windows-amd64/profilerinterface.dll=I:\Portable_programs\netbeans-11.0-bin\netbeans\profiler\lib,5140,10 -XX:+HeapDumpOnOutOfMemoryError -XX:HeapDumpPath=I:\JavaProjects\VideoVLC\nbproject\private\profiler --module-path=I:\JavaProjects\VideoVLC\build\classes 
java_command: ru.Main
java_class_path (initial): I:\JavaProjects\VideoVLC\lib\Look_and_Feel_Graphics_Repository-1_0.jar;I:\JavaProjects\VideoVLC\lib\JBroTable-master\JBroTable-1.1.3.jar;I:\JavaProjects\VideoVLC\lib\MigLayout\miglayout-4.0.jar;I:\JavaProjects\VideoVLC\lib\MigLayout\miglayout-4.0-swing.jar;I:\JavaProjects\VideoVLC\lib\vlcj-4.1.0\vlcj-4.1.0.jar;I:\JavaProjects\VideoVLC\lib\vlcj-4.1.0\jna-5.2.0.jar;I:\JavaProjects\VideoVLC\lib\vlcj-4.1.0\jna-platform-5.2.0.jar;I:\JavaProjects\VideoVLC\lib\vlcj-4.1.0\vlcj-natives-4.1.0.jar;I:\JavaProjects\VideoVLC\lib\poi-4.1.0\poi-4.1.0.jar;I:\JavaProjects\VideoVLC\lib\poi-4.1.0\poi-ooxml-4.1.0.jar;I:\JavaProjects\VideoVLC\lib\poi-4.1.0\poi-ooxml-schemas-4.1.0.jar;I:\JavaProjects\VideoVLC\lib\poi-4.1.0\lib\log4j-1.2.17.jar;I:\JavaProjects\VideoVLC\lib\poi-4.1.0\ooxml-lib\curvesapi-1.06.jar;I:\JavaProjects\VideoVLC\lib\poi-4.1.0\ooxml-lib\xmlbeans-3.1.0.jar;I:\JavaProjects\VideoVLC\lib\poi-4.1.0\lib\commons-codec-1.12.jar;I:\JavaProjects\VideoVLC\lib\poi-4.1.0\lib\commons-collections4-4.3.jar;I:\JavaProjects\VideoVLC\lib\poi-4.1.0\lib\commons-compress-1.18.jar;I:\JavaProjects\VideoVLC\lib\poi-4.1.0\lib\commons-logging-1.2.jar;I:\JavaProjects\VideoVLC\lib\poi-4.1.0\lib\commons-math3-3.6.1.jar;I:\JavaProjects\VideoVLC\lib\batik-1.11\lib\batik-all-1.11.jar;I:\JavaProjects\VideoVLC\lib\jfreechart-1.0.19\lib\jfreechart-1.0.19.jar;I:\JavaProjects\VideoVLC\lib\batik-1.11\batik-rasterizer-1.11.jar;I:\JavaProjects\VideoVLC\lib\batik-1.11\batik-slideshow-1.11.jar;I:\JavaProjects\VideoVLC\lib\batik-1.11\batik-squiggle-1.11.jar;I:\JavaProjects\VideoVLC\lib\batik-1.11\batik-svgpp-1.11.jar;I:\JavaProjects\VideoVLC\lib\batik-1.11\batik-ttf2svg-1.11.jar;I:\JavaProjects\VideoVLC\build\classes
Launcher Type: SUN_STANDARD

[Global flags]
     intx CICompilerCount                          = 3                                         {product} {ergonomic}
     uint ConcGCThreads                            = 1                                         {product} {ergonomic}
     uint G1ConcRefinementThreads                  = 4                                         {product} {ergonomic}
   size_t G1HeapRegionSize                         = 1048576                                   {product} {ergonomic}
    uintx GCDrainStackTargetSize                   = 64                                        {product} {ergonomic}
     bool HeapDumpOnOutOfMemoryError               = true                                   {manageable} {command line}
    ccstr HeapDumpPath                             = I:\JavaProjects\VideoVLC\nbproject\private\profiler         {manageable} {command line}
   size_t InitialHeapSize                          = 132120576                                 {product} {ergonomic}
   size_t MarkStackSize                            = 4194304                                   {product} {ergonomic}
   size_t MaxHeapSize                              = 2082471936                                {product} {ergonomic}
   size_t MaxNewSize                               = 1248854016                                {product} {ergonomic}
   size_t MinHeapDeltaBytes                        = 1048576                                   {product} {ergonomic}
    uintx NonNMethodCodeHeapSize                   = 5830732                                {pd product} {ergonomic}
    uintx NonProfiledCodeHeapSize                  = 122913754                              {pd product} {ergonomic}
    uintx ProfiledCodeHeapSize                     = 122913754                              {pd product} {ergonomic}
    uintx ReservedCodeCacheSize                    = 251658240                              {pd product} {ergonomic}
     bool SegmentedCodeCache                       = true                                      {product} {ergonomic}
     bool UseCompressedClassPointers               = true                                 {lp64_product} {ergonomic}
     bool UseCompressedOops                        = true                                 {lp64_product} {ergonomic}
     bool UseG1GC                                  = true                                      {product} {ergonomic}
     bool UseLargePagesIndividualAllocation        = false                                  {pd product} {ergonomic}

Logging:
Log output configuration:
 #0: stdout all=warning uptime,level,tags
 #1: stderr all=off uptime,level,tags

Environment Variables:
JAVA_HOME=C:\Program Files\Java\jdk1.8.0_201
PATH=C:\Program Files (x86)\Common Files\Oracle\Java\javapath;C:\ProgramData\Oracle\Java\javapath;C:\Program Files (x86)\Intel\iCLS Client\;C:\Program Files\Intel\iCLS Client\;C:\Program Files\Broadcom\Broadcom 802.11 Network Adapter;C:\WINDOWS\system32;C:\WINDOWS;C:\WINDOWS\System32\Wbem;C:\WINDOWS\System32\WindowsPowerShell\v1.0\;C:\Program Files\Lenovo\Bluetooth Software\;C:\Program Files\Lenovo\Bluetooth Software\syswow64;C:\Program Files\Intel\Intel(R) Management Engine Components\DAL;C:\Program Files\Intel\Intel(R) Management Engine Components\IPT;C:\Program Files (x86)\Intel\Intel(R) Management Engine Components\DAL;C:\Program Files (x86)\Intel\Intel(R) Management Engine Components\IPT;C:\ProgramData\Lenovo\ReadyApps;C:\Program Files (x86)\NVIDIA Corporation\PhysX\Common;C:\Program Files\Microsoft\Web Platform Installer\;C:\Program Files (x86)\Microsoft ASP.NET\ASP.NET Web Pages\v1.0\;C:\Program Files (x86)\Windows Kits\8.0\Windows Performance Toolkit\;C:\Program Files\Microsoft SQL Server\110\Tools\Binn\;C:\Program Files\MATLAB\R2014b\runtime\win64;C:\Program Files\MATLAB\R2014b\bin;C:\Program Files\MATLAB\R2014b\polyspace\bin;C:\Windows\system32;C:\Windows;C:\Windows\System32\Wbem;C:\Windows\System32\WindowsPowerShell\v1.0\;C:\Program Files (x86)\AOMEI Backupper;C:\Program Files\Java\jdk1.8.0_201\bin\;C:\Program Files\Java\apache-maven-3.6.0\bin;C:\Program Files\Java\apache-maven-3.6.0\bin;C:\Program Files\Git\cmd;C:\Users\123\AppData\Local\GitHubDesktop\bin; C:\Program Files\Java\apache-maven-3.6.0\bin;C:\Program Files (x86)\Jar2Exe Wizard\
USERNAME=123
OS=Windows_NT
PROCESSOR_IDENTIFIER=Intel64 Family 6 Model 60 Stepping 3, GenuineIntel



---------------  S Y S T E M  ---------------

OS: Windows 8.1 , 64 bit Build 9600 (6.3.9600.17415)

CPU:total 4 (initial active 4) (2 cores per cpu, 2 threads per core) family 6 model 60 stepping 3, cmov, cx8, fxsr, mmx, sse, sse2, sse3, ssse3, sse4.1, sse4.2, popcnt, avx, avx2, aes, clmul, erms, lzcnt, ht, tsc, tscinvbit, bmi1, bmi2, fma

Memory: 4k page, system-wide physical 7941M (801M free)
TotalPageFile size 14557M (AvailPageFile size 4283M)
current process WorkingSet (physical memory assigned to process): 107M, peak: 108M
current process commit charge ("private bytes"): 249M, peak: 250M

vm_info: Java HotSpot(TM) 64-Bit Server VM (12.0.1+12) for windows-amd64 JRE (12.0.1+12), built on Apr  2 2019 14:02:19 by "mach5one" with MS VC++ 15.5 (VS2017)

END.
